[2026-05-13T08:13:40.006+0000] {local_task_job_runner.py:120} INFO - ::group::Pre task execution logs
[2026-05-13T08:13:40.017+0000] {taskinstance.py:2073} INFO - Dependencies all met for dep_context=non-requeueable deps ti=<TaskInstance: youtube_pipeline.extract_videos scheduled__2026-05-12T00:00:00+00:00 [queued]>
[2026-05-13T08:13:40.019+0000] {taskinstance.py:2073} INFO - Dependencies all met for dep_context=requeueable deps ti=<TaskInstance: youtube_pipeline.extract_videos scheduled__2026-05-12T00:00:00+00:00 [queued]>
[2026-05-13T08:13:40.019+0000] {taskinstance.py:2303} INFO - Starting attempt 1 of 1
[2026-05-13T08:13:40.023+0000] {taskinstance.py:2327} INFO - Executing <Task(PythonOperator): extract_videos> on 2026-05-12 00:00:00+00:00
[2026-05-13T08:13:40.027+0000] {logging_mixin.py:188} WARNING - /home/airflow/.local/lib/python3.12/site-packages/airflow/task/task_runner/standard_task_runner.py:61 DeprecationWarning: This process (pid=169) is multi-threaded, use of fork() may lead to deadlocks in the child.
[2026-05-13T08:13:40.026+0000] {standard_task_runner.py:90} INFO - Running: ['airflow', 'tasks', 'run', 'youtube_pipeline', 'extract_videos', 'scheduled__2026-05-12T00:00:00+00:00', '--job-id', '26', '--raw', '--subdir', 'DAGS_FOLDER/youtube_pipeline.py', '--cfg-path', '/tmp/tmp6on1v370']
[2026-05-13T08:13:40.027+0000] {standard_task_runner.py:63} INFO - Started process 172 to run task
[2026-05-13T08:13:40.027+0000] {standard_task_runner.py:91} INFO - Job 26: Subtask extract_videos
[2026-05-13T08:13:40.047+0000] {task_command.py:426} INFO - Running <TaskInstance: youtube_pipeline.extract_videos scheduled__2026-05-12T00:00:00+00:00 [running]> on host 2fc6d184da0b
[2026-05-13T08:13:40.080+0000] {taskinstance.py:2644} INFO - Exporting env vars: AIRFLOW_CTX_DAG_OWNER='airflow' AIRFLOW_CTX_DAG_ID='youtube_pipeline' AIRFLOW_CTX_TASK_ID='extract_videos' AIRFLOW_CTX_EXECUTION_DATE='2026-05-12T00:00:00+00:00' AIRFLOW_CTX_TRY_NUMBER='1' AIRFLOW_CTX_DAG_RUN_ID='scheduled__2026-05-12T00:00:00+00:00'
[2026-05-13T08:13:40.081+0000] {taskinstance.py:430} INFO - ::endgroup::
[2026-05-13T08:13:40.091+0000] {logging_mixin.py:188} INFO - postgresql://***:***@postgres:5432/youtube_db
[2026-05-13T08:13:40.094+0000] {__init__.py:49} INFO - file_cache is only supported with oauth2client<4.0.0
[2026-05-13T08:13:40.711+0000] {logging_mixin.py:188} INFO - Fetched YouTube data!
[2026-05-13T08:13:40.718+0000] {logging_mixin.py:188} INFO - Raw JSON stored in PostgreSQL!
[2026-05-13T08:13:40.719+0000] {python.py:237} INFO - Done. Returned value was: None
[2026-05-13T08:13:40.719+0000] {taskinstance.py:441} INFO - ::group::Post task execution logs
[2026-05-13T08:13:40.728+0000] {taskinstance.py:1205} INFO - Marking task as SUCCESS. dag_id=youtube_pipeline, task_id=extract_videos, execution_date=20260512T000000, start_date=20260513T081340, end_date=20260513T081340
[2026-05-13T08:13:40.750+0000] {local_task_job_runner.py:240} INFO - Task exited with return code 0
[2026-05-13T08:13:40.761+0000] {taskinstance.py:3482} INFO - 1 downstream tasks scheduled from follow-on schedule check
[2026-05-13T08:13:40.761+0000] {local_task_job_runner.py:222} INFO - ::endgroup::
