[2026-05-12T19:08:43.324+0000] {local_task_job_runner.py:120} INFO - ::group::Pre task execution logs
[2026-05-12T19:08:43.334+0000] {taskinstance.py:2073} INFO - Dependencies all met for dep_context=non-requeueable deps ti=<TaskInstance: youtube_pipeline.extract_videos manual__2026-05-12T19:08:42.957404+00:00 [queued]>
[2026-05-12T19:08:43.337+0000] {taskinstance.py:2073} INFO - Dependencies all met for dep_context=requeueable deps ti=<TaskInstance: youtube_pipeline.extract_videos manual__2026-05-12T19:08:42.957404+00:00 [queued]>
[2026-05-12T19:08:43.337+0000] {taskinstance.py:2303} INFO - Starting attempt 1 of 1
[2026-05-12T19:08:43.340+0000] {taskinstance.py:2327} INFO - Executing <Task(PythonOperator): extract_videos> on 2026-05-12 19:08:42.957404+00:00
[2026-05-12T19:08:43.343+0000] {standard_task_runner.py:90} INFO - Running: ['airflow', 'tasks', 'run', 'youtube_pipeline', 'extract_videos', 'manual__2026-05-12T19:08:42.957404+00:00', '--job-id', '20', '--raw', '--subdir', 'DAGS_FOLDER/youtube_pipeline.py', '--cfg-path', '/tmp/tmpiq9neh6e']
[2026-05-12T19:08:43.343+0000] {logging_mixin.py:188} WARNING - /home/airflow/.local/lib/python3.12/site-packages/airflow/task/task_runner/standard_task_runner.py:61 DeprecationWarning: This process (pid=188) is multi-threaded, use of fork() may lead to deadlocks in the child.
[2026-05-12T19:08:43.344+0000] {standard_task_runner.py:91} INFO - Job 20: Subtask extract_videos
[2026-05-12T19:08:43.344+0000] {standard_task_runner.py:63} INFO - Started process 189 to run task
[2026-05-12T19:08:43.360+0000] {task_command.py:426} INFO - Running <TaskInstance: youtube_pipeline.extract_videos manual__2026-05-12T19:08:42.957404+00:00 [running]> on host 2b3e220492ec
[2026-05-12T19:08:43.386+0000] {taskinstance.py:2644} INFO - Exporting env vars: AIRFLOW_CTX_DAG_OWNER='airflow' AIRFLOW_CTX_DAG_ID='youtube_pipeline' AIRFLOW_CTX_TASK_ID='extract_videos' AIRFLOW_CTX_EXECUTION_DATE='2026-05-12T19:08:42.957404+00:00' AIRFLOW_CTX_TRY_NUMBER='1' AIRFLOW_CTX_DAG_RUN_ID='manual__2026-05-12T19:08:42.957404+00:00'
[2026-05-12T19:08:43.386+0000] {taskinstance.py:430} INFO - ::endgroup::
[2026-05-12T19:08:43.391+0000] {logging_mixin.py:188} INFO - postgresql://***:***@postgres:5432/youtube_db
[2026-05-12T19:08:43.392+0000] {__init__.py:49} INFO - file_cache is only supported with oauth2client<4.0.0
[2026-05-12T19:08:43.957+0000] {logging_mixin.py:188} INFO - Fetched YouTube data!
[2026-05-12T19:08:43.972+0000] {taskinstance.py:441} INFO - ::group::Post task execution logs
[2026-05-12T19:08:43.974+0000] {taskinstance.py:2890} ERROR - Task failed with exception
Traceback (most recent call last):
  File "/home/airflow/.local/lib/python3.12/site-packages/airflow/models/taskinstance.py", line 465, in _execute_task
    result = _execute_callable(context=context, **execute_callable_kwargs)
             ^^^^^^^^^^^^^^^^^^^^^^^^^^^^^^^^^^^^^^^^^^^^^^^^^^^^^^^^^^^^^
  File "/home/airflow/.local/lib/python3.12/site-packages/airflow/models/taskinstance.py", line 432, in _execute_callable
    return execute_callable(context=context, **execute_callable_kwargs)
           ^^^^^^^^^^^^^^^^^^^^^^^^^^^^^^^^^^^^^^^^^^^^^^^^^^^^^^^^^^^^
  File "/home/airflow/.local/lib/python3.12/site-packages/airflow/models/baseoperator.py", line 400, in wrapper
    return func(self, *args, **kwargs)
           ^^^^^^^^^^^^^^^^^^^^^^^^^^^
  File "/home/airflow/.local/lib/python3.12/site-packages/airflow/operators/python.py", line 235, in execute
    return_value = self.execute_callable()
                   ^^^^^^^^^^^^^^^^^^^^^^^
  File "/home/airflow/.local/lib/python3.12/site-packages/airflow/operators/python.py", line 252, in execute_callable
    return self.python_callable(*self.op_args, **self.op_kwargs)
           ^^^^^^^^^^^^^^^^^^^^^^^^^^^^^^^^^^^^^^^^^^^^^^^^^^^^^
  File "/opt/airflow/dags/youtube_pipeline.py", line 13, in extract
    run_extract()
  File "/opt/airflow/app/extract_videos.py", line 66, in run_extract
    conn.commit()
    ^^^^^^^^^^^
AttributeError: 'Connection' object has no attribute 'commit'
[2026-05-12T19:08:43.986+0000] {taskinstance.py:1205} INFO - Marking task as FAILED. dag_id=youtube_pipeline, task_id=extract_videos, execution_date=20260512T190842, start_date=20260512T190843, end_date=20260512T190843
[2026-05-12T19:08:43.993+0000] {standard_task_runner.py:110} ERROR - Failed to execute job 20 for task extract_videos ('Connection' object has no attribute 'commit'; 189)
[2026-05-12T19:08:44.013+0000] {local_task_job_runner.py:240} INFO - Task exited with return code 1
[2026-05-12T19:08:44.027+0000] {taskinstance.py:3482} INFO - 0 downstream tasks scheduled from follow-on schedule check
[2026-05-12T19:08:44.029+0000] {local_task_job_runner.py:222} INFO - ::endgroup::
