[2026-05-12T19:06:54.378+0000] {local_task_job_runner.py:120} INFO - ::group::Pre task execution logs
[2026-05-12T19:06:54.389+0000] {taskinstance.py:2073} INFO - Dependencies all met for dep_context=non-requeueable deps ti=<TaskInstance: youtube_pipeline.extract_videos manual__2026-05-12T19:06:53.458763+00:00 [queued]>
[2026-05-12T19:06:54.392+0000] {taskinstance.py:2073} INFO - Dependencies all met for dep_context=requeueable deps ti=<TaskInstance: youtube_pipeline.extract_videos manual__2026-05-12T19:06:53.458763+00:00 [queued]>
[2026-05-12T19:06:54.392+0000] {taskinstance.py:2303} INFO - Starting attempt 1 of 1
[2026-05-12T19:06:54.395+0000] {taskinstance.py:2327} INFO - Executing <Task(PythonOperator): extract_videos> on 2026-05-12 19:06:53.458763+00:00
[2026-05-12T19:06:54.398+0000] {standard_task_runner.py:90} INFO - Running: ['airflow', 'tasks', 'run', 'youtube_pipeline', 'extract_videos', 'manual__2026-05-12T19:06:53.458763+00:00', '--job-id', '19', '--raw', '--subdir', 'DAGS_FOLDER/youtube_pipeline.py', '--cfg-path', '/tmp/tmpoj90i_uh']
[2026-05-12T19:06:54.399+0000] {logging_mixin.py:188} WARNING - /home/airflow/.local/lib/python3.12/site-packages/airflow/task/task_runner/standard_task_runner.py:61 DeprecationWarning: This process (pid=171) is multi-threaded, use of fork() may lead to deadlocks in the child.
[2026-05-12T19:06:54.400+0000] {standard_task_runner.py:91} INFO - Job 19: Subtask extract_videos
[2026-05-12T19:06:54.400+0000] {standard_task_runner.py:63} INFO - Started process 172 to run task
[2026-05-12T19:06:54.417+0000] {task_command.py:426} INFO - Running <TaskInstance: youtube_pipeline.extract_videos manual__2026-05-12T19:06:53.458763+00:00 [running]> on host 2b3e220492ec
[2026-05-12T19:06:54.446+0000] {taskinstance.py:2644} INFO - Exporting env vars: AIRFLOW_CTX_DAG_OWNER='airflow' AIRFLOW_CTX_DAG_ID='youtube_pipeline' AIRFLOW_CTX_TASK_ID='extract_videos' AIRFLOW_CTX_EXECUTION_DATE='2026-05-12T19:06:53.458763+00:00' AIRFLOW_CTX_TRY_NUMBER='1' AIRFLOW_CTX_DAG_RUN_ID='manual__2026-05-12T19:06:53.458763+00:00'
[2026-05-12T19:06:54.446+0000] {taskinstance.py:430} INFO - ::endgroup::
[2026-05-12T19:06:54.456+0000] {logging_mixin.py:188} INFO - postgresql://***:***@postgres:5432/youtube_db
[2026-05-12T19:06:54.458+0000] {__init__.py:49} INFO - file_cache is only supported with oauth2client<4.0.0
[2026-05-12T19:06:54.964+0000] {logging_mixin.py:188} INFO - Fetched YouTube data!
[2026-05-12T19:06:54.965+0000] {taskinstance.py:441} INFO - ::group::Post task execution logs
[2026-05-12T19:06:54.966+0000] {taskinstance.py:2890} ERROR - Task failed with exception
Traceback (most recent call last):
  File "/home/airflow/.local/lib/python3.12/site-packages/airflow/models/taskinstance.py", line 465, in _execute_task
    result = _execute_callable(context=context, **execute_callable_kwargs)
             ^^^^^^^^^^^^^^^^^^^^^^^^^^^^^^^^^^^^^^^^^^^^^^^^^^^^^^^^^^^^^
  File "/home/airflow/.local/lib/python3.12/site-packages/airflow/models/taskinstance.py", line 432, in _execute_callable
    return execute_callable(context=context, **execute_callable_kwargs)
           ^^^^^^^^^^^^^^^^^^^^^^^^^^^^^^^^^^^^^^^^^^^^^^^^^^^^^^^^^^^^
  File "/home/airflow/.local/lib/python3.12/site-packages/airflow/models/baseoperator.py", line 400, in wrapper
    return func(self, *args, **kwargs)
           ^^^^^^^^^^^^^^^^^^^^^^^^^^^
  File "/home/airflow/.local/lib/python3.12/site-packages/airflow/operators/python.py", line 235, in execute
    return_value = self.execute_callable()
                   ^^^^^^^^^^^^^^^^^^^^^^^
  File "/home/airflow/.local/lib/python3.12/site-packages/airflow/operators/python.py", line 252, in execute_callable
    return self.python_callable(*self.op_args, **self.op_kwargs)
           ^^^^^^^^^^^^^^^^^^^^^^^^^^^^^^^^^^^^^^^^^^^^^^^^^^^^^
  File "/opt/airflow/dags/youtube_pipeline.py", line 13, in extract
    run_extract()
  File "/opt/airflow/app/extract_videos.py", line 56, in run_extract
    Ï
NameError: name 'Ï' is not defined
[2026-05-12T19:06:54.980+0000] {taskinstance.py:1205} INFO - Marking task as FAILED. dag_id=youtube_pipeline, task_id=extract_videos, execution_date=20260512T190653, start_date=20260512T190654, end_date=20260512T190654
[2026-05-12T19:06:54.988+0000] {standard_task_runner.py:110} ERROR - Failed to execute job 19 for task extract_videos (name 'Ï' is not defined; 172)
[2026-05-12T19:06:55.024+0000] {local_task_job_runner.py:240} INFO - Task exited with return code 1
[2026-05-12T19:06:55.039+0000] {taskinstance.py:3482} INFO - 0 downstream tasks scheduled from follow-on schedule check
[2026-05-12T19:06:55.042+0000] {local_task_job_runner.py:222} INFO - ::endgroup::
