[2026-05-12T18:56:39.414+0000] {local_task_job_runner.py:120} INFO - ::group::Pre task execution logs
[2026-05-12T18:56:39.429+0000] {taskinstance.py:2073} INFO - Dependencies all met for dep_context=non-requeueable deps ti=<TaskInstance: youtube_pipeline.extract_videos manual__2026-05-12T18:56:39.194428+00:00 [queued]>
[2026-05-12T18:56:39.433+0000] {taskinstance.py:2073} INFO - Dependencies all met for dep_context=requeueable deps ti=<TaskInstance: youtube_pipeline.extract_videos manual__2026-05-12T18:56:39.194428+00:00 [queued]>
[2026-05-12T18:56:39.433+0000] {taskinstance.py:2303} INFO - Starting attempt 1 of 1
[2026-05-12T18:56:39.438+0000] {taskinstance.py:2327} INFO - Executing <Task(PythonOperator): extract_videos> on 2026-05-12 18:56:39.194428+00:00
[2026-05-12T18:56:39.442+0000] {logging_mixin.py:188} WARNING - /home/airflow/.local/lib/python3.12/site-packages/airflow/task/task_runner/standard_task_runner.py:61 DeprecationWarning: This process (pid=171) is multi-threaded, use of fork() may lead to deadlocks in the child.
[2026-05-12T18:56:39.441+0000] {standard_task_runner.py:90} INFO - Running: ['airflow', 'tasks', 'run', 'youtube_pipeline', 'extract_videos', 'manual__2026-05-12T18:56:39.194428+00:00', '--job-id', '14', '--raw', '--subdir', 'DAGS_FOLDER/youtube_pipeline.py', '--cfg-path', '/tmp/tmphzlv6obw']
[2026-05-12T18:56:39.442+0000] {standard_task_runner.py:63} INFO - Started process 172 to run task
[2026-05-12T18:56:39.442+0000] {standard_task_runner.py:91} INFO - Job 14: Subtask extract_videos
[2026-05-12T18:56:39.466+0000] {task_command.py:426} INFO - Running <TaskInstance: youtube_pipeline.extract_videos manual__2026-05-12T18:56:39.194428+00:00 [running]> on host dcf4b2ae39e9
[2026-05-12T18:56:39.504+0000] {taskinstance.py:2644} INFO - Exporting env vars: AIRFLOW_CTX_DAG_OWNER='airflow' AIRFLOW_CTX_DAG_ID='youtube_pipeline' AIRFLOW_CTX_TASK_ID='extract_videos' AIRFLOW_CTX_EXECUTION_DATE='2026-05-12T18:56:39.194428+00:00' AIRFLOW_CTX_TRY_NUMBER='1' AIRFLOW_CTX_DAG_RUN_ID='manual__2026-05-12T18:56:39.194428+00:00'
[2026-05-12T18:56:39.505+0000] {taskinstance.py:430} INFO - ::endgroup::
[2026-05-12T18:56:39.517+0000] {logging_mixin.py:188} INFO - postgresql://None:None@None:None/None
[2026-05-12T18:56:39.517+0000] {taskinstance.py:441} INFO - ::group::Post task execution logs
[2026-05-12T18:56:39.517+0000] {taskinstance.py:2890} ERROR - Task failed with exception
Traceback (most recent call last):
  File "/home/airflow/.local/lib/python3.12/site-packages/airflow/models/taskinstance.py", line 465, in _execute_task
    result = _execute_callable(context=context, **execute_callable_kwargs)
             ^^^^^^^^^^^^^^^^^^^^^^^^^^^^^^^^^^^^^^^^^^^^^^^^^^^^^^^^^^^^^
  File "/home/airflow/.local/lib/python3.12/site-packages/airflow/models/taskinstance.py", line 432, in _execute_callable
    return execute_callable(context=context, **execute_callable_kwargs)
           ^^^^^^^^^^^^^^^^^^^^^^^^^^^^^^^^^^^^^^^^^^^^^^^^^^^^^^^^^^^^
  File "/home/airflow/.local/lib/python3.12/site-packages/airflow/models/baseoperator.py", line 400, in wrapper
    return func(self, *args, **kwargs)
           ^^^^^^^^^^^^^^^^^^^^^^^^^^^
  File "/home/airflow/.local/lib/python3.12/site-packages/airflow/operators/python.py", line 235, in execute
    return_value = self.execute_callable()
                   ^^^^^^^^^^^^^^^^^^^^^^^
  File "/home/airflow/.local/lib/python3.12/site-packages/airflow/operators/python.py", line 252, in execute_callable
    return self.python_callable(*self.op_args, **self.op_kwargs)
           ^^^^^^^^^^^^^^^^^^^^^^^^^^^^^^^^^^^^^^^^^^^^^^^^^^^^^
  File "/opt/airflow/dags/youtube_pipeline.py", line 13, in extract
    run_extract()
  File "/opt/airflow/app/extract_videos.py", line 32, in run_extract
    engine = create_engine(DATABASE_URL)
             ^^^^^^^^^^^^^^^^^^^^^^^^^^^
  File "<string>", line 2, in create_engine
  File "/home/airflow/.local/lib/python3.12/site-packages/sqlalchemy/util/deprecations.py", line 375, in warned
    return fn(*args, **kwargs)
           ^^^^^^^^^^^^^^^^^^^
  File "/home/airflow/.local/lib/python3.12/site-packages/sqlalchemy/engine/create.py", line 514, in create_engine
    u = _url.make_url(url)
        ^^^^^^^^^^^^^^^^^^
  File "/home/airflow/.local/lib/python3.12/site-packages/sqlalchemy/engine/url.py", line 738, in make_url
    return _parse_url(name_or_url)
           ^^^^^^^^^^^^^^^^^^^^^^^
  File "/home/airflow/.local/lib/python3.12/site-packages/sqlalchemy/engine/url.py", line 794, in _parse_url
    components["port"] = int(components["port"])
                         ^^^^^^^^^^^^^^^^^^^^^^^
ValueError: invalid literal for int() with base 10: 'None'
[2026-05-12T18:56:39.522+0000] {taskinstance.py:1205} INFO - Marking task as FAILED. dag_id=youtube_pipeline, task_id=extract_videos, execution_date=20260512T185639, start_date=20260512T185639, end_date=20260512T185639
[2026-05-12T18:56:39.526+0000] {standard_task_runner.py:110} ERROR - Failed to execute job 14 for task extract_videos (invalid literal for int() with base 10: 'None'; 172)
[2026-05-12T18:56:39.541+0000] {local_task_job_runner.py:240} INFO - Task exited with return code 1
[2026-05-12T18:56:39.549+0000] {taskinstance.py:3482} INFO - 0 downstream tasks scheduled from follow-on schedule check
[2026-05-12T18:56:39.550+0000] {local_task_job_runner.py:222} INFO - ::endgroup::
