[2026-05-12T18:56:27.221+0000] {processor.py:161} INFO - Started process (PID=166) to work on /opt/airflow/dags/youtube_pipeline.py
[2026-05-12T18:56:27.222+0000] {processor.py:830} INFO - Processing file /opt/airflow/dags/youtube_pipeline.py for tasks to queue
[2026-05-12T18:56:27.222+0000] {logging_mixin.py:188} INFO - [2026-05-12T18:56:27.222+0000] {dagbag.py:540} INFO - Filling up the DagBag from /opt/airflow/dags/youtube_pipeline.py
[2026-05-12T18:56:27.300+0000] {processor.py:840} INFO - DAG(s) 'youtube_pipeline' retrieved from /opt/airflow/dags/youtube_pipeline.py
[2026-05-12T18:56:27.309+0000] {logging_mixin.py:188} INFO - [2026-05-12T18:56:27.309+0000] {dag.py:3096} INFO - Sync 1 DAGs
[2026-05-12T18:56:27.317+0000] {logging_mixin.py:188} INFO - [2026-05-12T18:56:27.317+0000] {dag.py:3954} INFO - Setting next_dagrun for youtube_pipeline to 2026-05-12 00:00:00+00:00, run_after=2026-05-13 00:00:00+00:00
[2026-05-12T18:56:27.323+0000] {processor.py:183} INFO - Processing /opt/airflow/dags/youtube_pipeline.py took 0.103 seconds
[2026-05-12T18:56:57.477+0000] {processor.py:161} INFO - Started process (PID=173) to work on /opt/airflow/dags/youtube_pipeline.py
[2026-05-12T18:56:57.478+0000] {processor.py:830} INFO - Processing file /opt/airflow/dags/youtube_pipeline.py for tasks to queue
[2026-05-12T18:56:57.479+0000] {logging_mixin.py:188} INFO - [2026-05-12T18:56:57.479+0000] {dagbag.py:540} INFO - Filling up the DagBag from /opt/airflow/dags/youtube_pipeline.py
[2026-05-12T18:56:57.515+0000] {processor.py:840} INFO - DAG(s) 'youtube_pipeline' retrieved from /opt/airflow/dags/youtube_pipeline.py
[2026-05-12T18:56:57.671+0000] {logging_mixin.py:188} INFO - [2026-05-12T18:56:57.671+0000] {dag.py:3096} INFO - Sync 1 DAGs
[2026-05-12T18:56:57.677+0000] {logging_mixin.py:188} INFO - [2026-05-12T18:56:57.677+0000] {dag.py:3954} INFO - Setting next_dagrun for youtube_pipeline to 2026-05-12 00:00:00+00:00, run_after=2026-05-13 00:00:00+00:00
[2026-05-12T18:56:57.682+0000] {processor.py:183} INFO - Processing /opt/airflow/dags/youtube_pipeline.py took 0.210 seconds
[2026-05-12T18:57:27.820+0000] {processor.py:161} INFO - Started process (PID=178) to work on /opt/airflow/dags/youtube_pipeline.py
[2026-05-12T18:57:27.821+0000] {processor.py:830} INFO - Processing file /opt/airflow/dags/youtube_pipeline.py for tasks to queue
[2026-05-12T18:57:27.822+0000] {logging_mixin.py:188} INFO - [2026-05-12T18:57:27.822+0000] {dagbag.py:540} INFO - Filling up the DagBag from /opt/airflow/dags/youtube_pipeline.py
[2026-05-12T18:57:27.857+0000] {processor.py:840} INFO - DAG(s) 'youtube_pipeline' retrieved from /opt/airflow/dags/youtube_pipeline.py
[2026-05-12T18:57:27.868+0000] {logging_mixin.py:188} INFO - [2026-05-12T18:57:27.868+0000] {dag.py:3096} INFO - Sync 1 DAGs
[2026-05-12T18:57:27.877+0000] {logging_mixin.py:188} INFO - [2026-05-12T18:57:27.877+0000] {dag.py:3954} INFO - Setting next_dagrun for youtube_pipeline to 2026-05-12 00:00:00+00:00, run_after=2026-05-13 00:00:00+00:00
[2026-05-12T18:57:27.882+0000] {processor.py:183} INFO - Processing /opt/airflow/dags/youtube_pipeline.py took 0.068 seconds
[2026-05-12T18:57:58.100+0000] {processor.py:161} INFO - Started process (PID=183) to work on /opt/airflow/dags/youtube_pipeline.py
[2026-05-12T18:57:58.101+0000] {processor.py:830} INFO - Processing file /opt/airflow/dags/youtube_pipeline.py for tasks to queue
[2026-05-12T18:57:58.102+0000] {logging_mixin.py:188} INFO - [2026-05-12T18:57:58.102+0000] {dagbag.py:540} INFO - Filling up the DagBag from /opt/airflow/dags/youtube_pipeline.py
[2026-05-12T18:57:58.140+0000] {processor.py:840} INFO - DAG(s) 'youtube_pipeline' retrieved from /opt/airflow/dags/youtube_pipeline.py
[2026-05-12T18:57:58.153+0000] {logging_mixin.py:188} INFO - [2026-05-12T18:57:58.152+0000] {dag.py:3096} INFO - Sync 1 DAGs
[2026-05-12T18:57:58.161+0000] {logging_mixin.py:188} INFO - [2026-05-12T18:57:58.161+0000] {dag.py:3954} INFO - Setting next_dagrun for youtube_pipeline to 2026-05-12 00:00:00+00:00, run_after=2026-05-13 00:00:00+00:00
[2026-05-12T18:57:58.167+0000] {processor.py:183} INFO - Processing /opt/airflow/dags/youtube_pipeline.py took 0.073 seconds
[2026-05-12T19:01:04.556+0000] {processor.py:161} INFO - Started process (PID=165) to work on /opt/airflow/dags/youtube_pipeline.py
[2026-05-12T19:01:04.559+0000] {processor.py:830} INFO - Processing file /opt/airflow/dags/youtube_pipeline.py for tasks to queue
[2026-05-12T19:01:04.560+0000] {logging_mixin.py:188} INFO - [2026-05-12T19:01:04.559+0000] {dagbag.py:540} INFO - Filling up the DagBag from /opt/airflow/dags/youtube_pipeline.py
[2026-05-12T19:01:04.643+0000] {processor.py:840} INFO - DAG(s) 'youtube_pipeline' retrieved from /opt/airflow/dags/youtube_pipeline.py
[2026-05-12T19:01:04.653+0000] {logging_mixin.py:188} INFO - [2026-05-12T19:01:04.653+0000] {dag.py:3096} INFO - Sync 1 DAGs
[2026-05-12T19:01:04.661+0000] {logging_mixin.py:188} INFO - [2026-05-12T19:01:04.660+0000] {dag.py:3954} INFO - Setting next_dagrun for youtube_pipeline to 2026-05-12 00:00:00+00:00, run_after=2026-05-13 00:00:00+00:00
[2026-05-12T19:01:04.666+0000] {processor.py:183} INFO - Processing /opt/airflow/dags/youtube_pipeline.py took 0.112 seconds
[2026-05-12T19:01:34.779+0000] {processor.py:161} INFO - Started process (PID=173) to work on /opt/airflow/dags/youtube_pipeline.py
[2026-05-12T19:01:34.780+0000] {processor.py:830} INFO - Processing file /opt/airflow/dags/youtube_pipeline.py for tasks to queue
[2026-05-12T19:01:34.781+0000] {logging_mixin.py:188} INFO - [2026-05-12T19:01:34.781+0000] {dagbag.py:540} INFO - Filling up the DagBag from /opt/airflow/dags/youtube_pipeline.py
[2026-05-12T19:01:34.814+0000] {processor.py:840} INFO - DAG(s) 'youtube_pipeline' retrieved from /opt/airflow/dags/youtube_pipeline.py
[2026-05-12T19:01:34.897+0000] {logging_mixin.py:188} INFO - [2026-05-12T19:01:34.897+0000] {dag.py:3096} INFO - Sync 1 DAGs
[2026-05-12T19:01:34.903+0000] {logging_mixin.py:188} INFO - [2026-05-12T19:01:34.903+0000] {dag.py:3954} INFO - Setting next_dagrun for youtube_pipeline to 2026-05-12 00:00:00+00:00, run_after=2026-05-13 00:00:00+00:00
[2026-05-12T19:01:34.907+0000] {processor.py:183} INFO - Processing /opt/airflow/dags/youtube_pipeline.py took 0.132 seconds
[2026-05-12T19:02:05.181+0000] {processor.py:161} INFO - Started process (PID=178) to work on /opt/airflow/dags/youtube_pipeline.py
[2026-05-12T19:02:05.182+0000] {processor.py:830} INFO - Processing file /opt/airflow/dags/youtube_pipeline.py for tasks to queue
[2026-05-12T19:02:05.184+0000] {logging_mixin.py:188} INFO - [2026-05-12T19:02:05.183+0000] {dagbag.py:540} INFO - Filling up the DagBag from /opt/airflow/dags/youtube_pipeline.py
[2026-05-12T19:02:05.220+0000] {processor.py:840} INFO - DAG(s) 'youtube_pipeline' retrieved from /opt/airflow/dags/youtube_pipeline.py
[2026-05-12T19:02:05.231+0000] {logging_mixin.py:188} INFO - [2026-05-12T19:02:05.231+0000] {dag.py:3096} INFO - Sync 1 DAGs
[2026-05-12T19:02:05.239+0000] {logging_mixin.py:188} INFO - [2026-05-12T19:02:05.239+0000] {dag.py:3954} INFO - Setting next_dagrun for youtube_pipeline to 2026-05-12 00:00:00+00:00, run_after=2026-05-13 00:00:00+00:00
[2026-05-12T19:02:05.245+0000] {processor.py:183} INFO - Processing /opt/airflow/dags/youtube_pipeline.py took 0.069 seconds
[2026-05-12T19:02:35.469+0000] {processor.py:161} INFO - Started process (PID=183) to work on /opt/airflow/dags/youtube_pipeline.py
[2026-05-12T19:02:35.469+0000] {processor.py:830} INFO - Processing file /opt/airflow/dags/youtube_pipeline.py for tasks to queue
[2026-05-12T19:02:35.471+0000] {logging_mixin.py:188} INFO - [2026-05-12T19:02:35.471+0000] {dagbag.py:540} INFO - Filling up the DagBag from /opt/airflow/dags/youtube_pipeline.py
[2026-05-12T19:02:35.507+0000] {processor.py:840} INFO - DAG(s) 'youtube_pipeline' retrieved from /opt/airflow/dags/youtube_pipeline.py
[2026-05-12T19:02:35.518+0000] {logging_mixin.py:188} INFO - [2026-05-12T19:02:35.518+0000] {dag.py:3096} INFO - Sync 1 DAGs
[2026-05-12T19:02:35.525+0000] {logging_mixin.py:188} INFO - [2026-05-12T19:02:35.525+0000] {dag.py:3954} INFO - Setting next_dagrun for youtube_pipeline to 2026-05-12 00:00:00+00:00, run_after=2026-05-13 00:00:00+00:00
[2026-05-12T19:02:35.531+0000] {processor.py:183} INFO - Processing /opt/airflow/dags/youtube_pipeline.py took 0.068 seconds
[2026-05-12T19:03:31.620+0000] {processor.py:161} INFO - Started process (PID=165) to work on /opt/airflow/dags/youtube_pipeline.py
[2026-05-12T19:03:31.621+0000] {processor.py:830} INFO - Processing file /opt/airflow/dags/youtube_pipeline.py for tasks to queue
[2026-05-12T19:03:31.622+0000] {logging_mixin.py:188} INFO - [2026-05-12T19:03:31.622+0000] {dagbag.py:540} INFO - Filling up the DagBag from /opt/airflow/dags/youtube_pipeline.py
[2026-05-12T19:03:31.700+0000] {processor.py:840} INFO - DAG(s) 'youtube_pipeline' retrieved from /opt/airflow/dags/youtube_pipeline.py
[2026-05-12T19:03:31.710+0000] {logging_mixin.py:188} INFO - [2026-05-12T19:03:31.710+0000] {dag.py:3096} INFO - Sync 1 DAGs
[2026-05-12T19:03:31.717+0000] {logging_mixin.py:188} INFO - [2026-05-12T19:03:31.717+0000] {dag.py:3954} INFO - Setting next_dagrun for youtube_pipeline to 2026-05-12 00:00:00+00:00, run_after=2026-05-13 00:00:00+00:00
[2026-05-12T19:03:31.723+0000] {processor.py:183} INFO - Processing /opt/airflow/dags/youtube_pipeline.py took 0.105 seconds
[2026-05-12T19:04:01.821+0000] {processor.py:161} INFO - Started process (PID=171) to work on /opt/airflow/dags/youtube_pipeline.py
[2026-05-12T19:04:01.822+0000] {processor.py:830} INFO - Processing file /opt/airflow/dags/youtube_pipeline.py for tasks to queue
[2026-05-12T19:04:01.823+0000] {logging_mixin.py:188} INFO - [2026-05-12T19:04:01.823+0000] {dagbag.py:540} INFO - Filling up the DagBag from /opt/airflow/dags/youtube_pipeline.py
[2026-05-12T19:04:01.848+0000] {processor.py:840} INFO - DAG(s) 'youtube_pipeline' retrieved from /opt/airflow/dags/youtube_pipeline.py
[2026-05-12T19:04:01.938+0000] {logging_mixin.py:188} INFO - [2026-05-12T19:04:01.937+0000] {dag.py:3096} INFO - Sync 1 DAGs
[2026-05-12T19:04:01.945+0000] {logging_mixin.py:188} INFO - [2026-05-12T19:04:01.945+0000] {dag.py:3954} INFO - Setting next_dagrun for youtube_pipeline to 2026-05-12 00:00:00+00:00, run_after=2026-05-13 00:00:00+00:00
[2026-05-12T19:04:01.952+0000] {processor.py:183} INFO - Processing /opt/airflow/dags/youtube_pipeline.py took 0.135 seconds
[2026-05-12T19:04:32.203+0000] {processor.py:161} INFO - Started process (PID=176) to work on /opt/airflow/dags/youtube_pipeline.py
[2026-05-12T19:04:32.204+0000] {processor.py:830} INFO - Processing file /opt/airflow/dags/youtube_pipeline.py for tasks to queue
[2026-05-12T19:04:32.205+0000] {logging_mixin.py:188} INFO - [2026-05-12T19:04:32.205+0000] {dagbag.py:540} INFO - Filling up the DagBag from /opt/airflow/dags/youtube_pipeline.py
[2026-05-12T19:04:32.240+0000] {processor.py:840} INFO - DAG(s) 'youtube_pipeline' retrieved from /opt/airflow/dags/youtube_pipeline.py
[2026-05-12T19:04:32.251+0000] {logging_mixin.py:188} INFO - [2026-05-12T19:04:32.251+0000] {dag.py:3096} INFO - Sync 1 DAGs
[2026-05-12T19:04:32.258+0000] {logging_mixin.py:188} INFO - [2026-05-12T19:04:32.258+0000] {dag.py:3954} INFO - Setting next_dagrun for youtube_pipeline to 2026-05-12 00:00:00+00:00, run_after=2026-05-13 00:00:00+00:00
[2026-05-12T19:04:32.264+0000] {processor.py:183} INFO - Processing /opt/airflow/dags/youtube_pipeline.py took 0.065 seconds
[2026-05-12T19:05:02.520+0000] {processor.py:161} INFO - Started process (PID=181) to work on /opt/airflow/dags/youtube_pipeline.py
[2026-05-12T19:05:02.521+0000] {processor.py:830} INFO - Processing file /opt/airflow/dags/youtube_pipeline.py for tasks to queue
[2026-05-12T19:05:02.522+0000] {logging_mixin.py:188} INFO - [2026-05-12T19:05:02.522+0000] {dagbag.py:540} INFO - Filling up the DagBag from /opt/airflow/dags/youtube_pipeline.py
[2026-05-12T19:05:02.558+0000] {processor.py:840} INFO - DAG(s) 'youtube_pipeline' retrieved from /opt/airflow/dags/youtube_pipeline.py
[2026-05-12T19:05:02.568+0000] {logging_mixin.py:188} INFO - [2026-05-12T19:05:02.568+0000] {dag.py:3096} INFO - Sync 1 DAGs
[2026-05-12T19:05:02.576+0000] {logging_mixin.py:188} INFO - [2026-05-12T19:05:02.576+0000] {dag.py:3954} INFO - Setting next_dagrun for youtube_pipeline to 2026-05-12 00:00:00+00:00, run_after=2026-05-13 00:00:00+00:00
[2026-05-12T19:05:02.581+0000] {processor.py:183} INFO - Processing /opt/airflow/dags/youtube_pipeline.py took 0.066 seconds
[2026-05-12T19:05:32.804+0000] {processor.py:161} INFO - Started process (PID=186) to work on /opt/airflow/dags/youtube_pipeline.py
[2026-05-12T19:05:32.805+0000] {processor.py:830} INFO - Processing file /opt/airflow/dags/youtube_pipeline.py for tasks to queue
[2026-05-12T19:05:32.806+0000] {logging_mixin.py:188} INFO - [2026-05-12T19:05:32.806+0000] {dagbag.py:540} INFO - Filling up the DagBag from /opt/airflow/dags/youtube_pipeline.py
[2026-05-12T19:05:32.840+0000] {processor.py:840} INFO - DAG(s) 'youtube_pipeline' retrieved from /opt/airflow/dags/youtube_pipeline.py
[2026-05-12T19:05:32.853+0000] {logging_mixin.py:188} INFO - [2026-05-12T19:05:32.852+0000] {dag.py:3096} INFO - Sync 1 DAGs
[2026-05-12T19:05:32.860+0000] {logging_mixin.py:188} INFO - [2026-05-12T19:05:32.860+0000] {dag.py:3954} INFO - Setting next_dagrun for youtube_pipeline to 2026-05-12 00:00:00+00:00, run_after=2026-05-13 00:00:00+00:00
[2026-05-12T19:05:32.866+0000] {processor.py:183} INFO - Processing /opt/airflow/dags/youtube_pipeline.py took 0.066 seconds
[2026-05-12T19:06:03.076+0000] {processor.py:161} INFO - Started process (PID=191) to work on /opt/airflow/dags/youtube_pipeline.py
[2026-05-12T19:06:03.077+0000] {processor.py:830} INFO - Processing file /opt/airflow/dags/youtube_pipeline.py for tasks to queue
[2026-05-12T19:06:03.078+0000] {logging_mixin.py:188} INFO - [2026-05-12T19:06:03.078+0000] {dagbag.py:540} INFO - Filling up the DagBag from /opt/airflow/dags/youtube_pipeline.py
[2026-05-12T19:06:03.114+0000] {processor.py:840} INFO - DAG(s) 'youtube_pipeline' retrieved from /opt/airflow/dags/youtube_pipeline.py
[2026-05-12T19:06:03.124+0000] {logging_mixin.py:188} INFO - [2026-05-12T19:06:03.124+0000] {dag.py:3096} INFO - Sync 1 DAGs
[2026-05-12T19:06:03.131+0000] {logging_mixin.py:188} INFO - [2026-05-12T19:06:03.131+0000] {dag.py:3954} INFO - Setting next_dagrun for youtube_pipeline to 2026-05-12 00:00:00+00:00, run_after=2026-05-13 00:00:00+00:00
[2026-05-12T19:06:03.137+0000] {processor.py:183} INFO - Processing /opt/airflow/dags/youtube_pipeline.py took 0.067 seconds
[2026-05-12T19:06:33.375+0000] {processor.py:161} INFO - Started process (PID=196) to work on /opt/airflow/dags/youtube_pipeline.py
[2026-05-12T19:06:33.375+0000] {processor.py:830} INFO - Processing file /opt/airflow/dags/youtube_pipeline.py for tasks to queue
[2026-05-12T19:06:33.377+0000] {logging_mixin.py:188} INFO - [2026-05-12T19:06:33.377+0000] {dagbag.py:540} INFO - Filling up the DagBag from /opt/airflow/dags/youtube_pipeline.py
[2026-05-12T19:06:33.412+0000] {processor.py:840} INFO - DAG(s) 'youtube_pipeline' retrieved from /opt/airflow/dags/youtube_pipeline.py
[2026-05-12T19:06:33.422+0000] {logging_mixin.py:188} INFO - [2026-05-12T19:06:33.422+0000] {dag.py:3096} INFO - Sync 1 DAGs
[2026-05-12T19:06:33.429+0000] {logging_mixin.py:188} INFO - [2026-05-12T19:06:33.429+0000] {dag.py:3954} INFO - Setting next_dagrun for youtube_pipeline to 2026-05-12 00:00:00+00:00, run_after=2026-05-13 00:00:00+00:00
[2026-05-12T19:06:33.435+0000] {processor.py:183} INFO - Processing /opt/airflow/dags/youtube_pipeline.py took 0.065 seconds
[2026-05-12T19:06:44.316+0000] {processor.py:161} INFO - Started process (PID=166) to work on /opt/airflow/dags/youtube_pipeline.py
[2026-05-12T19:06:44.317+0000] {processor.py:830} INFO - Processing file /opt/airflow/dags/youtube_pipeline.py for tasks to queue
[2026-05-12T19:06:44.318+0000] {logging_mixin.py:188} INFO - [2026-05-12T19:06:44.317+0000] {dagbag.py:540} INFO - Filling up the DagBag from /opt/airflow/dags/youtube_pipeline.py
[2026-05-12T19:06:44.397+0000] {processor.py:840} INFO - DAG(s) 'youtube_pipeline' retrieved from /opt/airflow/dags/youtube_pipeline.py
[2026-05-12T19:06:44.407+0000] {logging_mixin.py:188} INFO - [2026-05-12T19:06:44.407+0000] {dag.py:3096} INFO - Sync 1 DAGs
[2026-05-12T19:06:44.414+0000] {logging_mixin.py:188} INFO - [2026-05-12T19:06:44.414+0000] {dag.py:3954} INFO - Setting next_dagrun for youtube_pipeline to 2026-05-12 00:00:00+00:00, run_after=2026-05-13 00:00:00+00:00
[2026-05-12T19:06:44.420+0000] {processor.py:183} INFO - Processing /opt/airflow/dags/youtube_pipeline.py took 0.106 seconds
[2026-05-12T19:07:14.562+0000] {processor.py:161} INFO - Started process (PID=173) to work on /opt/airflow/dags/youtube_pipeline.py
[2026-05-12T19:07:14.562+0000] {processor.py:830} INFO - Processing file /opt/airflow/dags/youtube_pipeline.py for tasks to queue
[2026-05-12T19:07:14.564+0000] {logging_mixin.py:188} INFO - [2026-05-12T19:07:14.564+0000] {dagbag.py:540} INFO - Filling up the DagBag from /opt/airflow/dags/youtube_pipeline.py
[2026-05-12T19:07:14.600+0000] {processor.py:840} INFO - DAG(s) 'youtube_pipeline' retrieved from /opt/airflow/dags/youtube_pipeline.py
[2026-05-12T19:07:14.685+0000] {logging_mixin.py:188} INFO - [2026-05-12T19:07:14.684+0000] {dag.py:3096} INFO - Sync 1 DAGs
[2026-05-12T19:07:14.691+0000] {logging_mixin.py:188} INFO - [2026-05-12T19:07:14.690+0000] {dag.py:3954} INFO - Setting next_dagrun for youtube_pipeline to 2026-05-12 00:00:00+00:00, run_after=2026-05-13 00:00:00+00:00
[2026-05-12T19:07:14.695+0000] {processor.py:183} INFO - Processing /opt/airflow/dags/youtube_pipeline.py took 0.139 seconds
[2026-05-12T19:07:44.922+0000] {processor.py:161} INFO - Started process (PID=178) to work on /opt/airflow/dags/youtube_pipeline.py
[2026-05-12T19:07:44.923+0000] {processor.py:830} INFO - Processing file /opt/airflow/dags/youtube_pipeline.py for tasks to queue
[2026-05-12T19:07:44.924+0000] {logging_mixin.py:188} INFO - [2026-05-12T19:07:44.924+0000] {dagbag.py:540} INFO - Filling up the DagBag from /opt/airflow/dags/youtube_pipeline.py
[2026-05-12T19:07:44.959+0000] {processor.py:840} INFO - DAG(s) 'youtube_pipeline' retrieved from /opt/airflow/dags/youtube_pipeline.py
[2026-05-12T19:07:44.969+0000] {logging_mixin.py:188} INFO - [2026-05-12T19:07:44.969+0000] {dag.py:3096} INFO - Sync 1 DAGs
[2026-05-12T19:07:44.977+0000] {logging_mixin.py:188} INFO - [2026-05-12T19:07:44.977+0000] {dag.py:3954} INFO - Setting next_dagrun for youtube_pipeline to 2026-05-12 00:00:00+00:00, run_after=2026-05-13 00:00:00+00:00
[2026-05-12T19:07:44.982+0000] {processor.py:183} INFO - Processing /opt/airflow/dags/youtube_pipeline.py took 0.066 seconds
[2026-05-12T19:08:15.216+0000] {processor.py:161} INFO - Started process (PID=183) to work on /opt/airflow/dags/youtube_pipeline.py
[2026-05-12T19:08:15.216+0000] {processor.py:830} INFO - Processing file /opt/airflow/dags/youtube_pipeline.py for tasks to queue
[2026-05-12T19:08:15.218+0000] {logging_mixin.py:188} INFO - [2026-05-12T19:08:15.217+0000] {dagbag.py:540} INFO - Filling up the DagBag from /opt/airflow/dags/youtube_pipeline.py
[2026-05-12T19:08:15.252+0000] {processor.py:840} INFO - DAG(s) 'youtube_pipeline' retrieved from /opt/airflow/dags/youtube_pipeline.py
[2026-05-12T19:08:15.263+0000] {logging_mixin.py:188} INFO - [2026-05-12T19:08:15.263+0000] {dag.py:3096} INFO - Sync 1 DAGs
[2026-05-12T19:08:15.270+0000] {logging_mixin.py:188} INFO - [2026-05-12T19:08:15.270+0000] {dag.py:3954} INFO - Setting next_dagrun for youtube_pipeline to 2026-05-12 00:00:00+00:00, run_after=2026-05-13 00:00:00+00:00
[2026-05-12T19:08:15.276+0000] {processor.py:183} INFO - Processing /opt/airflow/dags/youtube_pipeline.py took 0.065 seconds
[2026-05-12T19:08:45.508+0000] {processor.py:161} INFO - Started process (PID=190) to work on /opt/airflow/dags/youtube_pipeline.py
[2026-05-12T19:08:45.508+0000] {processor.py:830} INFO - Processing file /opt/airflow/dags/youtube_pipeline.py for tasks to queue
[2026-05-12T19:08:45.510+0000] {logging_mixin.py:188} INFO - [2026-05-12T19:08:45.509+0000] {dagbag.py:540} INFO - Filling up the DagBag from /opt/airflow/dags/youtube_pipeline.py
[2026-05-12T19:08:45.544+0000] {processor.py:840} INFO - DAG(s) 'youtube_pipeline' retrieved from /opt/airflow/dags/youtube_pipeline.py
[2026-05-12T19:08:45.555+0000] {logging_mixin.py:188} INFO - [2026-05-12T19:08:45.554+0000] {dag.py:3096} INFO - Sync 1 DAGs
[2026-05-12T19:08:45.562+0000] {logging_mixin.py:188} INFO - [2026-05-12T19:08:45.562+0000] {dag.py:3954} INFO - Setting next_dagrun for youtube_pipeline to 2026-05-12 00:00:00+00:00, run_after=2026-05-13 00:00:00+00:00
[2026-05-12T19:08:45.567+0000] {processor.py:183} INFO - Processing /opt/airflow/dags/youtube_pipeline.py took 0.064 seconds
[2026-05-12T19:09:15.800+0000] {processor.py:161} INFO - Started process (PID=195) to work on /opt/airflow/dags/youtube_pipeline.py
[2026-05-12T19:09:15.801+0000] {processor.py:830} INFO - Processing file /opt/airflow/dags/youtube_pipeline.py for tasks to queue
[2026-05-12T19:09:15.802+0000] {logging_mixin.py:188} INFO - [2026-05-12T19:09:15.802+0000] {dagbag.py:540} INFO - Filling up the DagBag from /opt/airflow/dags/youtube_pipeline.py
[2026-05-12T19:09:15.837+0000] {processor.py:840} INFO - DAG(s) 'youtube_pipeline' retrieved from /opt/airflow/dags/youtube_pipeline.py
[2026-05-12T19:09:15.847+0000] {logging_mixin.py:188} INFO - [2026-05-12T19:09:15.847+0000] {dag.py:3096} INFO - Sync 1 DAGs
[2026-05-12T19:09:15.855+0000] {logging_mixin.py:188} INFO - [2026-05-12T19:09:15.855+0000] {dag.py:3954} INFO - Setting next_dagrun for youtube_pipeline to 2026-05-12 00:00:00+00:00, run_after=2026-05-13 00:00:00+00:00
[2026-05-12T19:09:15.860+0000] {processor.py:183} INFO - Processing /opt/airflow/dags/youtube_pipeline.py took 0.066 seconds
[2026-05-12T19:09:46.073+0000] {processor.py:161} INFO - Started process (PID=200) to work on /opt/airflow/dags/youtube_pipeline.py
[2026-05-12T19:09:46.074+0000] {processor.py:830} INFO - Processing file /opt/airflow/dags/youtube_pipeline.py for tasks to queue
[2026-05-12T19:09:46.075+0000] {logging_mixin.py:188} INFO - [2026-05-12T19:09:46.075+0000] {dagbag.py:540} INFO - Filling up the DagBag from /opt/airflow/dags/youtube_pipeline.py
[2026-05-12T19:09:46.111+0000] {processor.py:840} INFO - DAG(s) 'youtube_pipeline' retrieved from /opt/airflow/dags/youtube_pipeline.py
[2026-05-12T19:09:46.123+0000] {logging_mixin.py:188} INFO - [2026-05-12T19:09:46.122+0000] {dag.py:3096} INFO - Sync 1 DAGs
[2026-05-12T19:09:46.133+0000] {logging_mixin.py:188} INFO - [2026-05-12T19:09:46.133+0000] {dag.py:3954} INFO - Setting next_dagrun for youtube_pipeline to 2026-05-12 00:00:00+00:00, run_after=2026-05-13 00:00:00+00:00
[2026-05-12T19:09:46.146+0000] {processor.py:183} INFO - Processing /opt/airflow/dags/youtube_pipeline.py took 0.078 seconds
[2026-05-12T19:10:16.413+0000] {processor.py:161} INFO - Started process (PID=209) to work on /opt/airflow/dags/youtube_pipeline.py
[2026-05-12T19:10:16.413+0000] {processor.py:830} INFO - Processing file /opt/airflow/dags/youtube_pipeline.py for tasks to queue
[2026-05-12T19:10:16.415+0000] {logging_mixin.py:188} INFO - [2026-05-12T19:10:16.414+0000] {dagbag.py:540} INFO - Filling up the DagBag from /opt/airflow/dags/youtube_pipeline.py
[2026-05-12T19:10:16.449+0000] {processor.py:840} INFO - DAG(s) 'youtube_pipeline' retrieved from /opt/airflow/dags/youtube_pipeline.py
[2026-05-12T19:10:16.459+0000] {logging_mixin.py:188} INFO - [2026-05-12T19:10:16.459+0000] {dag.py:3096} INFO - Sync 1 DAGs
[2026-05-12T19:10:16.467+0000] {logging_mixin.py:188} INFO - [2026-05-12T19:10:16.467+0000] {dag.py:3954} INFO - Setting next_dagrun for youtube_pipeline to 2026-05-12 00:00:00+00:00, run_after=2026-05-13 00:00:00+00:00
[2026-05-12T19:10:16.473+0000] {processor.py:183} INFO - Processing /opt/airflow/dags/youtube_pipeline.py took 0.065 seconds
[2026-05-12T19:10:46.710+0000] {processor.py:161} INFO - Started process (PID=214) to work on /opt/airflow/dags/youtube_pipeline.py
[2026-05-12T19:10:46.711+0000] {processor.py:830} INFO - Processing file /opt/airflow/dags/youtube_pipeline.py for tasks to queue
[2026-05-12T19:10:46.713+0000] {logging_mixin.py:188} INFO - [2026-05-12T19:10:46.712+0000] {dagbag.py:540} INFO - Filling up the DagBag from /opt/airflow/dags/youtube_pipeline.py
[2026-05-12T19:10:46.747+0000] {processor.py:840} INFO - DAG(s) 'youtube_pipeline' retrieved from /opt/airflow/dags/youtube_pipeline.py
[2026-05-12T19:10:46.758+0000] {logging_mixin.py:188} INFO - [2026-05-12T19:10:46.758+0000] {dag.py:3096} INFO - Sync 1 DAGs
[2026-05-12T19:10:46.767+0000] {logging_mixin.py:188} INFO - [2026-05-12T19:10:46.766+0000] {dag.py:3954} INFO - Setting next_dagrun for youtube_pipeline to 2026-05-12 00:00:00+00:00, run_after=2026-05-13 00:00:00+00:00
[2026-05-12T19:10:46.772+0000] {processor.py:183} INFO - Processing /opt/airflow/dags/youtube_pipeline.py took 0.067 seconds
[2026-05-12T19:11:17.000+0000] {processor.py:161} INFO - Started process (PID=219) to work on /opt/airflow/dags/youtube_pipeline.py
[2026-05-12T19:11:17.001+0000] {processor.py:830} INFO - Processing file /opt/airflow/dags/youtube_pipeline.py for tasks to queue
[2026-05-12T19:11:17.002+0000] {logging_mixin.py:188} INFO - [2026-05-12T19:11:17.002+0000] {dagbag.py:540} INFO - Filling up the DagBag from /opt/airflow/dags/youtube_pipeline.py
[2026-05-12T19:11:17.040+0000] {processor.py:840} INFO - DAG(s) 'youtube_pipeline' retrieved from /opt/airflow/dags/youtube_pipeline.py
[2026-05-12T19:11:17.052+0000] {logging_mixin.py:188} INFO - [2026-05-12T19:11:17.051+0000] {dag.py:3096} INFO - Sync 1 DAGs
[2026-05-12T19:11:17.059+0000] {logging_mixin.py:188} INFO - [2026-05-12T19:11:17.059+0000] {dag.py:3954} INFO - Setting next_dagrun for youtube_pipeline to 2026-05-12 00:00:00+00:00, run_after=2026-05-13 00:00:00+00:00
[2026-05-12T19:11:17.064+0000] {processor.py:183} INFO - Processing /opt/airflow/dags/youtube_pipeline.py took 0.070 seconds
[2026-05-12T19:11:47.287+0000] {processor.py:161} INFO - Started process (PID=228) to work on /opt/airflow/dags/youtube_pipeline.py
[2026-05-12T19:11:47.288+0000] {processor.py:830} INFO - Processing file /opt/airflow/dags/youtube_pipeline.py for tasks to queue
[2026-05-12T19:11:47.289+0000] {logging_mixin.py:188} INFO - [2026-05-12T19:11:47.289+0000] {dagbag.py:540} INFO - Filling up the DagBag from /opt/airflow/dags/youtube_pipeline.py
[2026-05-12T19:11:47.324+0000] {processor.py:840} INFO - DAG(s) 'youtube_pipeline' retrieved from /opt/airflow/dags/youtube_pipeline.py
[2026-05-12T19:11:47.334+0000] {logging_mixin.py:188} INFO - [2026-05-12T19:11:47.334+0000] {dag.py:3096} INFO - Sync 1 DAGs
[2026-05-12T19:11:47.341+0000] {logging_mixin.py:188} INFO - [2026-05-12T19:11:47.341+0000] {dag.py:3954} INFO - Setting next_dagrun for youtube_pipeline to 2026-05-12 00:00:00+00:00, run_after=2026-05-13 00:00:00+00:00
[2026-05-12T19:11:47.346+0000] {processor.py:183} INFO - Processing /opt/airflow/dags/youtube_pipeline.py took 0.064 seconds
