[2026-05-13T19:43:14.865+0000] {local_task_job_runner.py:120} INFO - ::group::Pre task execution logs
[2026-05-13T19:43:14.876+0000] {taskinstance.py:2073} INFO - Dependencies all met for dep_context=non-requeueable deps ti=<TaskInstance: youtube_pipeline.extract_videos manual__2026-05-13T19:43:14.067602+00:00 [queued]>
[2026-05-13T19:43:14.878+0000] {taskinstance.py:2073} INFO - Dependencies all met for dep_context=requeueable deps ti=<TaskInstance: youtube_pipeline.extract_videos manual__2026-05-13T19:43:14.067602+00:00 [queued]>
[2026-05-13T19:43:14.878+0000] {taskinstance.py:2303} INFO - Starting attempt 1 of 1
[2026-05-13T19:43:14.881+0000] {taskinstance.py:2327} INFO - Executing <Task(PythonOperator): extract_videos> on 2026-05-13 19:43:14.067602+00:00
[2026-05-13T19:43:14.884+0000] {standard_task_runner.py:90} INFO - Running: ['airflow', 'tasks', 'run', 'youtube_pipeline', 'extract_videos', 'manual__2026-05-13T19:43:14.067602+00:00', '--job-id', '29', '--raw', '--subdir', 'DAGS_FOLDER/youtube_pipeline.py', '--cfg-path', '/tmp/tmpelrmkbt1']
[2026-05-13T19:43:14.885+0000] {logging_mixin.py:188} WARNING - /home/airflow/.local/lib/python3.12/site-packages/airflow/task/task_runner/standard_task_runner.py:61 DeprecationWarning: This process (pid=341) is multi-threaded, use of fork() may lead to deadlocks in the child.
[2026-05-13T19:43:14.885+0000] {standard_task_runner.py:91} INFO - Job 29: Subtask extract_videos
[2026-05-13T19:43:14.885+0000] {standard_task_runner.py:63} INFO - Started process 342 to run task
[2026-05-13T19:43:14.902+0000] {task_command.py:426} INFO - Running <TaskInstance: youtube_pipeline.extract_videos manual__2026-05-13T19:43:14.067602+00:00 [running]> on host ee1b244f7678
[2026-05-13T19:43:14.935+0000] {taskinstance.py:2644} INFO - Exporting env vars: AIRFLOW_CTX_DAG_OWNER='airflow' AIRFLOW_CTX_DAG_ID='youtube_pipeline' AIRFLOW_CTX_TASK_ID='extract_videos' AIRFLOW_CTX_EXECUTION_DATE='2026-05-13T19:43:14.067602+00:00' AIRFLOW_CTX_TRY_NUMBER='1' AIRFLOW_CTX_DAG_RUN_ID='manual__2026-05-13T19:43:14.067602+00:00'
[2026-05-13T19:43:14.935+0000] {taskinstance.py:430} INFO - ::endgroup::
[2026-05-13T19:43:14.948+0000] {logging_mixin.py:188} INFO - postgresql://***:***@postgres:5432/youtube_db
[2026-05-13T19:43:14.951+0000] {__init__.py:49} INFO - file_cache is only supported with oauth2client<4.0.0
[2026-05-13T19:43:15.506+0000] {logging_mixin.py:188} INFO - Fetched YouTube data!
[2026-05-13T19:43:15.522+0000] {logging_mixin.py:188} INFO - Raw JSON stored in PostgreSQL!
[2026-05-13T19:43:15.523+0000] {python.py:237} INFO - Done. Returned value was: None
[2026-05-13T19:43:15.523+0000] {taskinstance.py:441} INFO - ::group::Post task execution logs
[2026-05-13T19:43:15.536+0000] {taskinstance.py:1205} INFO - Marking task as SUCCESS. dag_id=youtube_pipeline, task_id=extract_videos, execution_date=20260513T194314, start_date=20260513T194314, end_date=20260513T194315
[2026-05-13T19:43:15.550+0000] {local_task_job_runner.py:240} INFO - Task exited with return code 0
[2026-05-13T19:43:15.565+0000] {taskinstance.py:3482} INFO - 1 downstream tasks scheduled from follow-on schedule check
[2026-05-13T19:43:15.566+0000] {local_task_job_runner.py:222} INFO - ::endgroup::
