[2026-05-13T08:13:39.859+0000] {processor.py:161} INFO - Started process (PID=165) to work on /opt/airflow/dags/youtube_pipeline.py
[2026-05-13T08:13:39.860+0000] {processor.py:830} INFO - Processing file /opt/airflow/dags/youtube_pipeline.py for tasks to queue
[2026-05-13T08:13:39.862+0000] {logging_mixin.py:188} INFO - [2026-05-13T08:13:39.862+0000] {dagbag.py:540} INFO - Filling up the DagBag from /opt/airflow/dags/youtube_pipeline.py
[2026-05-13T08:13:39.958+0000] {processor.py:840} INFO - DAG(s) 'youtube_pipeline' retrieved from /opt/airflow/dags/youtube_pipeline.py
[2026-05-13T08:13:39.970+0000] {logging_mixin.py:188} INFO - [2026-05-13T08:13:39.970+0000] {dag.py:3096} INFO - Sync 1 DAGs
[2026-05-13T08:13:39.980+0000] {logging_mixin.py:188} INFO - [2026-05-13T08:13:39.980+0000] {dag.py:3954} INFO - Setting next_dagrun for youtube_pipeline to 2026-05-13 00:00:00+00:00, run_after=2026-05-14 00:00:00+00:00
[2026-05-13T08:13:39.989+0000] {processor.py:183} INFO - Processing /opt/airflow/dags/youtube_pipeline.py took 0.136 seconds
[2026-05-13T08:14:10.141+0000] {processor.py:161} INFO - Started process (PID=175) to work on /opt/airflow/dags/youtube_pipeline.py
[2026-05-13T08:14:10.142+0000] {processor.py:830} INFO - Processing file /opt/airflow/dags/youtube_pipeline.py for tasks to queue
[2026-05-13T08:14:10.143+0000] {logging_mixin.py:188} INFO - [2026-05-13T08:14:10.143+0000] {dagbag.py:540} INFO - Filling up the DagBag from /opt/airflow/dags/youtube_pipeline.py
[2026-05-13T08:14:10.179+0000] {processor.py:840} INFO - DAG(s) 'youtube_pipeline' retrieved from /opt/airflow/dags/youtube_pipeline.py
[2026-05-13T08:14:10.263+0000] {logging_mixin.py:188} INFO - [2026-05-13T08:14:10.262+0000] {dag.py:3096} INFO - Sync 1 DAGs
[2026-05-13T08:14:10.269+0000] {logging_mixin.py:188} INFO - [2026-05-13T08:14:10.269+0000] {dag.py:3954} INFO - Setting next_dagrun for youtube_pipeline to 2026-05-13 00:00:00+00:00, run_after=2026-05-14 00:00:00+00:00
[2026-05-13T08:14:10.274+0000] {processor.py:183} INFO - Processing /opt/airflow/dags/youtube_pipeline.py took 0.138 seconds
[2026-05-13T08:14:40.482+0000] {processor.py:161} INFO - Started process (PID=180) to work on /opt/airflow/dags/youtube_pipeline.py
[2026-05-13T08:14:40.483+0000] {processor.py:830} INFO - Processing file /opt/airflow/dags/youtube_pipeline.py for tasks to queue
[2026-05-13T08:14:40.485+0000] {logging_mixin.py:188} INFO - [2026-05-13T08:14:40.485+0000] {dagbag.py:540} INFO - Filling up the DagBag from /opt/airflow/dags/youtube_pipeline.py
[2026-05-13T08:14:40.528+0000] {processor.py:840} INFO - DAG(s) 'youtube_pipeline' retrieved from /opt/airflow/dags/youtube_pipeline.py
[2026-05-13T08:14:40.545+0000] {logging_mixin.py:188} INFO - [2026-05-13T08:14:40.545+0000] {dag.py:3096} INFO - Sync 1 DAGs
[2026-05-13T08:14:40.554+0000] {logging_mixin.py:188} INFO - [2026-05-13T08:14:40.554+0000] {dag.py:3954} INFO - Setting next_dagrun for youtube_pipeline to 2026-05-13 00:00:00+00:00, run_after=2026-05-14 00:00:00+00:00
[2026-05-13T08:14:40.560+0000] {processor.py:183} INFO - Processing /opt/airflow/dags/youtube_pipeline.py took 0.085 seconds
[2026-05-13T08:15:10.765+0000] {processor.py:161} INFO - Started process (PID=185) to work on /opt/airflow/dags/youtube_pipeline.py
[2026-05-13T08:15:10.765+0000] {processor.py:830} INFO - Processing file /opt/airflow/dags/youtube_pipeline.py for tasks to queue
[2026-05-13T08:15:10.767+0000] {logging_mixin.py:188} INFO - [2026-05-13T08:15:10.767+0000] {dagbag.py:540} INFO - Filling up the DagBag from /opt/airflow/dags/youtube_pipeline.py
[2026-05-13T08:15:10.800+0000] {processor.py:840} INFO - DAG(s) 'youtube_pipeline' retrieved from /opt/airflow/dags/youtube_pipeline.py
[2026-05-13T08:15:10.813+0000] {logging_mixin.py:188} INFO - [2026-05-13T08:15:10.812+0000] {dag.py:3096} INFO - Sync 1 DAGs
[2026-05-13T08:15:10.821+0000] {logging_mixin.py:188} INFO - [2026-05-13T08:15:10.820+0000] {dag.py:3954} INFO - Setting next_dagrun for youtube_pipeline to 2026-05-13 00:00:00+00:00, run_after=2026-05-14 00:00:00+00:00
[2026-05-13T08:15:10.827+0000] {processor.py:183} INFO - Processing /opt/airflow/dags/youtube_pipeline.py took 0.068 seconds
[2026-05-13T08:15:41.127+0000] {processor.py:161} INFO - Started process (PID=190) to work on /opt/airflow/dags/youtube_pipeline.py
[2026-05-13T08:15:41.127+0000] {processor.py:830} INFO - Processing file /opt/airflow/dags/youtube_pipeline.py for tasks to queue
[2026-05-13T08:15:41.129+0000] {logging_mixin.py:188} INFO - [2026-05-13T08:15:41.129+0000] {dagbag.py:540} INFO - Filling up the DagBag from /opt/airflow/dags/youtube_pipeline.py
[2026-05-13T08:15:41.165+0000] {processor.py:840} INFO - DAG(s) 'youtube_pipeline' retrieved from /opt/airflow/dags/youtube_pipeline.py
[2026-05-13T08:15:41.177+0000] {logging_mixin.py:188} INFO - [2026-05-13T08:15:41.176+0000] {dag.py:3096} INFO - Sync 1 DAGs
[2026-05-13T08:15:41.184+0000] {logging_mixin.py:188} INFO - [2026-05-13T08:15:41.184+0000] {dag.py:3954} INFO - Setting next_dagrun for youtube_pipeline to 2026-05-13 00:00:00+00:00, run_after=2026-05-14 00:00:00+00:00
[2026-05-13T08:15:41.189+0000] {processor.py:183} INFO - Processing /opt/airflow/dags/youtube_pipeline.py took 0.068 seconds
[2026-05-13T08:16:11.407+0000] {processor.py:161} INFO - Started process (PID=195) to work on /opt/airflow/dags/youtube_pipeline.py
[2026-05-13T08:16:11.408+0000] {processor.py:830} INFO - Processing file /opt/airflow/dags/youtube_pipeline.py for tasks to queue
[2026-05-13T08:16:11.409+0000] {logging_mixin.py:188} INFO - [2026-05-13T08:16:11.409+0000] {dagbag.py:540} INFO - Filling up the DagBag from /opt/airflow/dags/youtube_pipeline.py
[2026-05-13T08:16:11.444+0000] {processor.py:840} INFO - DAG(s) 'youtube_pipeline' retrieved from /opt/airflow/dags/youtube_pipeline.py
[2026-05-13T08:16:11.456+0000] {logging_mixin.py:188} INFO - [2026-05-13T08:16:11.456+0000] {dag.py:3096} INFO - Sync 1 DAGs
[2026-05-13T08:16:11.465+0000] {logging_mixin.py:188} INFO - [2026-05-13T08:16:11.465+0000] {dag.py:3954} INFO - Setting next_dagrun for youtube_pipeline to 2026-05-13 00:00:00+00:00, run_after=2026-05-14 00:00:00+00:00
[2026-05-13T08:16:11.471+0000] {processor.py:183} INFO - Processing /opt/airflow/dags/youtube_pipeline.py took 0.071 seconds
[2026-05-13T08:16:41.713+0000] {processor.py:161} INFO - Started process (PID=200) to work on /opt/airflow/dags/youtube_pipeline.py
[2026-05-13T08:16:41.714+0000] {processor.py:830} INFO - Processing file /opt/airflow/dags/youtube_pipeline.py for tasks to queue
[2026-05-13T08:16:41.716+0000] {logging_mixin.py:188} INFO - [2026-05-13T08:16:41.715+0000] {dagbag.py:540} INFO - Filling up the DagBag from /opt/airflow/dags/youtube_pipeline.py
[2026-05-13T08:16:41.757+0000] {processor.py:840} INFO - DAG(s) 'youtube_pipeline' retrieved from /opt/airflow/dags/youtube_pipeline.py
[2026-05-13T08:16:41.768+0000] {logging_mixin.py:188} INFO - [2026-05-13T08:16:41.768+0000] {dag.py:3096} INFO - Sync 1 DAGs
[2026-05-13T08:16:41.776+0000] {logging_mixin.py:188} INFO - [2026-05-13T08:16:41.776+0000] {dag.py:3954} INFO - Setting next_dagrun for youtube_pipeline to 2026-05-13 00:00:00+00:00, run_after=2026-05-14 00:00:00+00:00
[2026-05-13T08:16:41.782+0000] {processor.py:183} INFO - Processing /opt/airflow/dags/youtube_pipeline.py took 0.076 seconds
[2026-05-13T08:17:12.037+0000] {processor.py:161} INFO - Started process (PID=205) to work on /opt/airflow/dags/youtube_pipeline.py
[2026-05-13T08:17:12.038+0000] {processor.py:830} INFO - Processing file /opt/airflow/dags/youtube_pipeline.py for tasks to queue
[2026-05-13T08:17:12.040+0000] {logging_mixin.py:188} INFO - [2026-05-13T08:17:12.040+0000] {dagbag.py:540} INFO - Filling up the DagBag from /opt/airflow/dags/youtube_pipeline.py
[2026-05-13T08:17:12.086+0000] {processor.py:840} INFO - DAG(s) 'youtube_pipeline' retrieved from /opt/airflow/dags/youtube_pipeline.py
[2026-05-13T08:17:12.098+0000] {logging_mixin.py:188} INFO - [2026-05-13T08:17:12.098+0000] {dag.py:3096} INFO - Sync 1 DAGs
[2026-05-13T08:17:12.106+0000] {logging_mixin.py:188} INFO - [2026-05-13T08:17:12.106+0000] {dag.py:3954} INFO - Setting next_dagrun for youtube_pipeline to 2026-05-13 00:00:00+00:00, run_after=2026-05-14 00:00:00+00:00
[2026-05-13T08:17:12.112+0000] {processor.py:183} INFO - Processing /opt/airflow/dags/youtube_pipeline.py took 0.082 seconds
[2026-05-13T08:17:42.347+0000] {processor.py:161} INFO - Started process (PID=210) to work on /opt/airflow/dags/youtube_pipeline.py
[2026-05-13T08:17:42.348+0000] {processor.py:830} INFO - Processing file /opt/airflow/dags/youtube_pipeline.py for tasks to queue
[2026-05-13T08:17:42.349+0000] {logging_mixin.py:188} INFO - [2026-05-13T08:17:42.349+0000] {dagbag.py:540} INFO - Filling up the DagBag from /opt/airflow/dags/youtube_pipeline.py
[2026-05-13T08:17:42.384+0000] {processor.py:840} INFO - DAG(s) 'youtube_pipeline' retrieved from /opt/airflow/dags/youtube_pipeline.py
[2026-05-13T08:17:42.394+0000] {logging_mixin.py:188} INFO - [2026-05-13T08:17:42.394+0000] {dag.py:3096} INFO - Sync 1 DAGs
[2026-05-13T08:17:42.402+0000] {logging_mixin.py:188} INFO - [2026-05-13T08:17:42.402+0000] {dag.py:3954} INFO - Setting next_dagrun for youtube_pipeline to 2026-05-13 00:00:00+00:00, run_after=2026-05-14 00:00:00+00:00
[2026-05-13T08:17:42.408+0000] {processor.py:183} INFO - Processing /opt/airflow/dags/youtube_pipeline.py took 0.065 seconds
[2026-05-13T08:18:12.625+0000] {processor.py:161} INFO - Started process (PID=215) to work on /opt/airflow/dags/youtube_pipeline.py
[2026-05-13T08:18:12.626+0000] {processor.py:830} INFO - Processing file /opt/airflow/dags/youtube_pipeline.py for tasks to queue
[2026-05-13T08:18:12.627+0000] {logging_mixin.py:188} INFO - [2026-05-13T08:18:12.627+0000] {dagbag.py:540} INFO - Filling up the DagBag from /opt/airflow/dags/youtube_pipeline.py
[2026-05-13T08:18:12.663+0000] {processor.py:840} INFO - DAG(s) 'youtube_pipeline' retrieved from /opt/airflow/dags/youtube_pipeline.py
[2026-05-13T08:18:12.675+0000] {logging_mixin.py:188} INFO - [2026-05-13T08:18:12.674+0000] {dag.py:3096} INFO - Sync 1 DAGs
[2026-05-13T08:18:12.682+0000] {logging_mixin.py:188} INFO - [2026-05-13T08:18:12.682+0000] {dag.py:3954} INFO - Setting next_dagrun for youtube_pipeline to 2026-05-13 00:00:00+00:00, run_after=2026-05-14 00:00:00+00:00
[2026-05-13T08:18:12.688+0000] {processor.py:183} INFO - Processing /opt/airflow/dags/youtube_pipeline.py took 0.069 seconds
[2026-05-13T08:18:42.932+0000] {processor.py:161} INFO - Started process (PID=220) to work on /opt/airflow/dags/youtube_pipeline.py
[2026-05-13T08:18:42.933+0000] {processor.py:830} INFO - Processing file /opt/airflow/dags/youtube_pipeline.py for tasks to queue
[2026-05-13T08:18:42.935+0000] {logging_mixin.py:188} INFO - [2026-05-13T08:18:42.934+0000] {dagbag.py:540} INFO - Filling up the DagBag from /opt/airflow/dags/youtube_pipeline.py
[2026-05-13T08:18:42.973+0000] {processor.py:840} INFO - DAG(s) 'youtube_pipeline' retrieved from /opt/airflow/dags/youtube_pipeline.py
[2026-05-13T08:18:42.983+0000] {logging_mixin.py:188} INFO - [2026-05-13T08:18:42.983+0000] {dag.py:3096} INFO - Sync 1 DAGs
[2026-05-13T08:18:42.991+0000] {logging_mixin.py:188} INFO - [2026-05-13T08:18:42.991+0000] {dag.py:3954} INFO - Setting next_dagrun for youtube_pipeline to 2026-05-13 00:00:00+00:00, run_after=2026-05-14 00:00:00+00:00
[2026-05-13T08:18:42.997+0000] {processor.py:183} INFO - Processing /opt/airflow/dags/youtube_pipeline.py took 0.070 seconds
[2026-05-13T08:19:13.245+0000] {processor.py:161} INFO - Started process (PID=225) to work on /opt/airflow/dags/youtube_pipeline.py
[2026-05-13T08:19:13.246+0000] {processor.py:830} INFO - Processing file /opt/airflow/dags/youtube_pipeline.py for tasks to queue
[2026-05-13T08:19:13.247+0000] {logging_mixin.py:188} INFO - [2026-05-13T08:19:13.247+0000] {dagbag.py:540} INFO - Filling up the DagBag from /opt/airflow/dags/youtube_pipeline.py
[2026-05-13T08:19:13.284+0000] {processor.py:840} INFO - DAG(s) 'youtube_pipeline' retrieved from /opt/airflow/dags/youtube_pipeline.py
[2026-05-13T08:19:13.297+0000] {logging_mixin.py:188} INFO - [2026-05-13T08:19:13.297+0000] {dag.py:3096} INFO - Sync 1 DAGs
[2026-05-13T08:19:13.306+0000] {logging_mixin.py:188} INFO - [2026-05-13T08:19:13.306+0000] {dag.py:3954} INFO - Setting next_dagrun for youtube_pipeline to 2026-05-13 00:00:00+00:00, run_after=2026-05-14 00:00:00+00:00
[2026-05-13T08:19:13.311+0000] {processor.py:183} INFO - Processing /opt/airflow/dags/youtube_pipeline.py took 0.073 seconds
[2026-05-13T08:19:43.553+0000] {processor.py:161} INFO - Started process (PID=230) to work on /opt/airflow/dags/youtube_pipeline.py
[2026-05-13T08:19:43.554+0000] {processor.py:830} INFO - Processing file /opt/airflow/dags/youtube_pipeline.py for tasks to queue
[2026-05-13T08:19:43.555+0000] {logging_mixin.py:188} INFO - [2026-05-13T08:19:43.554+0000] {dagbag.py:540} INFO - Filling up the DagBag from /opt/airflow/dags/youtube_pipeline.py
[2026-05-13T08:19:43.584+0000] {processor.py:840} INFO - DAG(s) 'youtube_pipeline' retrieved from /opt/airflow/dags/youtube_pipeline.py
[2026-05-13T08:19:43.595+0000] {logging_mixin.py:188} INFO - [2026-05-13T08:19:43.595+0000] {dag.py:3096} INFO - Sync 1 DAGs
[2026-05-13T08:19:43.602+0000] {logging_mixin.py:188} INFO - [2026-05-13T08:19:43.602+0000] {dag.py:3954} INFO - Setting next_dagrun for youtube_pipeline to 2026-05-13 00:00:00+00:00, run_after=2026-05-14 00:00:00+00:00
[2026-05-13T08:19:43.607+0000] {processor.py:183} INFO - Processing /opt/airflow/dags/youtube_pipeline.py took 0.057 seconds
[2026-05-13T08:20:13.857+0000] {processor.py:161} INFO - Started process (PID=235) to work on /opt/airflow/dags/youtube_pipeline.py
[2026-05-13T08:20:13.857+0000] {processor.py:830} INFO - Processing file /opt/airflow/dags/youtube_pipeline.py for tasks to queue
[2026-05-13T08:20:13.859+0000] {logging_mixin.py:188} INFO - [2026-05-13T08:20:13.859+0000] {dagbag.py:540} INFO - Filling up the DagBag from /opt/airflow/dags/youtube_pipeline.py
[2026-05-13T08:20:13.893+0000] {processor.py:840} INFO - DAG(s) 'youtube_pipeline' retrieved from /opt/airflow/dags/youtube_pipeline.py
[2026-05-13T08:20:13.903+0000] {logging_mixin.py:188} INFO - [2026-05-13T08:20:13.903+0000] {dag.py:3096} INFO - Sync 1 DAGs
[2026-05-13T08:20:13.910+0000] {logging_mixin.py:188} INFO - [2026-05-13T08:20:13.910+0000] {dag.py:3954} INFO - Setting next_dagrun for youtube_pipeline to 2026-05-13 00:00:00+00:00, run_after=2026-05-14 00:00:00+00:00
[2026-05-13T08:20:13.916+0000] {processor.py:183} INFO - Processing /opt/airflow/dags/youtube_pipeline.py took 0.065 seconds
[2026-05-13T08:20:44.123+0000] {processor.py:161} INFO - Started process (PID=240) to work on /opt/airflow/dags/youtube_pipeline.py
[2026-05-13T08:20:44.124+0000] {processor.py:830} INFO - Processing file /opt/airflow/dags/youtube_pipeline.py for tasks to queue
[2026-05-13T08:20:44.125+0000] {logging_mixin.py:188} INFO - [2026-05-13T08:20:44.125+0000] {dagbag.py:540} INFO - Filling up the DagBag from /opt/airflow/dags/youtube_pipeline.py
[2026-05-13T08:20:44.162+0000] {processor.py:840} INFO - DAG(s) 'youtube_pipeline' retrieved from /opt/airflow/dags/youtube_pipeline.py
[2026-05-13T08:20:44.172+0000] {logging_mixin.py:188} INFO - [2026-05-13T08:20:44.172+0000] {dag.py:3096} INFO - Sync 1 DAGs
[2026-05-13T08:20:44.180+0000] {logging_mixin.py:188} INFO - [2026-05-13T08:20:44.180+0000] {dag.py:3954} INFO - Setting next_dagrun for youtube_pipeline to 2026-05-13 00:00:00+00:00, run_after=2026-05-14 00:00:00+00:00
[2026-05-13T08:20:44.186+0000] {processor.py:183} INFO - Processing /opt/airflow/dags/youtube_pipeline.py took 0.068 seconds
[2026-05-13T08:21:14.429+0000] {processor.py:161} INFO - Started process (PID=245) to work on /opt/airflow/dags/youtube_pipeline.py
[2026-05-13T08:21:14.430+0000] {processor.py:830} INFO - Processing file /opt/airflow/dags/youtube_pipeline.py for tasks to queue
[2026-05-13T08:21:14.432+0000] {logging_mixin.py:188} INFO - [2026-05-13T08:21:14.431+0000] {dagbag.py:540} INFO - Filling up the DagBag from /opt/airflow/dags/youtube_pipeline.py
[2026-05-13T08:21:14.471+0000] {processor.py:840} INFO - DAG(s) 'youtube_pipeline' retrieved from /opt/airflow/dags/youtube_pipeline.py
[2026-05-13T08:21:14.483+0000] {logging_mixin.py:188} INFO - [2026-05-13T08:21:14.482+0000] {dag.py:3096} INFO - Sync 1 DAGs
[2026-05-13T08:21:14.491+0000] {logging_mixin.py:188} INFO - [2026-05-13T08:21:14.491+0000] {dag.py:3954} INFO - Setting next_dagrun for youtube_pipeline to 2026-05-13 00:00:00+00:00, run_after=2026-05-14 00:00:00+00:00
[2026-05-13T08:21:14.498+0000] {processor.py:183} INFO - Processing /opt/airflow/dags/youtube_pipeline.py took 0.076 seconds
[2026-05-13T08:21:44.720+0000] {processor.py:161} INFO - Started process (PID=250) to work on /opt/airflow/dags/youtube_pipeline.py
[2026-05-13T08:21:44.720+0000] {processor.py:830} INFO - Processing file /opt/airflow/dags/youtube_pipeline.py for tasks to queue
[2026-05-13T08:21:44.722+0000] {logging_mixin.py:188} INFO - [2026-05-13T08:21:44.722+0000] {dagbag.py:540} INFO - Filling up the DagBag from /opt/airflow/dags/youtube_pipeline.py
[2026-05-13T08:21:44.758+0000] {processor.py:840} INFO - DAG(s) 'youtube_pipeline' retrieved from /opt/airflow/dags/youtube_pipeline.py
[2026-05-13T08:21:44.770+0000] {logging_mixin.py:188} INFO - [2026-05-13T08:21:44.769+0000] {dag.py:3096} INFO - Sync 1 DAGs
[2026-05-13T08:21:44.778+0000] {logging_mixin.py:188} INFO - [2026-05-13T08:21:44.778+0000] {dag.py:3954} INFO - Setting next_dagrun for youtube_pipeline to 2026-05-13 00:00:00+00:00, run_after=2026-05-14 00:00:00+00:00
[2026-05-13T08:21:44.784+0000] {processor.py:183} INFO - Processing /opt/airflow/dags/youtube_pipeline.py took 0.070 seconds
[2026-05-13T08:22:14.990+0000] {processor.py:161} INFO - Started process (PID=255) to work on /opt/airflow/dags/youtube_pipeline.py
[2026-05-13T08:22:14.990+0000] {processor.py:830} INFO - Processing file /opt/airflow/dags/youtube_pipeline.py for tasks to queue
[2026-05-13T08:22:14.992+0000] {logging_mixin.py:188} INFO - [2026-05-13T08:22:14.992+0000] {dagbag.py:540} INFO - Filling up the DagBag from /opt/airflow/dags/youtube_pipeline.py
[2026-05-13T08:22:15.025+0000] {processor.py:840} INFO - DAG(s) 'youtube_pipeline' retrieved from /opt/airflow/dags/youtube_pipeline.py
[2026-05-13T08:22:15.036+0000] {logging_mixin.py:188} INFO - [2026-05-13T08:22:15.036+0000] {dag.py:3096} INFO - Sync 1 DAGs
[2026-05-13T08:22:15.043+0000] {logging_mixin.py:188} INFO - [2026-05-13T08:22:15.043+0000] {dag.py:3954} INFO - Setting next_dagrun for youtube_pipeline to 2026-05-13 00:00:00+00:00, run_after=2026-05-14 00:00:00+00:00
[2026-05-13T08:22:15.048+0000] {processor.py:183} INFO - Processing /opt/airflow/dags/youtube_pipeline.py took 0.066 seconds
[2026-05-13T08:22:45.258+0000] {processor.py:161} INFO - Started process (PID=260) to work on /opt/airflow/dags/youtube_pipeline.py
[2026-05-13T08:22:45.259+0000] {processor.py:830} INFO - Processing file /opt/airflow/dags/youtube_pipeline.py for tasks to queue
[2026-05-13T08:22:45.261+0000] {logging_mixin.py:188} INFO - [2026-05-13T08:22:45.261+0000] {dagbag.py:540} INFO - Filling up the DagBag from /opt/airflow/dags/youtube_pipeline.py
[2026-05-13T08:22:45.302+0000] {processor.py:840} INFO - DAG(s) 'youtube_pipeline' retrieved from /opt/airflow/dags/youtube_pipeline.py
[2026-05-13T08:22:45.316+0000] {logging_mixin.py:188} INFO - [2026-05-13T08:22:45.316+0000] {dag.py:3096} INFO - Sync 1 DAGs
[2026-05-13T08:22:45.324+0000] {logging_mixin.py:188} INFO - [2026-05-13T08:22:45.324+0000] {dag.py:3954} INFO - Setting next_dagrun for youtube_pipeline to 2026-05-13 00:00:00+00:00, run_after=2026-05-14 00:00:00+00:00
[2026-05-13T08:22:45.330+0000] {processor.py:183} INFO - Processing /opt/airflow/dags/youtube_pipeline.py took 0.079 seconds
[2026-05-13T08:23:15.523+0000] {processor.py:161} INFO - Started process (PID=265) to work on /opt/airflow/dags/youtube_pipeline.py
[2026-05-13T08:23:15.524+0000] {processor.py:830} INFO - Processing file /opt/airflow/dags/youtube_pipeline.py for tasks to queue
[2026-05-13T08:23:15.526+0000] {logging_mixin.py:188} INFO - [2026-05-13T08:23:15.526+0000] {dagbag.py:540} INFO - Filling up the DagBag from /opt/airflow/dags/youtube_pipeline.py
[2026-05-13T08:23:15.562+0000] {processor.py:840} INFO - DAG(s) 'youtube_pipeline' retrieved from /opt/airflow/dags/youtube_pipeline.py
[2026-05-13T08:23:15.575+0000] {logging_mixin.py:188} INFO - [2026-05-13T08:23:15.575+0000] {dag.py:3096} INFO - Sync 1 DAGs
[2026-05-13T08:23:15.584+0000] {logging_mixin.py:188} INFO - [2026-05-13T08:23:15.583+0000] {dag.py:3954} INFO - Setting next_dagrun for youtube_pipeline to 2026-05-13 00:00:00+00:00, run_after=2026-05-14 00:00:00+00:00
[2026-05-13T08:23:15.590+0000] {processor.py:183} INFO - Processing /opt/airflow/dags/youtube_pipeline.py took 0.074 seconds
[2026-05-13T08:23:45.805+0000] {processor.py:161} INFO - Started process (PID=270) to work on /opt/airflow/dags/youtube_pipeline.py
[2026-05-13T08:23:45.806+0000] {processor.py:830} INFO - Processing file /opt/airflow/dags/youtube_pipeline.py for tasks to queue
[2026-05-13T08:23:45.808+0000] {logging_mixin.py:188} INFO - [2026-05-13T08:23:45.807+0000] {dagbag.py:540} INFO - Filling up the DagBag from /opt/airflow/dags/youtube_pipeline.py
[2026-05-13T08:23:45.840+0000] {processor.py:840} INFO - DAG(s) 'youtube_pipeline' retrieved from /opt/airflow/dags/youtube_pipeline.py
[2026-05-13T08:23:45.852+0000] {logging_mixin.py:188} INFO - [2026-05-13T08:23:45.851+0000] {dag.py:3096} INFO - Sync 1 DAGs
[2026-05-13T08:23:45.860+0000] {logging_mixin.py:188} INFO - [2026-05-13T08:23:45.860+0000] {dag.py:3954} INFO - Setting next_dagrun for youtube_pipeline to 2026-05-13 00:00:00+00:00, run_after=2026-05-14 00:00:00+00:00
[2026-05-13T08:23:45.865+0000] {processor.py:183} INFO - Processing /opt/airflow/dags/youtube_pipeline.py took 0.065 seconds
[2026-05-13T08:24:16.095+0000] {processor.py:161} INFO - Started process (PID=275) to work on /opt/airflow/dags/youtube_pipeline.py
[2026-05-13T08:24:16.096+0000] {processor.py:830} INFO - Processing file /opt/airflow/dags/youtube_pipeline.py for tasks to queue
[2026-05-13T08:24:16.098+0000] {logging_mixin.py:188} INFO - [2026-05-13T08:24:16.097+0000] {dagbag.py:540} INFO - Filling up the DagBag from /opt/airflow/dags/youtube_pipeline.py
[2026-05-13T08:24:16.132+0000] {processor.py:840} INFO - DAG(s) 'youtube_pipeline' retrieved from /opt/airflow/dags/youtube_pipeline.py
[2026-05-13T08:24:16.144+0000] {logging_mixin.py:188} INFO - [2026-05-13T08:24:16.143+0000] {dag.py:3096} INFO - Sync 1 DAGs
[2026-05-13T08:24:16.152+0000] {logging_mixin.py:188} INFO - [2026-05-13T08:24:16.152+0000] {dag.py:3954} INFO - Setting next_dagrun for youtube_pipeline to 2026-05-13 00:00:00+00:00, run_after=2026-05-14 00:00:00+00:00
[2026-05-13T08:24:16.158+0000] {processor.py:183} INFO - Processing /opt/airflow/dags/youtube_pipeline.py took 0.068 seconds
[2026-05-13T08:24:46.357+0000] {processor.py:161} INFO - Started process (PID=280) to work on /opt/airflow/dags/youtube_pipeline.py
[2026-05-13T08:24:46.358+0000] {processor.py:830} INFO - Processing file /opt/airflow/dags/youtube_pipeline.py for tasks to queue
[2026-05-13T08:24:46.359+0000] {logging_mixin.py:188} INFO - [2026-05-13T08:24:46.359+0000] {dagbag.py:540} INFO - Filling up the DagBag from /opt/airflow/dags/youtube_pipeline.py
[2026-05-13T08:24:46.393+0000] {processor.py:840} INFO - DAG(s) 'youtube_pipeline' retrieved from /opt/airflow/dags/youtube_pipeline.py
[2026-05-13T08:24:46.405+0000] {logging_mixin.py:188} INFO - [2026-05-13T08:24:46.404+0000] {dag.py:3096} INFO - Sync 1 DAGs
[2026-05-13T08:24:46.412+0000] {logging_mixin.py:188} INFO - [2026-05-13T08:24:46.412+0000] {dag.py:3954} INFO - Setting next_dagrun for youtube_pipeline to 2026-05-13 00:00:00+00:00, run_after=2026-05-14 00:00:00+00:00
[2026-05-13T08:24:46.417+0000] {processor.py:183} INFO - Processing /opt/airflow/dags/youtube_pipeline.py took 0.065 seconds
[2026-05-13T08:25:16.626+0000] {processor.py:161} INFO - Started process (PID=285) to work on /opt/airflow/dags/youtube_pipeline.py
[2026-05-13T08:25:16.627+0000] {processor.py:830} INFO - Processing file /opt/airflow/dags/youtube_pipeline.py for tasks to queue
[2026-05-13T08:25:16.629+0000] {logging_mixin.py:188} INFO - [2026-05-13T08:25:16.628+0000] {dagbag.py:540} INFO - Filling up the DagBag from /opt/airflow/dags/youtube_pipeline.py
[2026-05-13T08:25:16.661+0000] {processor.py:840} INFO - DAG(s) 'youtube_pipeline' retrieved from /opt/airflow/dags/youtube_pipeline.py
[2026-05-13T08:25:16.672+0000] {logging_mixin.py:188} INFO - [2026-05-13T08:25:16.672+0000] {dag.py:3096} INFO - Sync 1 DAGs
[2026-05-13T08:25:16.679+0000] {logging_mixin.py:188} INFO - [2026-05-13T08:25:16.679+0000] {dag.py:3954} INFO - Setting next_dagrun for youtube_pipeline to 2026-05-13 00:00:00+00:00, run_after=2026-05-14 00:00:00+00:00
[2026-05-13T08:25:16.685+0000] {processor.py:183} INFO - Processing /opt/airflow/dags/youtube_pipeline.py took 0.066 seconds
[2026-05-13T08:25:46.889+0000] {processor.py:161} INFO - Started process (PID=290) to work on /opt/airflow/dags/youtube_pipeline.py
[2026-05-13T08:25:46.889+0000] {processor.py:830} INFO - Processing file /opt/airflow/dags/youtube_pipeline.py for tasks to queue
[2026-05-13T08:25:46.891+0000] {logging_mixin.py:188} INFO - [2026-05-13T08:25:46.891+0000] {dagbag.py:540} INFO - Filling up the DagBag from /opt/airflow/dags/youtube_pipeline.py
[2026-05-13T08:25:46.925+0000] {processor.py:840} INFO - DAG(s) 'youtube_pipeline' retrieved from /opt/airflow/dags/youtube_pipeline.py
[2026-05-13T08:25:46.935+0000] {logging_mixin.py:188} INFO - [2026-05-13T08:25:46.935+0000] {dag.py:3096} INFO - Sync 1 DAGs
[2026-05-13T08:25:46.943+0000] {logging_mixin.py:188} INFO - [2026-05-13T08:25:46.943+0000] {dag.py:3954} INFO - Setting next_dagrun for youtube_pipeline to 2026-05-13 00:00:00+00:00, run_after=2026-05-14 00:00:00+00:00
[2026-05-13T08:25:46.948+0000] {processor.py:183} INFO - Processing /opt/airflow/dags/youtube_pipeline.py took 0.066 seconds
[2026-05-13T08:26:17.187+0000] {processor.py:161} INFO - Started process (PID=295) to work on /opt/airflow/dags/youtube_pipeline.py
[2026-05-13T08:26:17.188+0000] {processor.py:830} INFO - Processing file /opt/airflow/dags/youtube_pipeline.py for tasks to queue
[2026-05-13T08:26:17.189+0000] {logging_mixin.py:188} INFO - [2026-05-13T08:26:17.189+0000] {dagbag.py:540} INFO - Filling up the DagBag from /opt/airflow/dags/youtube_pipeline.py
[2026-05-13T08:26:17.225+0000] {processor.py:840} INFO - DAG(s) 'youtube_pipeline' retrieved from /opt/airflow/dags/youtube_pipeline.py
[2026-05-13T08:26:17.236+0000] {logging_mixin.py:188} INFO - [2026-05-13T08:26:17.236+0000] {dag.py:3096} INFO - Sync 1 DAGs
[2026-05-13T08:26:17.244+0000] {logging_mixin.py:188} INFO - [2026-05-13T08:26:17.244+0000] {dag.py:3954} INFO - Setting next_dagrun for youtube_pipeline to 2026-05-13 00:00:00+00:00, run_after=2026-05-14 00:00:00+00:00
[2026-05-13T08:26:17.250+0000] {processor.py:183} INFO - Processing /opt/airflow/dags/youtube_pipeline.py took 0.069 seconds
[2026-05-13T08:26:47.462+0000] {processor.py:161} INFO - Started process (PID=300) to work on /opt/airflow/dags/youtube_pipeline.py
[2026-05-13T08:26:47.462+0000] {processor.py:830} INFO - Processing file /opt/airflow/dags/youtube_pipeline.py for tasks to queue
[2026-05-13T08:26:47.464+0000] {logging_mixin.py:188} INFO - [2026-05-13T08:26:47.463+0000] {dagbag.py:540} INFO - Filling up the DagBag from /opt/airflow/dags/youtube_pipeline.py
[2026-05-13T08:26:47.496+0000] {processor.py:840} INFO - DAG(s) 'youtube_pipeline' retrieved from /opt/airflow/dags/youtube_pipeline.py
[2026-05-13T08:26:47.507+0000] {logging_mixin.py:188} INFO - [2026-05-13T08:26:47.507+0000] {dag.py:3096} INFO - Sync 1 DAGs
[2026-05-13T08:26:47.515+0000] {logging_mixin.py:188} INFO - [2026-05-13T08:26:47.515+0000] {dag.py:3954} INFO - Setting next_dagrun for youtube_pipeline to 2026-05-13 00:00:00+00:00, run_after=2026-05-14 00:00:00+00:00
[2026-05-13T08:26:47.521+0000] {processor.py:183} INFO - Processing /opt/airflow/dags/youtube_pipeline.py took 0.063 seconds
[2026-05-13T08:27:17.738+0000] {processor.py:161} INFO - Started process (PID=305) to work on /opt/airflow/dags/youtube_pipeline.py
[2026-05-13T08:27:17.739+0000] {processor.py:830} INFO - Processing file /opt/airflow/dags/youtube_pipeline.py for tasks to queue
[2026-05-13T08:27:17.741+0000] {logging_mixin.py:188} INFO - [2026-05-13T08:27:17.740+0000] {dagbag.py:540} INFO - Filling up the DagBag from /opt/airflow/dags/youtube_pipeline.py
[2026-05-13T08:27:17.776+0000] {processor.py:840} INFO - DAG(s) 'youtube_pipeline' retrieved from /opt/airflow/dags/youtube_pipeline.py
[2026-05-13T08:27:17.786+0000] {logging_mixin.py:188} INFO - [2026-05-13T08:27:17.786+0000] {dag.py:3096} INFO - Sync 1 DAGs
[2026-05-13T08:27:17.794+0000] {logging_mixin.py:188} INFO - [2026-05-13T08:27:17.793+0000] {dag.py:3954} INFO - Setting next_dagrun for youtube_pipeline to 2026-05-13 00:00:00+00:00, run_after=2026-05-14 00:00:00+00:00
[2026-05-13T08:27:17.799+0000] {processor.py:183} INFO - Processing /opt/airflow/dags/youtube_pipeline.py took 0.066 seconds
[2026-05-13T08:27:47.993+0000] {processor.py:161} INFO - Started process (PID=310) to work on /opt/airflow/dags/youtube_pipeline.py
[2026-05-13T08:27:47.993+0000] {processor.py:830} INFO - Processing file /opt/airflow/dags/youtube_pipeline.py for tasks to queue
[2026-05-13T08:27:47.995+0000] {logging_mixin.py:188} INFO - [2026-05-13T08:27:47.994+0000] {dagbag.py:540} INFO - Filling up the DagBag from /opt/airflow/dags/youtube_pipeline.py
[2026-05-13T08:27:48.027+0000] {processor.py:840} INFO - DAG(s) 'youtube_pipeline' retrieved from /opt/airflow/dags/youtube_pipeline.py
[2026-05-13T08:27:48.038+0000] {logging_mixin.py:188} INFO - [2026-05-13T08:27:48.038+0000] {dag.py:3096} INFO - Sync 1 DAGs
[2026-05-13T08:27:48.045+0000] {logging_mixin.py:188} INFO - [2026-05-13T08:27:48.045+0000] {dag.py:3954} INFO - Setting next_dagrun for youtube_pipeline to 2026-05-13 00:00:00+00:00, run_after=2026-05-14 00:00:00+00:00
[2026-05-13T08:27:48.051+0000] {processor.py:183} INFO - Processing /opt/airflow/dags/youtube_pipeline.py took 0.064 seconds
[2026-05-13T08:28:18.269+0000] {processor.py:161} INFO - Started process (PID=315) to work on /opt/airflow/dags/youtube_pipeline.py
[2026-05-13T08:28:18.270+0000] {processor.py:830} INFO - Processing file /opt/airflow/dags/youtube_pipeline.py for tasks to queue
[2026-05-13T08:28:18.272+0000] {logging_mixin.py:188} INFO - [2026-05-13T08:28:18.271+0000] {dagbag.py:540} INFO - Filling up the DagBag from /opt/airflow/dags/youtube_pipeline.py
[2026-05-13T08:28:18.305+0000] {processor.py:840} INFO - DAG(s) 'youtube_pipeline' retrieved from /opt/airflow/dags/youtube_pipeline.py
[2026-05-13T08:28:18.316+0000] {logging_mixin.py:188} INFO - [2026-05-13T08:28:18.315+0000] {dag.py:3096} INFO - Sync 1 DAGs
[2026-05-13T08:28:18.323+0000] {logging_mixin.py:188} INFO - [2026-05-13T08:28:18.323+0000] {dag.py:3954} INFO - Setting next_dagrun for youtube_pipeline to 2026-05-13 00:00:00+00:00, run_after=2026-05-14 00:00:00+00:00
[2026-05-13T08:28:18.328+0000] {processor.py:183} INFO - Processing /opt/airflow/dags/youtube_pipeline.py took 0.063 seconds
[2026-05-13T08:28:48.586+0000] {processor.py:161} INFO - Started process (PID=320) to work on /opt/airflow/dags/youtube_pipeline.py
[2026-05-13T08:28:48.587+0000] {processor.py:830} INFO - Processing file /opt/airflow/dags/youtube_pipeline.py for tasks to queue
[2026-05-13T08:28:48.589+0000] {logging_mixin.py:188} INFO - [2026-05-13T08:28:48.588+0000] {dagbag.py:540} INFO - Filling up the DagBag from /opt/airflow/dags/youtube_pipeline.py
[2026-05-13T08:28:48.626+0000] {processor.py:840} INFO - DAG(s) 'youtube_pipeline' retrieved from /opt/airflow/dags/youtube_pipeline.py
[2026-05-13T08:28:48.637+0000] {logging_mixin.py:188} INFO - [2026-05-13T08:28:48.637+0000] {dag.py:3096} INFO - Sync 1 DAGs
[2026-05-13T08:28:48.645+0000] {logging_mixin.py:188} INFO - [2026-05-13T08:28:48.645+0000] {dag.py:3954} INFO - Setting next_dagrun for youtube_pipeline to 2026-05-13 00:00:00+00:00, run_after=2026-05-14 00:00:00+00:00
[2026-05-13T08:28:48.651+0000] {processor.py:183} INFO - Processing /opt/airflow/dags/youtube_pipeline.py took 0.070 seconds
[2026-05-13T08:29:18.866+0000] {processor.py:161} INFO - Started process (PID=325) to work on /opt/airflow/dags/youtube_pipeline.py
[2026-05-13T08:29:18.867+0000] {processor.py:830} INFO - Processing file /opt/airflow/dags/youtube_pipeline.py for tasks to queue
[2026-05-13T08:29:18.869+0000] {logging_mixin.py:188} INFO - [2026-05-13T08:29:18.869+0000] {dagbag.py:540} INFO - Filling up the DagBag from /opt/airflow/dags/youtube_pipeline.py
[2026-05-13T08:29:18.919+0000] {processor.py:840} INFO - DAG(s) 'youtube_pipeline' retrieved from /opt/airflow/dags/youtube_pipeline.py
[2026-05-13T08:29:18.932+0000] {logging_mixin.py:188} INFO - [2026-05-13T08:29:18.932+0000] {dag.py:3096} INFO - Sync 1 DAGs
[2026-05-13T08:29:18.942+0000] {logging_mixin.py:188} INFO - [2026-05-13T08:29:18.942+0000] {dag.py:3954} INFO - Setting next_dagrun for youtube_pipeline to 2026-05-13 00:00:00+00:00, run_after=2026-05-14 00:00:00+00:00
[2026-05-13T08:29:18.950+0000] {processor.py:183} INFO - Processing /opt/airflow/dags/youtube_pipeline.py took 0.093 seconds
[2026-05-13T08:29:49.205+0000] {processor.py:161} INFO - Started process (PID=330) to work on /opt/airflow/dags/youtube_pipeline.py
[2026-05-13T08:29:49.206+0000] {processor.py:830} INFO - Processing file /opt/airflow/dags/youtube_pipeline.py for tasks to queue
[2026-05-13T08:29:49.207+0000] {logging_mixin.py:188} INFO - [2026-05-13T08:29:49.207+0000] {dagbag.py:540} INFO - Filling up the DagBag from /opt/airflow/dags/youtube_pipeline.py
[2026-05-13T08:29:49.245+0000] {processor.py:840} INFO - DAG(s) 'youtube_pipeline' retrieved from /opt/airflow/dags/youtube_pipeline.py
[2026-05-13T08:29:49.256+0000] {logging_mixin.py:188} INFO - [2026-05-13T08:29:49.256+0000] {dag.py:3096} INFO - Sync 1 DAGs
[2026-05-13T08:29:49.265+0000] {logging_mixin.py:188} INFO - [2026-05-13T08:29:49.265+0000] {dag.py:3954} INFO - Setting next_dagrun for youtube_pipeline to 2026-05-13 00:00:00+00:00, run_after=2026-05-14 00:00:00+00:00
[2026-05-13T08:29:49.271+0000] {processor.py:183} INFO - Processing /opt/airflow/dags/youtube_pipeline.py took 0.072 seconds
[2026-05-13T08:30:19.502+0000] {processor.py:161} INFO - Started process (PID=335) to work on /opt/airflow/dags/youtube_pipeline.py
[2026-05-13T08:30:19.503+0000] {processor.py:830} INFO - Processing file /opt/airflow/dags/youtube_pipeline.py for tasks to queue
[2026-05-13T08:30:19.505+0000] {logging_mixin.py:188} INFO - [2026-05-13T08:30:19.504+0000] {dagbag.py:540} INFO - Filling up the DagBag from /opt/airflow/dags/youtube_pipeline.py
[2026-05-13T08:30:19.542+0000] {processor.py:840} INFO - DAG(s) 'youtube_pipeline' retrieved from /opt/airflow/dags/youtube_pipeline.py
[2026-05-13T08:30:19.553+0000] {logging_mixin.py:188} INFO - [2026-05-13T08:30:19.553+0000] {dag.py:3096} INFO - Sync 1 DAGs
[2026-05-13T08:30:19.561+0000] {logging_mixin.py:188} INFO - [2026-05-13T08:30:19.561+0000] {dag.py:3954} INFO - Setting next_dagrun for youtube_pipeline to 2026-05-13 00:00:00+00:00, run_after=2026-05-14 00:00:00+00:00
[2026-05-13T08:30:19.566+0000] {processor.py:183} INFO - Processing /opt/airflow/dags/youtube_pipeline.py took 0.070 seconds
[2026-05-13T08:30:49.799+0000] {processor.py:161} INFO - Started process (PID=340) to work on /opt/airflow/dags/youtube_pipeline.py
[2026-05-13T08:30:49.800+0000] {processor.py:830} INFO - Processing file /opt/airflow/dags/youtube_pipeline.py for tasks to queue
[2026-05-13T08:30:49.801+0000] {logging_mixin.py:188} INFO - [2026-05-13T08:30:49.801+0000] {dagbag.py:540} INFO - Filling up the DagBag from /opt/airflow/dags/youtube_pipeline.py
[2026-05-13T08:30:49.838+0000] {processor.py:840} INFO - DAG(s) 'youtube_pipeline' retrieved from /opt/airflow/dags/youtube_pipeline.py
[2026-05-13T08:30:49.850+0000] {logging_mixin.py:188} INFO - [2026-05-13T08:30:49.849+0000] {dag.py:3096} INFO - Sync 1 DAGs
[2026-05-13T08:30:49.857+0000] {logging_mixin.py:188} INFO - [2026-05-13T08:30:49.857+0000] {dag.py:3954} INFO - Setting next_dagrun for youtube_pipeline to 2026-05-13 00:00:00+00:00, run_after=2026-05-14 00:00:00+00:00
[2026-05-13T08:30:49.863+0000] {processor.py:183} INFO - Processing /opt/airflow/dags/youtube_pipeline.py took 0.070 seconds
[2026-05-13T08:31:20.077+0000] {processor.py:161} INFO - Started process (PID=345) to work on /opt/airflow/dags/youtube_pipeline.py
[2026-05-13T08:31:20.078+0000] {processor.py:830} INFO - Processing file /opt/airflow/dags/youtube_pipeline.py for tasks to queue
[2026-05-13T08:31:20.080+0000] {logging_mixin.py:188} INFO - [2026-05-13T08:31:20.079+0000] {dagbag.py:540} INFO - Filling up the DagBag from /opt/airflow/dags/youtube_pipeline.py
[2026-05-13T08:31:20.117+0000] {processor.py:840} INFO - DAG(s) 'youtube_pipeline' retrieved from /opt/airflow/dags/youtube_pipeline.py
[2026-05-13T08:31:20.130+0000] {logging_mixin.py:188} INFO - [2026-05-13T08:31:20.130+0000] {dag.py:3096} INFO - Sync 1 DAGs
[2026-05-13T08:31:20.141+0000] {logging_mixin.py:188} INFO - [2026-05-13T08:31:20.141+0000] {dag.py:3954} INFO - Setting next_dagrun for youtube_pipeline to 2026-05-13 00:00:00+00:00, run_after=2026-05-14 00:00:00+00:00
[2026-05-13T08:31:20.146+0000] {processor.py:183} INFO - Processing /opt/airflow/dags/youtube_pipeline.py took 0.077 seconds
[2026-05-13T08:31:50.422+0000] {processor.py:161} INFO - Started process (PID=350) to work on /opt/airflow/dags/youtube_pipeline.py
[2026-05-13T08:31:50.423+0000] {processor.py:830} INFO - Processing file /opt/airflow/dags/youtube_pipeline.py for tasks to queue
[2026-05-13T08:31:50.424+0000] {logging_mixin.py:188} INFO - [2026-05-13T08:31:50.424+0000] {dagbag.py:540} INFO - Filling up the DagBag from /opt/airflow/dags/youtube_pipeline.py
[2026-05-13T08:31:50.462+0000] {processor.py:840} INFO - DAG(s) 'youtube_pipeline' retrieved from /opt/airflow/dags/youtube_pipeline.py
[2026-05-13T08:31:50.473+0000] {logging_mixin.py:188} INFO - [2026-05-13T08:31:50.473+0000] {dag.py:3096} INFO - Sync 1 DAGs
[2026-05-13T08:31:50.481+0000] {logging_mixin.py:188} INFO - [2026-05-13T08:31:50.481+0000] {dag.py:3954} INFO - Setting next_dagrun for youtube_pipeline to 2026-05-13 00:00:00+00:00, run_after=2026-05-14 00:00:00+00:00
[2026-05-13T08:31:50.487+0000] {processor.py:183} INFO - Processing /opt/airflow/dags/youtube_pipeline.py took 0.070 seconds
[2026-05-13T08:32:20.713+0000] {processor.py:161} INFO - Started process (PID=355) to work on /opt/airflow/dags/youtube_pipeline.py
[2026-05-13T08:32:20.714+0000] {processor.py:830} INFO - Processing file /opt/airflow/dags/youtube_pipeline.py for tasks to queue
[2026-05-13T08:32:20.715+0000] {logging_mixin.py:188} INFO - [2026-05-13T08:32:20.715+0000] {dagbag.py:540} INFO - Filling up the DagBag from /opt/airflow/dags/youtube_pipeline.py
[2026-05-13T08:32:20.748+0000] {processor.py:840} INFO - DAG(s) 'youtube_pipeline' retrieved from /opt/airflow/dags/youtube_pipeline.py
[2026-05-13T08:32:20.760+0000] {logging_mixin.py:188} INFO - [2026-05-13T08:32:20.760+0000] {dag.py:3096} INFO - Sync 1 DAGs
[2026-05-13T08:32:20.767+0000] {logging_mixin.py:188} INFO - [2026-05-13T08:32:20.767+0000] {dag.py:3954} INFO - Setting next_dagrun for youtube_pipeline to 2026-05-13 00:00:00+00:00, run_after=2026-05-14 00:00:00+00:00
[2026-05-13T08:32:20.774+0000] {processor.py:183} INFO - Processing /opt/airflow/dags/youtube_pipeline.py took 0.067 seconds
[2026-05-13T08:32:50.998+0000] {processor.py:161} INFO - Started process (PID=360) to work on /opt/airflow/dags/youtube_pipeline.py
[2026-05-13T08:32:50.999+0000] {processor.py:830} INFO - Processing file /opt/airflow/dags/youtube_pipeline.py for tasks to queue
[2026-05-13T08:32:51.001+0000] {logging_mixin.py:188} INFO - [2026-05-13T08:32:51.000+0000] {dagbag.py:540} INFO - Filling up the DagBag from /opt/airflow/dags/youtube_pipeline.py
[2026-05-13T08:32:51.043+0000] {processor.py:840} INFO - DAG(s) 'youtube_pipeline' retrieved from /opt/airflow/dags/youtube_pipeline.py
[2026-05-13T08:32:51.053+0000] {logging_mixin.py:188} INFO - [2026-05-13T08:32:51.053+0000] {dag.py:3096} INFO - Sync 1 DAGs
[2026-05-13T08:32:51.061+0000] {logging_mixin.py:188} INFO - [2026-05-13T08:32:51.061+0000] {dag.py:3954} INFO - Setting next_dagrun for youtube_pipeline to 2026-05-13 00:00:00+00:00, run_after=2026-05-14 00:00:00+00:00
[2026-05-13T08:32:51.067+0000] {processor.py:183} INFO - Processing /opt/airflow/dags/youtube_pipeline.py took 0.076 seconds
[2026-05-13T08:33:21.304+0000] {processor.py:161} INFO - Started process (PID=365) to work on /opt/airflow/dags/youtube_pipeline.py
[2026-05-13T08:33:21.305+0000] {processor.py:830} INFO - Processing file /opt/airflow/dags/youtube_pipeline.py for tasks to queue
[2026-05-13T08:33:21.307+0000] {logging_mixin.py:188} INFO - [2026-05-13T08:33:21.306+0000] {dagbag.py:540} INFO - Filling up the DagBag from /opt/airflow/dags/youtube_pipeline.py
[2026-05-13T08:33:21.340+0000] {processor.py:840} INFO - DAG(s) 'youtube_pipeline' retrieved from /opt/airflow/dags/youtube_pipeline.py
[2026-05-13T08:33:21.350+0000] {logging_mixin.py:188} INFO - [2026-05-13T08:33:21.350+0000] {dag.py:3096} INFO - Sync 1 DAGs
[2026-05-13T08:33:21.358+0000] {logging_mixin.py:188} INFO - [2026-05-13T08:33:21.358+0000] {dag.py:3954} INFO - Setting next_dagrun for youtube_pipeline to 2026-05-13 00:00:00+00:00, run_after=2026-05-14 00:00:00+00:00
[2026-05-13T08:33:21.363+0000] {processor.py:183} INFO - Processing /opt/airflow/dags/youtube_pipeline.py took 0.065 seconds
[2026-05-13T19:25:39.720+0000] {processor.py:161} INFO - Started process (PID=166) to work on /opt/airflow/dags/youtube_pipeline.py
[2026-05-13T19:25:39.722+0000] {processor.py:830} INFO - Processing file /opt/airflow/dags/youtube_pipeline.py for tasks to queue
[2026-05-13T19:25:39.723+0000] {logging_mixin.py:188} INFO - [2026-05-13T19:25:39.723+0000] {dagbag.py:540} INFO - Filling up the DagBag from /opt/airflow/dags/youtube_pipeline.py
[2026-05-13T19:25:39.802+0000] {processor.py:840} INFO - DAG(s) 'youtube_pipeline' retrieved from /opt/airflow/dags/youtube_pipeline.py
[2026-05-13T19:25:39.812+0000] {logging_mixin.py:188} INFO - [2026-05-13T19:25:39.812+0000] {dag.py:3096} INFO - Sync 1 DAGs
[2026-05-13T19:25:39.819+0000] {logging_mixin.py:188} INFO - [2026-05-13T19:25:39.818+0000] {dag.py:3954} INFO - Setting next_dagrun for youtube_pipeline to 2026-05-13 00:00:00+00:00, run_after=2026-05-14 00:00:00+00:00
[2026-05-13T19:25:39.824+0000] {processor.py:183} INFO - Processing /opt/airflow/dags/youtube_pipeline.py took 0.106 seconds
[2026-05-13T19:26:09.943+0000] {processor.py:161} INFO - Started process (PID=171) to work on /opt/airflow/dags/youtube_pipeline.py
[2026-05-13T19:26:09.944+0000] {processor.py:830} INFO - Processing file /opt/airflow/dags/youtube_pipeline.py for tasks to queue
[2026-05-13T19:26:09.946+0000] {logging_mixin.py:188} INFO - [2026-05-13T19:26:09.946+0000] {dagbag.py:540} INFO - Filling up the DagBag from /opt/airflow/dags/youtube_pipeline.py
[2026-05-13T19:26:09.986+0000] {processor.py:840} INFO - DAG(s) 'youtube_pipeline' retrieved from /opt/airflow/dags/youtube_pipeline.py
[2026-05-13T19:26:10.083+0000] {logging_mixin.py:188} INFO - [2026-05-13T19:26:10.083+0000] {dag.py:3096} INFO - Sync 1 DAGs
[2026-05-13T19:26:10.091+0000] {logging_mixin.py:188} INFO - [2026-05-13T19:26:10.091+0000] {dag.py:3954} INFO - Setting next_dagrun for youtube_pipeline to 2026-05-13 00:00:00+00:00, run_after=2026-05-14 00:00:00+00:00
[2026-05-13T19:26:10.096+0000] {processor.py:183} INFO - Processing /opt/airflow/dags/youtube_pipeline.py took 0.159 seconds
[2026-05-13T19:26:40.326+0000] {processor.py:161} INFO - Started process (PID=176) to work on /opt/airflow/dags/youtube_pipeline.py
[2026-05-13T19:26:40.327+0000] {processor.py:830} INFO - Processing file /opt/airflow/dags/youtube_pipeline.py for tasks to queue
[2026-05-13T19:26:40.328+0000] {logging_mixin.py:188} INFO - [2026-05-13T19:26:40.327+0000] {dagbag.py:540} INFO - Filling up the DagBag from /opt/airflow/dags/youtube_pipeline.py
[2026-05-13T19:26:40.351+0000] {processor.py:840} INFO - DAG(s) 'youtube_pipeline' retrieved from /opt/airflow/dags/youtube_pipeline.py
[2026-05-13T19:26:40.362+0000] {logging_mixin.py:188} INFO - [2026-05-13T19:26:40.362+0000] {dag.py:3096} INFO - Sync 1 DAGs
[2026-05-13T19:26:40.370+0000] {logging_mixin.py:188} INFO - [2026-05-13T19:26:40.370+0000] {dag.py:3954} INFO - Setting next_dagrun for youtube_pipeline to 2026-05-13 00:00:00+00:00, run_after=2026-05-14 00:00:00+00:00
[2026-05-13T19:26:40.376+0000] {processor.py:183} INFO - Processing /opt/airflow/dags/youtube_pipeline.py took 0.054 seconds
[2026-05-13T19:27:10.592+0000] {processor.py:161} INFO - Started process (PID=181) to work on /opt/airflow/dags/youtube_pipeline.py
[2026-05-13T19:27:10.593+0000] {processor.py:830} INFO - Processing file /opt/airflow/dags/youtube_pipeline.py for tasks to queue
[2026-05-13T19:27:10.595+0000] {logging_mixin.py:188} INFO - [2026-05-13T19:27:10.594+0000] {dagbag.py:540} INFO - Filling up the DagBag from /opt/airflow/dags/youtube_pipeline.py
[2026-05-13T19:27:10.629+0000] {processor.py:840} INFO - DAG(s) 'youtube_pipeline' retrieved from /opt/airflow/dags/youtube_pipeline.py
[2026-05-13T19:27:10.640+0000] {logging_mixin.py:188} INFO - [2026-05-13T19:27:10.640+0000] {dag.py:3096} INFO - Sync 1 DAGs
[2026-05-13T19:27:10.648+0000] {logging_mixin.py:188} INFO - [2026-05-13T19:27:10.647+0000] {dag.py:3954} INFO - Setting next_dagrun for youtube_pipeline to 2026-05-13 00:00:00+00:00, run_after=2026-05-14 00:00:00+00:00
[2026-05-13T19:27:10.653+0000] {processor.py:183} INFO - Processing /opt/airflow/dags/youtube_pipeline.py took 0.066 seconds
[2026-05-13T19:27:40.843+0000] {processor.py:161} INFO - Started process (PID=186) to work on /opt/airflow/dags/youtube_pipeline.py
[2026-05-13T19:27:40.844+0000] {processor.py:830} INFO - Processing file /opt/airflow/dags/youtube_pipeline.py for tasks to queue
[2026-05-13T19:27:40.845+0000] {logging_mixin.py:188} INFO - [2026-05-13T19:27:40.845+0000] {dagbag.py:540} INFO - Filling up the DagBag from /opt/airflow/dags/youtube_pipeline.py
[2026-05-13T19:27:40.878+0000] {processor.py:840} INFO - DAG(s) 'youtube_pipeline' retrieved from /opt/airflow/dags/youtube_pipeline.py
[2026-05-13T19:27:40.889+0000] {logging_mixin.py:188} INFO - [2026-05-13T19:27:40.889+0000] {dag.py:3096} INFO - Sync 1 DAGs
[2026-05-13T19:27:40.899+0000] {logging_mixin.py:188} INFO - [2026-05-13T19:27:40.898+0000] {dag.py:3954} INFO - Setting next_dagrun for youtube_pipeline to 2026-05-13 00:00:00+00:00, run_after=2026-05-14 00:00:00+00:00
[2026-05-13T19:27:40.904+0000] {processor.py:183} INFO - Processing /opt/airflow/dags/youtube_pipeline.py took 0.067 seconds
[2026-05-13T19:28:11.144+0000] {processor.py:161} INFO - Started process (PID=191) to work on /opt/airflow/dags/youtube_pipeline.py
[2026-05-13T19:28:11.145+0000] {processor.py:830} INFO - Processing file /opt/airflow/dags/youtube_pipeline.py for tasks to queue
[2026-05-13T19:28:11.146+0000] {logging_mixin.py:188} INFO - [2026-05-13T19:28:11.146+0000] {dagbag.py:540} INFO - Filling up the DagBag from /opt/airflow/dags/youtube_pipeline.py
[2026-05-13T19:28:11.182+0000] {processor.py:840} INFO - DAG(s) 'youtube_pipeline' retrieved from /opt/airflow/dags/youtube_pipeline.py
[2026-05-13T19:28:11.192+0000] {logging_mixin.py:188} INFO - [2026-05-13T19:28:11.191+0000] {dag.py:3096} INFO - Sync 1 DAGs
[2026-05-13T19:28:11.199+0000] {logging_mixin.py:188} INFO - [2026-05-13T19:28:11.199+0000] {dag.py:3954} INFO - Setting next_dagrun for youtube_pipeline to 2026-05-13 00:00:00+00:00, run_after=2026-05-14 00:00:00+00:00
[2026-05-13T19:28:11.204+0000] {processor.py:183} INFO - Processing /opt/airflow/dags/youtube_pipeline.py took 0.065 seconds
[2026-05-13T19:28:41.410+0000] {processor.py:161} INFO - Started process (PID=196) to work on /opt/airflow/dags/youtube_pipeline.py
[2026-05-13T19:28:41.410+0000] {processor.py:830} INFO - Processing file /opt/airflow/dags/youtube_pipeline.py for tasks to queue
[2026-05-13T19:28:41.412+0000] {logging_mixin.py:188} INFO - [2026-05-13T19:28:41.411+0000] {dagbag.py:540} INFO - Filling up the DagBag from /opt/airflow/dags/youtube_pipeline.py
[2026-05-13T19:28:41.446+0000] {processor.py:840} INFO - DAG(s) 'youtube_pipeline' retrieved from /opt/airflow/dags/youtube_pipeline.py
[2026-05-13T19:28:41.457+0000] {logging_mixin.py:188} INFO - [2026-05-13T19:28:41.456+0000] {dag.py:3096} INFO - Sync 1 DAGs
[2026-05-13T19:28:41.464+0000] {logging_mixin.py:188} INFO - [2026-05-13T19:28:41.464+0000] {dag.py:3954} INFO - Setting next_dagrun for youtube_pipeline to 2026-05-13 00:00:00+00:00, run_after=2026-05-14 00:00:00+00:00
[2026-05-13T19:28:41.471+0000] {processor.py:183} INFO - Processing /opt/airflow/dags/youtube_pipeline.py took 0.066 seconds
[2026-05-13T19:29:11.669+0000] {processor.py:161} INFO - Started process (PID=201) to work on /opt/airflow/dags/youtube_pipeline.py
[2026-05-13T19:29:11.671+0000] {processor.py:830} INFO - Processing file /opt/airflow/dags/youtube_pipeline.py for tasks to queue
[2026-05-13T19:29:11.673+0000] {logging_mixin.py:188} INFO - [2026-05-13T19:29:11.672+0000] {dagbag.py:540} INFO - Filling up the DagBag from /opt/airflow/dags/youtube_pipeline.py
[2026-05-13T19:29:11.710+0000] {processor.py:840} INFO - DAG(s) 'youtube_pipeline' retrieved from /opt/airflow/dags/youtube_pipeline.py
[2026-05-13T19:29:11.721+0000] {logging_mixin.py:188} INFO - [2026-05-13T19:29:11.721+0000] {dag.py:3096} INFO - Sync 1 DAGs
[2026-05-13T19:29:11.730+0000] {logging_mixin.py:188} INFO - [2026-05-13T19:29:11.730+0000] {dag.py:3954} INFO - Setting next_dagrun for youtube_pipeline to 2026-05-13 00:00:00+00:00, run_after=2026-05-14 00:00:00+00:00
[2026-05-13T19:29:11.735+0000] {processor.py:183} INFO - Processing /opt/airflow/dags/youtube_pipeline.py took 0.073 seconds
[2026-05-13T19:29:41.971+0000] {processor.py:161} INFO - Started process (PID=206) to work on /opt/airflow/dags/youtube_pipeline.py
[2026-05-13T19:29:41.973+0000] {processor.py:830} INFO - Processing file /opt/airflow/dags/youtube_pipeline.py for tasks to queue
[2026-05-13T19:29:41.975+0000] {logging_mixin.py:188} INFO - [2026-05-13T19:29:41.974+0000] {dagbag.py:540} INFO - Filling up the DagBag from /opt/airflow/dags/youtube_pipeline.py
[2026-05-13T19:29:42.007+0000] {processor.py:840} INFO - DAG(s) 'youtube_pipeline' retrieved from /opt/airflow/dags/youtube_pipeline.py
[2026-05-13T19:29:42.018+0000] {logging_mixin.py:188} INFO - [2026-05-13T19:29:42.017+0000] {dag.py:3096} INFO - Sync 1 DAGs
[2026-05-13T19:29:42.026+0000] {logging_mixin.py:188} INFO - [2026-05-13T19:29:42.026+0000] {dag.py:3954} INFO - Setting next_dagrun for youtube_pipeline to 2026-05-13 00:00:00+00:00, run_after=2026-05-14 00:00:00+00:00
[2026-05-13T19:29:42.032+0000] {processor.py:183} INFO - Processing /opt/airflow/dags/youtube_pipeline.py took 0.065 seconds
[2026-05-13T19:30:12.285+0000] {processor.py:161} INFO - Started process (PID=211) to work on /opt/airflow/dags/youtube_pipeline.py
[2026-05-13T19:30:12.285+0000] {processor.py:830} INFO - Processing file /opt/airflow/dags/youtube_pipeline.py for tasks to queue
[2026-05-13T19:30:12.287+0000] {logging_mixin.py:188} INFO - [2026-05-13T19:30:12.287+0000] {dagbag.py:540} INFO - Filling up the DagBag from /opt/airflow/dags/youtube_pipeline.py
[2026-05-13T19:30:12.322+0000] {processor.py:840} INFO - DAG(s) 'youtube_pipeline' retrieved from /opt/airflow/dags/youtube_pipeline.py
[2026-05-13T19:30:12.333+0000] {logging_mixin.py:188} INFO - [2026-05-13T19:30:12.333+0000] {dag.py:3096} INFO - Sync 1 DAGs
[2026-05-13T19:30:12.340+0000] {logging_mixin.py:188} INFO - [2026-05-13T19:30:12.340+0000] {dag.py:3954} INFO - Setting next_dagrun for youtube_pipeline to 2026-05-13 00:00:00+00:00, run_after=2026-05-14 00:00:00+00:00
[2026-05-13T19:30:12.346+0000] {processor.py:183} INFO - Processing /opt/airflow/dags/youtube_pipeline.py took 0.067 seconds
[2026-05-13T19:30:42.561+0000] {processor.py:161} INFO - Started process (PID=216) to work on /opt/airflow/dags/youtube_pipeline.py
[2026-05-13T19:30:42.562+0000] {processor.py:830} INFO - Processing file /opt/airflow/dags/youtube_pipeline.py for tasks to queue
[2026-05-13T19:30:42.564+0000] {logging_mixin.py:188} INFO - [2026-05-13T19:30:42.564+0000] {dagbag.py:540} INFO - Filling up the DagBag from /opt/airflow/dags/youtube_pipeline.py
[2026-05-13T19:30:42.602+0000] {processor.py:840} INFO - DAG(s) 'youtube_pipeline' retrieved from /opt/airflow/dags/youtube_pipeline.py
[2026-05-13T19:30:42.612+0000] {logging_mixin.py:188} INFO - [2026-05-13T19:30:42.612+0000] {dag.py:3096} INFO - Sync 1 DAGs
[2026-05-13T19:30:42.619+0000] {logging_mixin.py:188} INFO - [2026-05-13T19:30:42.619+0000] {dag.py:3954} INFO - Setting next_dagrun for youtube_pipeline to 2026-05-13 00:00:00+00:00, run_after=2026-05-14 00:00:00+00:00
[2026-05-13T19:30:42.624+0000] {processor.py:183} INFO - Processing /opt/airflow/dags/youtube_pipeline.py took 0.068 seconds
[2026-05-13T19:31:12.833+0000] {processor.py:161} INFO - Started process (PID=221) to work on /opt/airflow/dags/youtube_pipeline.py
[2026-05-13T19:31:12.834+0000] {processor.py:830} INFO - Processing file /opt/airflow/dags/youtube_pipeline.py for tasks to queue
[2026-05-13T19:31:12.835+0000] {logging_mixin.py:188} INFO - [2026-05-13T19:31:12.835+0000] {dagbag.py:540} INFO - Filling up the DagBag from /opt/airflow/dags/youtube_pipeline.py
[2026-05-13T19:31:12.867+0000] {processor.py:840} INFO - DAG(s) 'youtube_pipeline' retrieved from /opt/airflow/dags/youtube_pipeline.py
[2026-05-13T19:31:12.880+0000] {logging_mixin.py:188} INFO - [2026-05-13T19:31:12.879+0000] {dag.py:3096} INFO - Sync 1 DAGs
[2026-05-13T19:31:12.888+0000] {logging_mixin.py:188} INFO - [2026-05-13T19:31:12.888+0000] {dag.py:3954} INFO - Setting next_dagrun for youtube_pipeline to 2026-05-13 00:00:00+00:00, run_after=2026-05-14 00:00:00+00:00
[2026-05-13T19:31:12.894+0000] {processor.py:183} INFO - Processing /opt/airflow/dags/youtube_pipeline.py took 0.066 seconds
[2026-05-13T19:31:43.130+0000] {processor.py:161} INFO - Started process (PID=226) to work on /opt/airflow/dags/youtube_pipeline.py
[2026-05-13T19:31:43.131+0000] {processor.py:830} INFO - Processing file /opt/airflow/dags/youtube_pipeline.py for tasks to queue
[2026-05-13T19:31:43.132+0000] {logging_mixin.py:188} INFO - [2026-05-13T19:31:43.132+0000] {dagbag.py:540} INFO - Filling up the DagBag from /opt/airflow/dags/youtube_pipeline.py
[2026-05-13T19:31:43.166+0000] {processor.py:840} INFO - DAG(s) 'youtube_pipeline' retrieved from /opt/airflow/dags/youtube_pipeline.py
[2026-05-13T19:31:43.176+0000] {logging_mixin.py:188} INFO - [2026-05-13T19:31:43.176+0000] {dag.py:3096} INFO - Sync 1 DAGs
[2026-05-13T19:31:43.183+0000] {logging_mixin.py:188} INFO - [2026-05-13T19:31:43.183+0000] {dag.py:3954} INFO - Setting next_dagrun for youtube_pipeline to 2026-05-13 00:00:00+00:00, run_after=2026-05-14 00:00:00+00:00
[2026-05-13T19:31:43.188+0000] {processor.py:183} INFO - Processing /opt/airflow/dags/youtube_pipeline.py took 0.064 seconds
[2026-05-13T19:32:13.382+0000] {processor.py:161} INFO - Started process (PID=231) to work on /opt/airflow/dags/youtube_pipeline.py
[2026-05-13T19:32:13.383+0000] {processor.py:830} INFO - Processing file /opt/airflow/dags/youtube_pipeline.py for tasks to queue
[2026-05-13T19:32:13.384+0000] {logging_mixin.py:188} INFO - [2026-05-13T19:32:13.384+0000] {dagbag.py:540} INFO - Filling up the DagBag from /opt/airflow/dags/youtube_pipeline.py
[2026-05-13T19:32:13.420+0000] {processor.py:840} INFO - DAG(s) 'youtube_pipeline' retrieved from /opt/airflow/dags/youtube_pipeline.py
[2026-05-13T19:32:13.431+0000] {logging_mixin.py:188} INFO - [2026-05-13T19:32:13.430+0000] {dag.py:3096} INFO - Sync 1 DAGs
[2026-05-13T19:32:13.438+0000] {logging_mixin.py:188} INFO - [2026-05-13T19:32:13.438+0000] {dag.py:3954} INFO - Setting next_dagrun for youtube_pipeline to 2026-05-13 00:00:00+00:00, run_after=2026-05-14 00:00:00+00:00
[2026-05-13T19:32:13.446+0000] {processor.py:183} INFO - Processing /opt/airflow/dags/youtube_pipeline.py took 0.070 seconds
[2026-05-13T19:32:43.704+0000] {processor.py:161} INFO - Started process (PID=236) to work on /opt/airflow/dags/youtube_pipeline.py
[2026-05-13T19:32:43.705+0000] {processor.py:830} INFO - Processing file /opt/airflow/dags/youtube_pipeline.py for tasks to queue
[2026-05-13T19:32:43.707+0000] {logging_mixin.py:188} INFO - [2026-05-13T19:32:43.706+0000] {dagbag.py:540} INFO - Filling up the DagBag from /opt/airflow/dags/youtube_pipeline.py
[2026-05-13T19:32:43.741+0000] {processor.py:840} INFO - DAG(s) 'youtube_pipeline' retrieved from /opt/airflow/dags/youtube_pipeline.py
[2026-05-13T19:32:43.752+0000] {logging_mixin.py:188} INFO - [2026-05-13T19:32:43.752+0000] {dag.py:3096} INFO - Sync 1 DAGs
[2026-05-13T19:32:43.760+0000] {logging_mixin.py:188} INFO - [2026-05-13T19:32:43.760+0000] {dag.py:3954} INFO - Setting next_dagrun for youtube_pipeline to 2026-05-13 00:00:00+00:00, run_after=2026-05-14 00:00:00+00:00
[2026-05-13T19:32:43.765+0000] {processor.py:183} INFO - Processing /opt/airflow/dags/youtube_pipeline.py took 0.066 seconds
[2026-05-13T19:33:13.986+0000] {processor.py:161} INFO - Started process (PID=241) to work on /opt/airflow/dags/youtube_pipeline.py
[2026-05-13T19:33:13.987+0000] {processor.py:830} INFO - Processing file /opt/airflow/dags/youtube_pipeline.py for tasks to queue
[2026-05-13T19:33:13.989+0000] {logging_mixin.py:188} INFO - [2026-05-13T19:33:13.988+0000] {dagbag.py:540} INFO - Filling up the DagBag from /opt/airflow/dags/youtube_pipeline.py
[2026-05-13T19:33:14.025+0000] {processor.py:840} INFO - DAG(s) 'youtube_pipeline' retrieved from /opt/airflow/dags/youtube_pipeline.py
[2026-05-13T19:33:14.035+0000] {logging_mixin.py:188} INFO - [2026-05-13T19:33:14.035+0000] {dag.py:3096} INFO - Sync 1 DAGs
[2026-05-13T19:33:14.043+0000] {logging_mixin.py:188} INFO - [2026-05-13T19:33:14.043+0000] {dag.py:3954} INFO - Setting next_dagrun for youtube_pipeline to 2026-05-13 00:00:00+00:00, run_after=2026-05-14 00:00:00+00:00
[2026-05-13T19:33:14.049+0000] {processor.py:183} INFO - Processing /opt/airflow/dags/youtube_pipeline.py took 0.068 seconds
[2026-05-13T19:33:44.267+0000] {processor.py:161} INFO - Started process (PID=246) to work on /opt/airflow/dags/youtube_pipeline.py
[2026-05-13T19:33:44.268+0000] {processor.py:830} INFO - Processing file /opt/airflow/dags/youtube_pipeline.py for tasks to queue
[2026-05-13T19:33:44.269+0000] {logging_mixin.py:188} INFO - [2026-05-13T19:33:44.269+0000] {dagbag.py:540} INFO - Filling up the DagBag from /opt/airflow/dags/youtube_pipeline.py
[2026-05-13T19:33:44.304+0000] {processor.py:840} INFO - DAG(s) 'youtube_pipeline' retrieved from /opt/airflow/dags/youtube_pipeline.py
[2026-05-13T19:33:44.315+0000] {logging_mixin.py:188} INFO - [2026-05-13T19:33:44.315+0000] {dag.py:3096} INFO - Sync 1 DAGs
[2026-05-13T19:33:44.322+0000] {logging_mixin.py:188} INFO - [2026-05-13T19:33:44.322+0000] {dag.py:3954} INFO - Setting next_dagrun for youtube_pipeline to 2026-05-13 00:00:00+00:00, run_after=2026-05-14 00:00:00+00:00
[2026-05-13T19:33:44.328+0000] {processor.py:183} INFO - Processing /opt/airflow/dags/youtube_pipeline.py took 0.066 seconds
[2026-05-13T19:34:14.562+0000] {processor.py:161} INFO - Started process (PID=251) to work on /opt/airflow/dags/youtube_pipeline.py
[2026-05-13T19:34:14.563+0000] {processor.py:830} INFO - Processing file /opt/airflow/dags/youtube_pipeline.py for tasks to queue
[2026-05-13T19:34:14.564+0000] {logging_mixin.py:188} INFO - [2026-05-13T19:34:14.564+0000] {dagbag.py:540} INFO - Filling up the DagBag from /opt/airflow/dags/youtube_pipeline.py
[2026-05-13T19:34:14.599+0000] {processor.py:840} INFO - DAG(s) 'youtube_pipeline' retrieved from /opt/airflow/dags/youtube_pipeline.py
[2026-05-13T19:34:14.610+0000] {logging_mixin.py:188} INFO - [2026-05-13T19:34:14.610+0000] {dag.py:3096} INFO - Sync 1 DAGs
[2026-05-13T19:34:14.618+0000] {logging_mixin.py:188} INFO - [2026-05-13T19:34:14.618+0000] {dag.py:3954} INFO - Setting next_dagrun for youtube_pipeline to 2026-05-13 00:00:00+00:00, run_after=2026-05-14 00:00:00+00:00
[2026-05-13T19:34:14.623+0000] {processor.py:183} INFO - Processing /opt/airflow/dags/youtube_pipeline.py took 0.068 seconds
[2026-05-13T19:34:44.831+0000] {processor.py:161} INFO - Started process (PID=256) to work on /opt/airflow/dags/youtube_pipeline.py
[2026-05-13T19:34:44.831+0000] {processor.py:830} INFO - Processing file /opt/airflow/dags/youtube_pipeline.py for tasks to queue
[2026-05-13T19:34:44.833+0000] {logging_mixin.py:188} INFO - [2026-05-13T19:34:44.833+0000] {dagbag.py:540} INFO - Filling up the DagBag from /opt/airflow/dags/youtube_pipeline.py
[2026-05-13T19:34:44.867+0000] {processor.py:840} INFO - DAG(s) 'youtube_pipeline' retrieved from /opt/airflow/dags/youtube_pipeline.py
[2026-05-13T19:34:44.877+0000] {logging_mixin.py:188} INFO - [2026-05-13T19:34:44.877+0000] {dag.py:3096} INFO - Sync 1 DAGs
[2026-05-13T19:34:44.885+0000] {logging_mixin.py:188} INFO - [2026-05-13T19:34:44.884+0000] {dag.py:3954} INFO - Setting next_dagrun for youtube_pipeline to 2026-05-13 00:00:00+00:00, run_after=2026-05-14 00:00:00+00:00
[2026-05-13T19:34:44.890+0000] {processor.py:183} INFO - Processing /opt/airflow/dags/youtube_pipeline.py took 0.065 seconds
[2026-05-13T19:35:15.133+0000] {processor.py:161} INFO - Started process (PID=261) to work on /opt/airflow/dags/youtube_pipeline.py
[2026-05-13T19:35:15.134+0000] {processor.py:830} INFO - Processing file /opt/airflow/dags/youtube_pipeline.py for tasks to queue
[2026-05-13T19:35:15.135+0000] {logging_mixin.py:188} INFO - [2026-05-13T19:35:15.135+0000] {dagbag.py:540} INFO - Filling up the DagBag from /opt/airflow/dags/youtube_pipeline.py
[2026-05-13T19:35:15.167+0000] {processor.py:840} INFO - DAG(s) 'youtube_pipeline' retrieved from /opt/airflow/dags/youtube_pipeline.py
[2026-05-13T19:35:15.176+0000] {logging_mixin.py:188} INFO - [2026-05-13T19:35:15.176+0000] {dag.py:3096} INFO - Sync 1 DAGs
[2026-05-13T19:35:15.183+0000] {logging_mixin.py:188} INFO - [2026-05-13T19:35:15.183+0000] {dag.py:3954} INFO - Setting next_dagrun for youtube_pipeline to 2026-05-13 00:00:00+00:00, run_after=2026-05-14 00:00:00+00:00
[2026-05-13T19:35:15.190+0000] {processor.py:183} INFO - Processing /opt/airflow/dags/youtube_pipeline.py took 0.061 seconds
[2026-05-13T19:35:45.409+0000] {processor.py:161} INFO - Started process (PID=266) to work on /opt/airflow/dags/youtube_pipeline.py
[2026-05-13T19:35:45.410+0000] {processor.py:830} INFO - Processing file /opt/airflow/dags/youtube_pipeline.py for tasks to queue
[2026-05-13T19:35:45.411+0000] {logging_mixin.py:188} INFO - [2026-05-13T19:35:45.411+0000] {dagbag.py:540} INFO - Filling up the DagBag from /opt/airflow/dags/youtube_pipeline.py
[2026-05-13T19:35:45.440+0000] {processor.py:840} INFO - DAG(s) 'youtube_pipeline' retrieved from /opt/airflow/dags/youtube_pipeline.py
[2026-05-13T19:35:45.451+0000] {logging_mixin.py:188} INFO - [2026-05-13T19:35:45.451+0000] {dag.py:3096} INFO - Sync 1 DAGs
[2026-05-13T19:35:45.460+0000] {logging_mixin.py:188} INFO - [2026-05-13T19:35:45.460+0000] {dag.py:3954} INFO - Setting next_dagrun for youtube_pipeline to 2026-05-13 00:00:00+00:00, run_after=2026-05-14 00:00:00+00:00
[2026-05-13T19:35:45.466+0000] {processor.py:183} INFO - Processing /opt/airflow/dags/youtube_pipeline.py took 0.061 seconds
[2026-05-13T19:36:15.691+0000] {processor.py:161} INFO - Started process (PID=271) to work on /opt/airflow/dags/youtube_pipeline.py
[2026-05-13T19:36:15.692+0000] {processor.py:830} INFO - Processing file /opt/airflow/dags/youtube_pipeline.py for tasks to queue
[2026-05-13T19:36:15.694+0000] {logging_mixin.py:188} INFO - [2026-05-13T19:36:15.694+0000] {dagbag.py:540} INFO - Filling up the DagBag from /opt/airflow/dags/youtube_pipeline.py
[2026-05-13T19:36:15.730+0000] {processor.py:840} INFO - DAG(s) 'youtube_pipeline' retrieved from /opt/airflow/dags/youtube_pipeline.py
[2026-05-13T19:36:15.740+0000] {logging_mixin.py:188} INFO - [2026-05-13T19:36:15.740+0000] {dag.py:3096} INFO - Sync 1 DAGs
[2026-05-13T19:36:15.748+0000] {logging_mixin.py:188} INFO - [2026-05-13T19:36:15.748+0000] {dag.py:3954} INFO - Setting next_dagrun for youtube_pipeline to 2026-05-13 00:00:00+00:00, run_after=2026-05-14 00:00:00+00:00
[2026-05-13T19:36:15.753+0000] {processor.py:183} INFO - Processing /opt/airflow/dags/youtube_pipeline.py took 0.068 seconds
[2026-05-13T19:36:45.988+0000] {processor.py:161} INFO - Started process (PID=276) to work on /opt/airflow/dags/youtube_pipeline.py
[2026-05-13T19:36:45.989+0000] {processor.py:830} INFO - Processing file /opt/airflow/dags/youtube_pipeline.py for tasks to queue
[2026-05-13T19:36:45.991+0000] {logging_mixin.py:188} INFO - [2026-05-13T19:36:45.990+0000] {dagbag.py:540} INFO - Filling up the DagBag from /opt/airflow/dags/youtube_pipeline.py
[2026-05-13T19:36:46.026+0000] {processor.py:840} INFO - DAG(s) 'youtube_pipeline' retrieved from /opt/airflow/dags/youtube_pipeline.py
[2026-05-13T19:36:46.036+0000] {logging_mixin.py:188} INFO - [2026-05-13T19:36:46.036+0000] {dag.py:3096} INFO - Sync 1 DAGs
[2026-05-13T19:36:46.043+0000] {logging_mixin.py:188} INFO - [2026-05-13T19:36:46.043+0000] {dag.py:3954} INFO - Setting next_dagrun for youtube_pipeline to 2026-05-13 00:00:00+00:00, run_after=2026-05-14 00:00:00+00:00
[2026-05-13T19:36:46.049+0000] {processor.py:183} INFO - Processing /opt/airflow/dags/youtube_pipeline.py took 0.066 seconds
[2026-05-13T19:37:16.276+0000] {processor.py:161} INFO - Started process (PID=281) to work on /opt/airflow/dags/youtube_pipeline.py
[2026-05-13T19:37:16.277+0000] {processor.py:830} INFO - Processing file /opt/airflow/dags/youtube_pipeline.py for tasks to queue
[2026-05-13T19:37:16.278+0000] {logging_mixin.py:188} INFO - [2026-05-13T19:37:16.278+0000] {dagbag.py:540} INFO - Filling up the DagBag from /opt/airflow/dags/youtube_pipeline.py
[2026-05-13T19:37:16.316+0000] {processor.py:840} INFO - DAG(s) 'youtube_pipeline' retrieved from /opt/airflow/dags/youtube_pipeline.py
[2026-05-13T19:37:16.326+0000] {logging_mixin.py:188} INFO - [2026-05-13T19:37:16.326+0000] {dag.py:3096} INFO - Sync 1 DAGs
[2026-05-13T19:37:16.333+0000] {logging_mixin.py:188} INFO - [2026-05-13T19:37:16.333+0000] {dag.py:3954} INFO - Setting next_dagrun for youtube_pipeline to 2026-05-13 00:00:00+00:00, run_after=2026-05-14 00:00:00+00:00
[2026-05-13T19:37:16.339+0000] {processor.py:183} INFO - Processing /opt/airflow/dags/youtube_pipeline.py took 0.069 seconds
[2026-05-13T19:37:46.570+0000] {processor.py:161} INFO - Started process (PID=286) to work on /opt/airflow/dags/youtube_pipeline.py
[2026-05-13T19:37:46.570+0000] {processor.py:830} INFO - Processing file /opt/airflow/dags/youtube_pipeline.py for tasks to queue
[2026-05-13T19:37:46.571+0000] {logging_mixin.py:188} INFO - [2026-05-13T19:37:46.571+0000] {dagbag.py:540} INFO - Filling up the DagBag from /opt/airflow/dags/youtube_pipeline.py
[2026-05-13T19:37:46.604+0000] {processor.py:840} INFO - DAG(s) 'youtube_pipeline' retrieved from /opt/airflow/dags/youtube_pipeline.py
[2026-05-13T19:37:46.615+0000] {logging_mixin.py:188} INFO - [2026-05-13T19:37:46.614+0000] {dag.py:3096} INFO - Sync 1 DAGs
[2026-05-13T19:37:46.622+0000] {logging_mixin.py:188} INFO - [2026-05-13T19:37:46.622+0000] {dag.py:3954} INFO - Setting next_dagrun for youtube_pipeline to 2026-05-13 00:00:00+00:00, run_after=2026-05-14 00:00:00+00:00
[2026-05-13T19:37:46.628+0000] {processor.py:183} INFO - Processing /opt/airflow/dags/youtube_pipeline.py took 0.062 seconds
[2026-05-13T19:38:16.835+0000] {processor.py:161} INFO - Started process (PID=291) to work on /opt/airflow/dags/youtube_pipeline.py
[2026-05-13T19:38:16.836+0000] {processor.py:830} INFO - Processing file /opt/airflow/dags/youtube_pipeline.py for tasks to queue
[2026-05-13T19:38:16.837+0000] {logging_mixin.py:188} INFO - [2026-05-13T19:38:16.837+0000] {dagbag.py:540} INFO - Filling up the DagBag from /opt/airflow/dags/youtube_pipeline.py
[2026-05-13T19:38:16.873+0000] {processor.py:840} INFO - DAG(s) 'youtube_pipeline' retrieved from /opt/airflow/dags/youtube_pipeline.py
[2026-05-13T19:38:16.884+0000] {logging_mixin.py:188} INFO - [2026-05-13T19:38:16.883+0000] {dag.py:3096} INFO - Sync 1 DAGs
[2026-05-13T19:38:16.891+0000] {logging_mixin.py:188} INFO - [2026-05-13T19:38:16.891+0000] {dag.py:3954} INFO - Setting next_dagrun for youtube_pipeline to 2026-05-13 00:00:00+00:00, run_after=2026-05-14 00:00:00+00:00
[2026-05-13T19:38:16.897+0000] {processor.py:183} INFO - Processing /opt/airflow/dags/youtube_pipeline.py took 0.068 seconds
[2026-05-13T19:38:47.143+0000] {processor.py:161} INFO - Started process (PID=296) to work on /opt/airflow/dags/youtube_pipeline.py
[2026-05-13T19:38:47.144+0000] {processor.py:830} INFO - Processing file /opt/airflow/dags/youtube_pipeline.py for tasks to queue
[2026-05-13T19:38:47.145+0000] {logging_mixin.py:188} INFO - [2026-05-13T19:38:47.145+0000] {dagbag.py:540} INFO - Filling up the DagBag from /opt/airflow/dags/youtube_pipeline.py
[2026-05-13T19:38:47.180+0000] {processor.py:840} INFO - DAG(s) 'youtube_pipeline' retrieved from /opt/airflow/dags/youtube_pipeline.py
[2026-05-13T19:38:47.190+0000] {logging_mixin.py:188} INFO - [2026-05-13T19:38:47.190+0000] {dag.py:3096} INFO - Sync 1 DAGs
[2026-05-13T19:38:47.198+0000] {logging_mixin.py:188} INFO - [2026-05-13T19:38:47.198+0000] {dag.py:3954} INFO - Setting next_dagrun for youtube_pipeline to 2026-05-13 00:00:00+00:00, run_after=2026-05-14 00:00:00+00:00
[2026-05-13T19:38:47.203+0000] {processor.py:183} INFO - Processing /opt/airflow/dags/youtube_pipeline.py took 0.065 seconds
[2026-05-13T19:39:17.413+0000] {processor.py:161} INFO - Started process (PID=301) to work on /opt/airflow/dags/youtube_pipeline.py
[2026-05-13T19:39:17.414+0000] {processor.py:830} INFO - Processing file /opt/airflow/dags/youtube_pipeline.py for tasks to queue
[2026-05-13T19:39:17.415+0000] {logging_mixin.py:188} INFO - [2026-05-13T19:39:17.415+0000] {dagbag.py:540} INFO - Filling up the DagBag from /opt/airflow/dags/youtube_pipeline.py
[2026-05-13T19:39:17.449+0000] {processor.py:840} INFO - DAG(s) 'youtube_pipeline' retrieved from /opt/airflow/dags/youtube_pipeline.py
[2026-05-13T19:39:17.459+0000] {logging_mixin.py:188} INFO - [2026-05-13T19:39:17.459+0000] {dag.py:3096} INFO - Sync 1 DAGs
[2026-05-13T19:39:17.467+0000] {logging_mixin.py:188} INFO - [2026-05-13T19:39:17.467+0000] {dag.py:3954} INFO - Setting next_dagrun for youtube_pipeline to 2026-05-13 00:00:00+00:00, run_after=2026-05-14 00:00:00+00:00
[2026-05-13T19:39:17.472+0000] {processor.py:183} INFO - Processing /opt/airflow/dags/youtube_pipeline.py took 0.065 seconds
[2026-05-13T19:39:47.671+0000] {processor.py:161} INFO - Started process (PID=306) to work on /opt/airflow/dags/youtube_pipeline.py
[2026-05-13T19:39:47.672+0000] {processor.py:830} INFO - Processing file /opt/airflow/dags/youtube_pipeline.py for tasks to queue
[2026-05-13T19:39:47.674+0000] {logging_mixin.py:188} INFO - [2026-05-13T19:39:47.673+0000] {dagbag.py:540} INFO - Filling up the DagBag from /opt/airflow/dags/youtube_pipeline.py
[2026-05-13T19:39:47.709+0000] {processor.py:840} INFO - DAG(s) 'youtube_pipeline' retrieved from /opt/airflow/dags/youtube_pipeline.py
[2026-05-13T19:39:47.720+0000] {logging_mixin.py:188} INFO - [2026-05-13T19:39:47.720+0000] {dag.py:3096} INFO - Sync 1 DAGs
[2026-05-13T19:39:47.727+0000] {logging_mixin.py:188} INFO - [2026-05-13T19:39:47.727+0000] {dag.py:3954} INFO - Setting next_dagrun for youtube_pipeline to 2026-05-13 00:00:00+00:00, run_after=2026-05-14 00:00:00+00:00
[2026-05-13T19:39:47.732+0000] {processor.py:183} INFO - Processing /opt/airflow/dags/youtube_pipeline.py took 0.067 seconds
[2026-05-13T19:40:17.952+0000] {processor.py:161} INFO - Started process (PID=311) to work on /opt/airflow/dags/youtube_pipeline.py
[2026-05-13T19:40:17.953+0000] {processor.py:830} INFO - Processing file /opt/airflow/dags/youtube_pipeline.py for tasks to queue
[2026-05-13T19:40:17.955+0000] {logging_mixin.py:188} INFO - [2026-05-13T19:40:17.954+0000] {dagbag.py:540} INFO - Filling up the DagBag from /opt/airflow/dags/youtube_pipeline.py
[2026-05-13T19:40:17.988+0000] {processor.py:840} INFO - DAG(s) 'youtube_pipeline' retrieved from /opt/airflow/dags/youtube_pipeline.py
[2026-05-13T19:40:17.999+0000] {logging_mixin.py:188} INFO - [2026-05-13T19:40:17.999+0000] {dag.py:3096} INFO - Sync 1 DAGs
[2026-05-13T19:40:18.006+0000] {logging_mixin.py:188} INFO - [2026-05-13T19:40:18.006+0000] {dag.py:3954} INFO - Setting next_dagrun for youtube_pipeline to 2026-05-13 00:00:00+00:00, run_after=2026-05-14 00:00:00+00:00
[2026-05-13T19:40:18.011+0000] {processor.py:183} INFO - Processing /opt/airflow/dags/youtube_pipeline.py took 0.064 seconds
[2026-05-13T19:40:48.204+0000] {processor.py:161} INFO - Started process (PID=316) to work on /opt/airflow/dags/youtube_pipeline.py
[2026-05-13T19:40:48.204+0000] {processor.py:830} INFO - Processing file /opt/airflow/dags/youtube_pipeline.py for tasks to queue
[2026-05-13T19:40:48.206+0000] {logging_mixin.py:188} INFO - [2026-05-13T19:40:48.205+0000] {dagbag.py:540} INFO - Filling up the DagBag from /opt/airflow/dags/youtube_pipeline.py
[2026-05-13T19:40:48.241+0000] {processor.py:840} INFO - DAG(s) 'youtube_pipeline' retrieved from /opt/airflow/dags/youtube_pipeline.py
[2026-05-13T19:40:48.250+0000] {logging_mixin.py:188} INFO - [2026-05-13T19:40:48.250+0000] {dag.py:3096} INFO - Sync 1 DAGs
[2026-05-13T19:40:48.258+0000] {logging_mixin.py:188} INFO - [2026-05-13T19:40:48.258+0000] {dag.py:3954} INFO - Setting next_dagrun for youtube_pipeline to 2026-05-13 00:00:00+00:00, run_after=2026-05-14 00:00:00+00:00
[2026-05-13T19:40:48.264+0000] {processor.py:183} INFO - Processing /opt/airflow/dags/youtube_pipeline.py took 0.065 seconds
[2026-05-13T19:41:18.440+0000] {processor.py:161} INFO - Started process (PID=321) to work on /opt/airflow/dags/youtube_pipeline.py
[2026-05-13T19:41:18.441+0000] {processor.py:830} INFO - Processing file /opt/airflow/dags/youtube_pipeline.py for tasks to queue
[2026-05-13T19:41:18.442+0000] {logging_mixin.py:188} INFO - [2026-05-13T19:41:18.442+0000] {dagbag.py:540} INFO - Filling up the DagBag from /opt/airflow/dags/youtube_pipeline.py
[2026-05-13T19:41:18.478+0000] {processor.py:840} INFO - DAG(s) 'youtube_pipeline' retrieved from /opt/airflow/dags/youtube_pipeline.py
[2026-05-13T19:41:18.488+0000] {logging_mixin.py:188} INFO - [2026-05-13T19:41:18.488+0000] {dag.py:3096} INFO - Sync 1 DAGs
[2026-05-13T19:41:18.495+0000] {logging_mixin.py:188} INFO - [2026-05-13T19:41:18.495+0000] {dag.py:3954} INFO - Setting next_dagrun for youtube_pipeline to 2026-05-13 00:00:00+00:00, run_after=2026-05-14 00:00:00+00:00
[2026-05-13T19:41:18.501+0000] {processor.py:183} INFO - Processing /opt/airflow/dags/youtube_pipeline.py took 0.068 seconds
[2026-05-13T19:41:48.715+0000] {processor.py:161} INFO - Started process (PID=326) to work on /opt/airflow/dags/youtube_pipeline.py
[2026-05-13T19:41:48.716+0000] {processor.py:830} INFO - Processing file /opt/airflow/dags/youtube_pipeline.py for tasks to queue
[2026-05-13T19:41:48.717+0000] {logging_mixin.py:188} INFO - [2026-05-13T19:41:48.716+0000] {dagbag.py:540} INFO - Filling up the DagBag from /opt/airflow/dags/youtube_pipeline.py
[2026-05-13T19:41:48.752+0000] {processor.py:840} INFO - DAG(s) 'youtube_pipeline' retrieved from /opt/airflow/dags/youtube_pipeline.py
[2026-05-13T19:41:48.764+0000] {logging_mixin.py:188} INFO - [2026-05-13T19:41:48.764+0000] {dag.py:3096} INFO - Sync 1 DAGs
[2026-05-13T19:41:48.774+0000] {logging_mixin.py:188} INFO - [2026-05-13T19:41:48.774+0000] {dag.py:3954} INFO - Setting next_dagrun for youtube_pipeline to 2026-05-13 00:00:00+00:00, run_after=2026-05-14 00:00:00+00:00
[2026-05-13T19:41:48.780+0000] {processor.py:183} INFO - Processing /opt/airflow/dags/youtube_pipeline.py took 0.069 seconds
[2026-05-13T19:42:18.981+0000] {processor.py:161} INFO - Started process (PID=331) to work on /opt/airflow/dags/youtube_pipeline.py
[2026-05-13T19:42:18.981+0000] {processor.py:830} INFO - Processing file /opt/airflow/dags/youtube_pipeline.py for tasks to queue
[2026-05-13T19:42:18.983+0000] {logging_mixin.py:188} INFO - [2026-05-13T19:42:18.983+0000] {dagbag.py:540} INFO - Filling up the DagBag from /opt/airflow/dags/youtube_pipeline.py
[2026-05-13T19:42:19.017+0000] {processor.py:840} INFO - DAG(s) 'youtube_pipeline' retrieved from /opt/airflow/dags/youtube_pipeline.py
[2026-05-13T19:42:19.027+0000] {logging_mixin.py:188} INFO - [2026-05-13T19:42:19.027+0000] {dag.py:3096} INFO - Sync 1 DAGs
[2026-05-13T19:42:19.035+0000] {logging_mixin.py:188} INFO - [2026-05-13T19:42:19.035+0000] {dag.py:3954} INFO - Setting next_dagrun for youtube_pipeline to 2026-05-13 00:00:00+00:00, run_after=2026-05-14 00:00:00+00:00
[2026-05-13T19:42:19.041+0000] {processor.py:183} INFO - Processing /opt/airflow/dags/youtube_pipeline.py took 0.066 seconds
[2026-05-13T19:42:49.246+0000] {processor.py:161} INFO - Started process (PID=336) to work on /opt/airflow/dags/youtube_pipeline.py
[2026-05-13T19:42:49.247+0000] {processor.py:830} INFO - Processing file /opt/airflow/dags/youtube_pipeline.py for tasks to queue
[2026-05-13T19:42:49.249+0000] {logging_mixin.py:188} INFO - [2026-05-13T19:42:49.248+0000] {dagbag.py:540} INFO - Filling up the DagBag from /opt/airflow/dags/youtube_pipeline.py
[2026-05-13T19:42:49.281+0000] {processor.py:840} INFO - DAG(s) 'youtube_pipeline' retrieved from /opt/airflow/dags/youtube_pipeline.py
[2026-05-13T19:42:49.293+0000] {logging_mixin.py:188} INFO - [2026-05-13T19:42:49.293+0000] {dag.py:3096} INFO - Sync 1 DAGs
[2026-05-13T19:42:49.308+0000] {logging_mixin.py:188} INFO - [2026-05-13T19:42:49.308+0000] {dag.py:3954} INFO - Setting next_dagrun for youtube_pipeline to 2026-05-13 00:00:00+00:00, run_after=2026-05-14 00:00:00+00:00
[2026-05-13T19:42:49.319+0000] {processor.py:183} INFO - Processing /opt/airflow/dags/youtube_pipeline.py took 0.078 seconds
[2026-05-13T19:43:19.510+0000] {processor.py:161} INFO - Started process (PID=345) to work on /opt/airflow/dags/youtube_pipeline.py
[2026-05-13T19:43:19.512+0000] {processor.py:830} INFO - Processing file /opt/airflow/dags/youtube_pipeline.py for tasks to queue
[2026-05-13T19:43:19.513+0000] {logging_mixin.py:188} INFO - [2026-05-13T19:43:19.513+0000] {dagbag.py:540} INFO - Filling up the DagBag from /opt/airflow/dags/youtube_pipeline.py
[2026-05-13T19:43:19.548+0000] {processor.py:840} INFO - DAG(s) 'youtube_pipeline' retrieved from /opt/airflow/dags/youtube_pipeline.py
[2026-05-13T19:43:19.559+0000] {logging_mixin.py:188} INFO - [2026-05-13T19:43:19.559+0000] {dag.py:3096} INFO - Sync 1 DAGs
[2026-05-13T19:43:19.566+0000] {logging_mixin.py:188} INFO - [2026-05-13T19:43:19.566+0000] {dag.py:3954} INFO - Setting next_dagrun for youtube_pipeline to 2026-05-13 00:00:00+00:00, run_after=2026-05-14 00:00:00+00:00
[2026-05-13T19:43:19.571+0000] {processor.py:183} INFO - Processing /opt/airflow/dags/youtube_pipeline.py took 0.068 seconds
[2026-05-13T19:43:49.795+0000] {processor.py:161} INFO - Started process (PID=350) to work on /opt/airflow/dags/youtube_pipeline.py
[2026-05-13T19:43:49.796+0000] {processor.py:830} INFO - Processing file /opt/airflow/dags/youtube_pipeline.py for tasks to queue
[2026-05-13T19:43:49.798+0000] {logging_mixin.py:188} INFO - [2026-05-13T19:43:49.797+0000] {dagbag.py:540} INFO - Filling up the DagBag from /opt/airflow/dags/youtube_pipeline.py
[2026-05-13T19:43:49.838+0000] {processor.py:840} INFO - DAG(s) 'youtube_pipeline' retrieved from /opt/airflow/dags/youtube_pipeline.py
[2026-05-13T19:43:49.849+0000] {logging_mixin.py:188} INFO - [2026-05-13T19:43:49.849+0000] {dag.py:3096} INFO - Sync 1 DAGs
[2026-05-13T19:43:49.857+0000] {logging_mixin.py:188} INFO - [2026-05-13T19:43:49.857+0000] {dag.py:3954} INFO - Setting next_dagrun for youtube_pipeline to 2026-05-13 00:00:00+00:00, run_after=2026-05-14 00:00:00+00:00
[2026-05-13T19:43:49.862+0000] {processor.py:183} INFO - Processing /opt/airflow/dags/youtube_pipeline.py took 0.073 seconds
[2026-05-13T19:44:20.035+0000] {processor.py:161} INFO - Started process (PID=355) to work on /opt/airflow/dags/youtube_pipeline.py
[2026-05-13T19:44:20.035+0000] {processor.py:830} INFO - Processing file /opt/airflow/dags/youtube_pipeline.py for tasks to queue
[2026-05-13T19:44:20.037+0000] {logging_mixin.py:188} INFO - [2026-05-13T19:44:20.037+0000] {dagbag.py:540} INFO - Filling up the DagBag from /opt/airflow/dags/youtube_pipeline.py
[2026-05-13T19:44:20.070+0000] {processor.py:840} INFO - DAG(s) 'youtube_pipeline' retrieved from /opt/airflow/dags/youtube_pipeline.py
[2026-05-13T19:44:20.080+0000] {logging_mixin.py:188} INFO - [2026-05-13T19:44:20.079+0000] {dag.py:3096} INFO - Sync 1 DAGs
[2026-05-13T19:44:20.087+0000] {logging_mixin.py:188} INFO - [2026-05-13T19:44:20.087+0000] {dag.py:3954} INFO - Setting next_dagrun for youtube_pipeline to 2026-05-13 00:00:00+00:00, run_after=2026-05-14 00:00:00+00:00
[2026-05-13T19:44:20.093+0000] {processor.py:183} INFO - Processing /opt/airflow/dags/youtube_pipeline.py took 0.065 seconds
[2026-05-13T19:44:50.340+0000] {processor.py:161} INFO - Started process (PID=364) to work on /opt/airflow/dags/youtube_pipeline.py
[2026-05-13T19:44:50.342+0000] {processor.py:830} INFO - Processing file /opt/airflow/dags/youtube_pipeline.py for tasks to queue
[2026-05-13T19:44:50.343+0000] {logging_mixin.py:188} INFO - [2026-05-13T19:44:50.343+0000] {dagbag.py:540} INFO - Filling up the DagBag from /opt/airflow/dags/youtube_pipeline.py
[2026-05-13T19:44:50.376+0000] {processor.py:840} INFO - DAG(s) 'youtube_pipeline' retrieved from /opt/airflow/dags/youtube_pipeline.py
[2026-05-13T19:44:50.386+0000] {logging_mixin.py:188} INFO - [2026-05-13T19:44:50.385+0000] {dag.py:3096} INFO - Sync 1 DAGs
[2026-05-13T19:44:50.393+0000] {logging_mixin.py:188} INFO - [2026-05-13T19:44:50.393+0000] {dag.py:3954} INFO - Setting next_dagrun for youtube_pipeline to 2026-05-13 00:00:00+00:00, run_after=2026-05-14 00:00:00+00:00
[2026-05-13T19:44:50.398+0000] {processor.py:183} INFO - Processing /opt/airflow/dags/youtube_pipeline.py took 0.063 seconds
[2026-05-13T19:45:20.583+0000] {processor.py:161} INFO - Started process (PID=369) to work on /opt/airflow/dags/youtube_pipeline.py
[2026-05-13T19:45:20.583+0000] {processor.py:830} INFO - Processing file /opt/airflow/dags/youtube_pipeline.py for tasks to queue
[2026-05-13T19:45:20.585+0000] {logging_mixin.py:188} INFO - [2026-05-13T19:45:20.585+0000] {dagbag.py:540} INFO - Filling up the DagBag from /opt/airflow/dags/youtube_pipeline.py
[2026-05-13T19:45:20.617+0000] {processor.py:840} INFO - DAG(s) 'youtube_pipeline' retrieved from /opt/airflow/dags/youtube_pipeline.py
[2026-05-13T19:45:20.628+0000] {logging_mixin.py:188} INFO - [2026-05-13T19:45:20.628+0000] {dag.py:3096} INFO - Sync 1 DAGs
[2026-05-13T19:45:20.636+0000] {logging_mixin.py:188} INFO - [2026-05-13T19:45:20.636+0000] {dag.py:3954} INFO - Setting next_dagrun for youtube_pipeline to 2026-05-13 00:00:00+00:00, run_after=2026-05-14 00:00:00+00:00
[2026-05-13T19:45:20.641+0000] {processor.py:183} INFO - Processing /opt/airflow/dags/youtube_pipeline.py took 0.063 seconds
[2026-05-13T19:45:50.893+0000] {processor.py:161} INFO - Started process (PID=374) to work on /opt/airflow/dags/youtube_pipeline.py
[2026-05-13T19:45:50.894+0000] {processor.py:830} INFO - Processing file /opt/airflow/dags/youtube_pipeline.py for tasks to queue
[2026-05-13T19:45:50.896+0000] {logging_mixin.py:188} INFO - [2026-05-13T19:45:50.896+0000] {dagbag.py:540} INFO - Filling up the DagBag from /opt/airflow/dags/youtube_pipeline.py
[2026-05-13T19:45:50.931+0000] {processor.py:840} INFO - DAG(s) 'youtube_pipeline' retrieved from /opt/airflow/dags/youtube_pipeline.py
[2026-05-13T19:45:50.941+0000] {logging_mixin.py:188} INFO - [2026-05-13T19:45:50.941+0000] {dag.py:3096} INFO - Sync 1 DAGs
[2026-05-13T19:45:50.949+0000] {logging_mixin.py:188} INFO - [2026-05-13T19:45:50.949+0000] {dag.py:3954} INFO - Setting next_dagrun for youtube_pipeline to 2026-05-13 00:00:00+00:00, run_after=2026-05-14 00:00:00+00:00
[2026-05-13T19:45:50.954+0000] {processor.py:183} INFO - Processing /opt/airflow/dags/youtube_pipeline.py took 0.067 seconds
[2026-05-13T19:46:21.147+0000] {processor.py:161} INFO - Started process (PID=379) to work on /opt/airflow/dags/youtube_pipeline.py
[2026-05-13T19:46:21.148+0000] {processor.py:830} INFO - Processing file /opt/airflow/dags/youtube_pipeline.py for tasks to queue
[2026-05-13T19:46:21.150+0000] {logging_mixin.py:188} INFO - [2026-05-13T19:46:21.149+0000] {dagbag.py:540} INFO - Filling up the DagBag from /opt/airflow/dags/youtube_pipeline.py
[2026-05-13T19:46:21.185+0000] {processor.py:840} INFO - DAG(s) 'youtube_pipeline' retrieved from /opt/airflow/dags/youtube_pipeline.py
[2026-05-13T19:46:21.195+0000] {logging_mixin.py:188} INFO - [2026-05-13T19:46:21.195+0000] {dag.py:3096} INFO - Sync 1 DAGs
[2026-05-13T19:46:21.203+0000] {logging_mixin.py:188} INFO - [2026-05-13T19:46:21.203+0000] {dag.py:3954} INFO - Setting next_dagrun for youtube_pipeline to 2026-05-13 00:00:00+00:00, run_after=2026-05-14 00:00:00+00:00
[2026-05-13T19:46:21.209+0000] {processor.py:183} INFO - Processing /opt/airflow/dags/youtube_pipeline.py took 0.067 seconds
[2026-05-13T19:46:51.412+0000] {processor.py:161} INFO - Started process (PID=384) to work on /opt/airflow/dags/youtube_pipeline.py
[2026-05-13T19:46:51.413+0000] {processor.py:830} INFO - Processing file /opt/airflow/dags/youtube_pipeline.py for tasks to queue
[2026-05-13T19:46:51.415+0000] {logging_mixin.py:188} INFO - [2026-05-13T19:46:51.415+0000] {dagbag.py:540} INFO - Filling up the DagBag from /opt/airflow/dags/youtube_pipeline.py
[2026-05-13T19:46:51.450+0000] {processor.py:840} INFO - DAG(s) 'youtube_pipeline' retrieved from /opt/airflow/dags/youtube_pipeline.py
[2026-05-13T19:46:51.460+0000] {logging_mixin.py:188} INFO - [2026-05-13T19:46:51.460+0000] {dag.py:3096} INFO - Sync 1 DAGs
[2026-05-13T19:46:51.467+0000] {logging_mixin.py:188} INFO - [2026-05-13T19:46:51.467+0000] {dag.py:3954} INFO - Setting next_dagrun for youtube_pipeline to 2026-05-13 00:00:00+00:00, run_after=2026-05-14 00:00:00+00:00
[2026-05-13T19:46:51.472+0000] {processor.py:183} INFO - Processing /opt/airflow/dags/youtube_pipeline.py took 0.066 seconds
[2026-05-13T19:47:21.671+0000] {processor.py:161} INFO - Started process (PID=389) to work on /opt/airflow/dags/youtube_pipeline.py
[2026-05-13T19:47:21.671+0000] {processor.py:830} INFO - Processing file /opt/airflow/dags/youtube_pipeline.py for tasks to queue
[2026-05-13T19:47:21.673+0000] {logging_mixin.py:188} INFO - [2026-05-13T19:47:21.673+0000] {dagbag.py:540} INFO - Filling up the DagBag from /opt/airflow/dags/youtube_pipeline.py
[2026-05-13T19:47:21.708+0000] {processor.py:840} INFO - DAG(s) 'youtube_pipeline' retrieved from /opt/airflow/dags/youtube_pipeline.py
[2026-05-13T19:47:21.718+0000] {logging_mixin.py:188} INFO - [2026-05-13T19:47:21.718+0000] {dag.py:3096} INFO - Sync 1 DAGs
[2026-05-13T19:47:21.725+0000] {logging_mixin.py:188} INFO - [2026-05-13T19:47:21.725+0000] {dag.py:3954} INFO - Setting next_dagrun for youtube_pipeline to 2026-05-13 00:00:00+00:00, run_after=2026-05-14 00:00:00+00:00
[2026-05-13T19:47:21.732+0000] {processor.py:183} INFO - Processing /opt/airflow/dags/youtube_pipeline.py took 0.067 seconds
[2026-05-13T19:47:51.979+0000] {processor.py:161} INFO - Started process (PID=394) to work on /opt/airflow/dags/youtube_pipeline.py
[2026-05-13T19:47:51.980+0000] {processor.py:830} INFO - Processing file /opt/airflow/dags/youtube_pipeline.py for tasks to queue
[2026-05-13T19:47:51.981+0000] {logging_mixin.py:188} INFO - [2026-05-13T19:47:51.981+0000] {dagbag.py:540} INFO - Filling up the DagBag from /opt/airflow/dags/youtube_pipeline.py
[2026-05-13T19:47:52.016+0000] {processor.py:840} INFO - DAG(s) 'youtube_pipeline' retrieved from /opt/airflow/dags/youtube_pipeline.py
[2026-05-13T19:47:52.026+0000] {logging_mixin.py:188} INFO - [2026-05-13T19:47:52.026+0000] {dag.py:3096} INFO - Sync 1 DAGs
[2026-05-13T19:47:52.034+0000] {logging_mixin.py:188} INFO - [2026-05-13T19:47:52.034+0000] {dag.py:3954} INFO - Setting next_dagrun for youtube_pipeline to 2026-05-13 00:00:00+00:00, run_after=2026-05-14 00:00:00+00:00
[2026-05-13T19:47:52.040+0000] {processor.py:183} INFO - Processing /opt/airflow/dags/youtube_pipeline.py took 0.066 seconds
[2026-05-13T19:48:22.263+0000] {processor.py:161} INFO - Started process (PID=399) to work on /opt/airflow/dags/youtube_pipeline.py
[2026-05-13T19:48:22.264+0000] {processor.py:830} INFO - Processing file /opt/airflow/dags/youtube_pipeline.py for tasks to queue
[2026-05-13T19:48:22.266+0000] {logging_mixin.py:188} INFO - [2026-05-13T19:48:22.265+0000] {dagbag.py:540} INFO - Filling up the DagBag from /opt/airflow/dags/youtube_pipeline.py
[2026-05-13T19:48:22.301+0000] {processor.py:840} INFO - DAG(s) 'youtube_pipeline' retrieved from /opt/airflow/dags/youtube_pipeline.py
[2026-05-13T19:48:22.311+0000] {logging_mixin.py:188} INFO - [2026-05-13T19:48:22.310+0000] {dag.py:3096} INFO - Sync 1 DAGs
[2026-05-13T19:48:22.319+0000] {logging_mixin.py:188} INFO - [2026-05-13T19:48:22.319+0000] {dag.py:3954} INFO - Setting next_dagrun for youtube_pipeline to 2026-05-13 00:00:00+00:00, run_after=2026-05-14 00:00:00+00:00
[2026-05-13T19:48:22.324+0000] {processor.py:183} INFO - Processing /opt/airflow/dags/youtube_pipeline.py took 0.066 seconds
[2026-05-13T19:48:52.565+0000] {processor.py:161} INFO - Started process (PID=404) to work on /opt/airflow/dags/youtube_pipeline.py
[2026-05-13T19:48:52.566+0000] {processor.py:830} INFO - Processing file /opt/airflow/dags/youtube_pipeline.py for tasks to queue
[2026-05-13T19:48:52.567+0000] {logging_mixin.py:188} INFO - [2026-05-13T19:48:52.567+0000] {dagbag.py:540} INFO - Filling up the DagBag from /opt/airflow/dags/youtube_pipeline.py
[2026-05-13T19:48:52.601+0000] {processor.py:840} INFO - DAG(s) 'youtube_pipeline' retrieved from /opt/airflow/dags/youtube_pipeline.py
[2026-05-13T19:48:52.611+0000] {logging_mixin.py:188} INFO - [2026-05-13T19:48:52.611+0000] {dag.py:3096} INFO - Sync 1 DAGs
[2026-05-13T19:48:52.618+0000] {logging_mixin.py:188} INFO - [2026-05-13T19:48:52.618+0000] {dag.py:3954} INFO - Setting next_dagrun for youtube_pipeline to 2026-05-13 00:00:00+00:00, run_after=2026-05-14 00:00:00+00:00
[2026-05-13T19:48:52.624+0000] {processor.py:183} INFO - Processing /opt/airflow/dags/youtube_pipeline.py took 0.064 seconds
[2026-05-13T19:49:22.842+0000] {processor.py:161} INFO - Started process (PID=409) to work on /opt/airflow/dags/youtube_pipeline.py
[2026-05-13T19:49:22.842+0000] {processor.py:830} INFO - Processing file /opt/airflow/dags/youtube_pipeline.py for tasks to queue
[2026-05-13T19:49:22.844+0000] {logging_mixin.py:188} INFO - [2026-05-13T19:49:22.844+0000] {dagbag.py:540} INFO - Filling up the DagBag from /opt/airflow/dags/youtube_pipeline.py
[2026-05-13T19:49:22.879+0000] {processor.py:840} INFO - DAG(s) 'youtube_pipeline' retrieved from /opt/airflow/dags/youtube_pipeline.py
[2026-05-13T19:49:22.889+0000] {logging_mixin.py:188} INFO - [2026-05-13T19:49:22.889+0000] {dag.py:3096} INFO - Sync 1 DAGs
[2026-05-13T19:49:22.896+0000] {logging_mixin.py:188} INFO - [2026-05-13T19:49:22.896+0000] {dag.py:3954} INFO - Setting next_dagrun for youtube_pipeline to 2026-05-13 00:00:00+00:00, run_after=2026-05-14 00:00:00+00:00
[2026-05-13T19:49:22.902+0000] {processor.py:183} INFO - Processing /opt/airflow/dags/youtube_pipeline.py took 0.066 seconds
[2026-05-13T19:49:53.110+0000] {processor.py:161} INFO - Started process (PID=414) to work on /opt/airflow/dags/youtube_pipeline.py
[2026-05-13T19:49:53.111+0000] {processor.py:830} INFO - Processing file /opt/airflow/dags/youtube_pipeline.py for tasks to queue
[2026-05-13T19:49:53.112+0000] {logging_mixin.py:188} INFO - [2026-05-13T19:49:53.112+0000] {dagbag.py:540} INFO - Filling up the DagBag from /opt/airflow/dags/youtube_pipeline.py
[2026-05-13T19:49:53.147+0000] {processor.py:840} INFO - DAG(s) 'youtube_pipeline' retrieved from /opt/airflow/dags/youtube_pipeline.py
[2026-05-13T19:49:53.157+0000] {logging_mixin.py:188} INFO - [2026-05-13T19:49:53.157+0000] {dag.py:3096} INFO - Sync 1 DAGs
[2026-05-13T19:49:53.164+0000] {logging_mixin.py:188} INFO - [2026-05-13T19:49:53.164+0000] {dag.py:3954} INFO - Setting next_dagrun for youtube_pipeline to 2026-05-13 00:00:00+00:00, run_after=2026-05-14 00:00:00+00:00
[2026-05-13T19:49:53.170+0000] {processor.py:183} INFO - Processing /opt/airflow/dags/youtube_pipeline.py took 0.065 seconds
