[2026-05-12T18:56:27.193+0000] {manager.py:470} INFO - Processing files using up to 2 processes at a time 
[2026-05-12T18:56:27.194+0000] {manager.py:471} INFO - Process each file at most once every 30 seconds
[2026-05-12T18:56:27.194+0000] {manager.py:472} INFO - Checking for new files in /opt/airflow/dags every 300 seconds
[2026-05-12T18:56:27.194+0000] {manager.py:737} INFO - Searching for files in /opt/airflow/dags
[2026-05-12T18:56:27.195+0000] {manager.py:740} INFO - There are 1 files in /opt/airflow/dags
[2026-05-12T18:56:27.224+0000] {manager.py:878} INFO - 
================================================================================
DAG File Processing Stats

File Path                                PID  Runtime      # DAGs    # Errors  Last Runtime    Last Run
-------------------------------------  -----  ---------  --------  ----------  --------------  ----------
/opt/airflow/dags/youtube_pipeline.py    166  0.01s             0           0
================================================================================
[2026-05-12T18:56:57.467+0000] {manager.py:878} INFO - 
================================================================================
DAG File Processing Stats

File Path                                PID  Runtime      # DAGs    # Errors  Last Runtime    Last Run
-------------------------------------  -----  ---------  --------  ----------  --------------  -------------------
/opt/airflow/dags/youtube_pipeline.py    173  0.01s             1           0  0.11s           2026-05-12T18:56:27
================================================================================
[2026-05-12T18:57:27.809+0000] {manager.py:878} INFO - 
================================================================================
DAG File Processing Stats

File Path                                PID  Runtime      # DAGs    # Errors  Last Runtime    Last Run
-------------------------------------  -----  ---------  --------  ----------  --------------  -------------------
/opt/airflow/dags/youtube_pipeline.py    178  0.01s             1           0  0.23s           2026-05-12T18:56:57
================================================================================
[2026-05-12T18:57:58.087+0000] {manager.py:878} INFO - 
================================================================================
DAG File Processing Stats

File Path                                PID  Runtime      # DAGs    # Errors  Last Runtime    Last Run
-------------------------------------  -----  ---------  --------  ----------  --------------  -------------------
/opt/airflow/dags/youtube_pipeline.py    183  0.01s             1           0  0.08s           2026-05-12T18:57:27
================================================================================
[2026-05-12T18:58:20.749+0000] {manager.py:452} INFO - Exiting gracefully upon receiving signal 15
[2026-05-12T19:01:04.516+0000] {manager.py:470} INFO - Processing files using up to 2 processes at a time 
[2026-05-12T19:01:04.516+0000] {manager.py:471} INFO - Process each file at most once every 30 seconds
[2026-05-12T19:01:04.516+0000] {manager.py:472} INFO - Checking for new files in /opt/airflow/dags every 300 seconds
[2026-05-12T19:01:04.516+0000] {manager.py:737} INFO - Searching for files in /opt/airflow/dags
[2026-05-12T19:01:04.524+0000] {manager.py:740} INFO - There are 1 files in /opt/airflow/dags
[2026-05-12T19:01:04.561+0000] {manager.py:878} INFO - 
================================================================================
DAG File Processing Stats

File Path                                PID  Runtime      # DAGs    # Errors  Last Runtime    Last Run
-------------------------------------  -----  ---------  --------  ----------  --------------  ----------
/opt/airflow/dags/youtube_pipeline.py    165  0.01s             0           0
================================================================================
[2026-05-12T19:01:34.771+0000] {manager.py:878} INFO - 
================================================================================
DAG File Processing Stats

File Path                                PID  Runtime      # DAGs    # Errors  Last Runtime    Last Run
-------------------------------------  -----  ---------  --------  ----------  --------------  -------------------
/opt/airflow/dags/youtube_pipeline.py    173  0.01s             1           0  0.12s           2026-05-12T19:01:04
================================================================================
[2026-05-12T19:02:05.168+0000] {manager.py:878} INFO - 
================================================================================
DAG File Processing Stats

File Path                                PID  Runtime      # DAGs    # Errors  Last Runtime    Last Run
-------------------------------------  -----  ---------  --------  ----------  --------------  -------------------
/opt/airflow/dags/youtube_pipeline.py    178  0.01s             1           0  0.15s           2026-05-12T19:01:34
================================================================================
[2026-05-12T19:02:35.458+0000] {manager.py:878} INFO - 
================================================================================
DAG File Processing Stats

File Path                                PID  Runtime      # DAGs    # Errors  Last Runtime    Last Run
-------------------------------------  -----  ---------  --------  ----------  --------------  -------------------
/opt/airflow/dags/youtube_pipeline.py    183  0.01s             1           0  0.09s           2026-05-12T19:02:05
================================================================================
[2026-05-12T19:02:49.585+0000] {manager.py:452} INFO - Exiting gracefully upon receiving signal 15
[2026-05-12T19:03:31.593+0000] {manager.py:470} INFO - Processing files using up to 2 processes at a time 
[2026-05-12T19:03:31.594+0000] {manager.py:471} INFO - Process each file at most once every 30 seconds
[2026-05-12T19:03:31.594+0000] {manager.py:472} INFO - Checking for new files in /opt/airflow/dags every 300 seconds
[2026-05-12T19:03:31.594+0000] {manager.py:737} INFO - Searching for files in /opt/airflow/dags
[2026-05-12T19:03:31.595+0000] {manager.py:740} INFO - There are 1 files in /opt/airflow/dags
[2026-05-12T19:03:31.623+0000] {manager.py:878} INFO - 
================================================================================
DAG File Processing Stats

File Path                                PID  Runtime      # DAGs    # Errors  Last Runtime    Last Run
-------------------------------------  -----  ---------  --------  ----------  --------------  ----------
/opt/airflow/dags/youtube_pipeline.py    165  0.01s             0           0
================================================================================
[2026-05-12T19:04:01.813+0000] {manager.py:878} INFO - 
================================================================================
DAG File Processing Stats

File Path                                PID  Runtime      # DAGs    # Errors  Last Runtime    Last Run
-------------------------------------  -----  ---------  --------  ----------  --------------  -------------------
/opt/airflow/dags/youtube_pipeline.py    171  0.00s             1           0  0.11s           2026-05-12T19:03:31
================================================================================
[2026-05-12T19:04:32.192+0000] {manager.py:878} INFO - 
================================================================================
DAG File Processing Stats

File Path                                PID  Runtime      # DAGs    # Errors  Last Runtime    Last Run
-------------------------------------  -----  ---------  --------  ----------  --------------  -------------------
/opt/airflow/dags/youtube_pipeline.py    176  0.01s             1           0  0.15s           2026-05-12T19:04:01
================================================================================
[2026-05-12T19:05:02.507+0000] {manager.py:878} INFO - 
================================================================================
DAG File Processing Stats

File Path                                PID  Runtime      # DAGs    # Errors  Last Runtime    Last Run
-------------------------------------  -----  ---------  --------  ----------  --------------  -------------------
/opt/airflow/dags/youtube_pipeline.py    181  0.01s             1           0  0.08s           2026-05-12T19:04:32
================================================================================
[2026-05-12T19:05:32.794+0000] {manager.py:878} INFO - 
================================================================================
DAG File Processing Stats

File Path                                PID  Runtime      # DAGs    # Errors  Last Runtime    Last Run
-------------------------------------  -----  ---------  --------  ----------  --------------  -------------------
/opt/airflow/dags/youtube_pipeline.py    186  0.01s             1           0  0.08s           2026-05-12T19:05:02
================================================================================
[2026-05-12T19:06:03.064+0000] {manager.py:878} INFO - 
================================================================================
DAG File Processing Stats

File Path                                PID  Runtime      # DAGs    # Errors  Last Runtime    Last Run
-------------------------------------  -----  ---------  --------  ----------  --------------  -------------------
/opt/airflow/dags/youtube_pipeline.py    191  0.01s             1           0  0.08s           2026-05-12T19:05:32
================================================================================
[2026-05-12T19:06:33.363+0000] {manager.py:878} INFO - 
================================================================================
DAG File Processing Stats

File Path                                PID  Runtime      # DAGs    # Errors  Last Runtime    Last Run
-------------------------------------  -----  ---------  --------  ----------  --------------  -------------------
/opt/airflow/dags/youtube_pipeline.py    196  0.01s             1           0  0.08s           2026-05-12T19:06:03
================================================================================
[2026-05-12T19:06:36.763+0000] {manager.py:452} INFO - Exiting gracefully upon receiving signal 15
[2026-05-12T19:06:44.288+0000] {manager.py:470} INFO - Processing files using up to 2 processes at a time 
[2026-05-12T19:06:44.288+0000] {manager.py:471} INFO - Process each file at most once every 30 seconds
[2026-05-12T19:06:44.289+0000] {manager.py:472} INFO - Checking for new files in /opt/airflow/dags every 300 seconds
[2026-05-12T19:06:44.289+0000] {manager.py:737} INFO - Searching for files in /opt/airflow/dags
[2026-05-12T19:06:44.290+0000] {manager.py:740} INFO - There are 1 files in /opt/airflow/dags
[2026-05-12T19:06:44.320+0000] {manager.py:878} INFO - 
================================================================================
DAG File Processing Stats

File Path                                PID  Runtime      # DAGs    # Errors  Last Runtime    Last Run
-------------------------------------  -----  ---------  --------  ----------  --------------  ----------
/opt/airflow/dags/youtube_pipeline.py    166  0.01s             0           0
================================================================================
[2026-05-12T19:07:14.551+0000] {manager.py:878} INFO - 
================================================================================
DAG File Processing Stats

File Path                                PID  Runtime      # DAGs    # Errors  Last Runtime    Last Run
-------------------------------------  -----  ---------  --------  ----------  --------------  -------------------
/opt/airflow/dags/youtube_pipeline.py    173  0.01s             1           0  0.12s           2026-05-12T19:06:44
================================================================================
[2026-05-12T19:07:44.909+0000] {manager.py:878} INFO - 
================================================================================
DAG File Processing Stats

File Path                                PID  Runtime      # DAGs    # Errors  Last Runtime    Last Run
-------------------------------------  -----  ---------  --------  ----------  --------------  -------------------
/opt/airflow/dags/youtube_pipeline.py    178  0.01s             1           0  0.16s           2026-05-12T19:07:14
================================================================================
[2026-05-12T19:08:15.204+0000] {manager.py:878} INFO - 
================================================================================
DAG File Processing Stats

File Path                                PID  Runtime      # DAGs    # Errors  Last Runtime    Last Run
-------------------------------------  -----  ---------  --------  ----------  --------------  -------------------
/opt/airflow/dags/youtube_pipeline.py    183  0.01s             1           0  0.08s           2026-05-12T19:07:44
================================================================================
[2026-05-12T19:08:45.496+0000] {manager.py:878} INFO - 
================================================================================
DAG File Processing Stats

File Path                                PID  Runtime      # DAGs    # Errors  Last Runtime    Last Run
-------------------------------------  -----  ---------  --------  ----------  --------------  -------------------
/opt/airflow/dags/youtube_pipeline.py    190  0.01s             1           0  0.08s           2026-05-12T19:08:15
================================================================================
[2026-05-12T19:09:15.788+0000] {manager.py:878} INFO - 
================================================================================
DAG File Processing Stats

File Path                                PID  Runtime      # DAGs    # Errors  Last Runtime    Last Run
-------------------------------------  -----  ---------  --------  ----------  --------------  -------------------
/opt/airflow/dags/youtube_pipeline.py    195  0.01s             1           0  0.08s           2026-05-12T19:08:45
================================================================================
[2026-05-12T19:09:46.063+0000] {manager.py:878} INFO - 
================================================================================
DAG File Processing Stats

File Path                                PID  Runtime      # DAGs    # Errors  Last Runtime    Last Run
-------------------------------------  -----  ---------  --------  ----------  --------------  -------------------
/opt/airflow/dags/youtube_pipeline.py    200  0.01s             1           0  0.08s           2026-05-12T19:09:15
================================================================================
[2026-05-12T19:10:16.400+0000] {manager.py:878} INFO - 
================================================================================
DAG File Processing Stats

File Path                                PID  Runtime      # DAGs    # Errors  Last Runtime    Last Run
-------------------------------------  -----  ---------  --------  ----------  --------------  -------------------
/opt/airflow/dags/youtube_pipeline.py    209  0.01s             1           0  0.09s           2026-05-12T19:09:46
================================================================================
[2026-05-12T19:10:46.698+0000] {manager.py:878} INFO - 
================================================================================
DAG File Processing Stats

File Path                                PID  Runtime      # DAGs    # Errors  Last Runtime    Last Run
-------------------------------------  -----  ---------  --------  ----------  --------------  -------------------
/opt/airflow/dags/youtube_pipeline.py    214  0.00s             1           0  0.08s           2026-05-12T19:10:16
================================================================================
[2026-05-12T19:11:16.987+0000] {manager.py:878} INFO - 
================================================================================
DAG File Processing Stats

File Path                                PID  Runtime      # DAGs    # Errors  Last Runtime    Last Run
-------------------------------------  -----  ---------  --------  ----------  --------------  -------------------
/opt/airflow/dags/youtube_pipeline.py    219  0.01s             1           0  0.08s           2026-05-12T19:10:46
================================================================================
[2026-05-12T19:11:45.232+0000] {manager.py:737} INFO - Searching for files in /opt/airflow/dags
[2026-05-12T19:11:45.237+0000] {manager.py:740} INFO - There are 1 files in /opt/airflow/dags
[2026-05-12T19:11:47.276+0000] {manager.py:878} INFO - 
================================================================================
DAG File Processing Stats

File Path                                PID  Runtime      # DAGs    # Errors  Last Runtime    Last Run
-------------------------------------  -----  ---------  --------  ----------  --------------  -------------------
/opt/airflow/dags/youtube_pipeline.py    228  0.01s             1           0  0.09s           2026-05-12T19:11:17
================================================================================
[2026-05-12T19:12:06.638+0000] {manager.py:452} INFO - Exiting gracefully upon receiving signal 15
[2026-05-13T08:13:39.816+0000] {manager.py:470} INFO - Processing files using up to 2 processes at a time 
[2026-05-13T08:13:39.817+0000] {manager.py:471} INFO - Process each file at most once every 30 seconds
[2026-05-13T08:13:39.817+0000] {manager.py:472} INFO - Checking for new files in /opt/airflow/dags every 300 seconds
[2026-05-13T08:13:39.817+0000] {manager.py:737} INFO - Searching for files in /opt/airflow/dags
[2026-05-13T08:13:39.818+0000] {manager.py:740} INFO - There are 1 files in /opt/airflow/dags
[2026-05-13T08:13:39.866+0000] {manager.py:878} INFO - 
================================================================================
DAG File Processing Stats

File Path                                PID  Runtime      # DAGs    # Errors  Last Runtime    Last Run
-------------------------------------  -----  ---------  --------  ----------  --------------  ----------
/opt/airflow/dags/youtube_pipeline.py    165  0.02s             0           0
================================================================================
[2026-05-13T08:14:10.129+0000] {manager.py:878} INFO - 
================================================================================
DAG File Processing Stats

File Path                                PID  Runtime      # DAGs    # Errors  Last Runtime    Last Run
-------------------------------------  -----  ---------  --------  ----------  --------------  -------------------
/opt/airflow/dags/youtube_pipeline.py    175  0.01s             1           0  0.15s           2026-05-13T08:13:39
================================================================================
[2026-05-13T08:14:40.468+0000] {manager.py:878} INFO - 
================================================================================
DAG File Processing Stats

File Path                                PID  Runtime      # DAGs    # Errors  Last Runtime    Last Run
-------------------------------------  -----  ---------  --------  ----------  --------------  -------------------
/opt/airflow/dags/youtube_pipeline.py    180  0.02s             1           0  0.16s           2026-05-13T08:14:10
================================================================================
[2026-05-13T08:15:10.755+0000] {manager.py:878} INFO - 
================================================================================
DAG File Processing Stats

File Path                                PID  Runtime      # DAGs    # Errors  Last Runtime    Last Run
-------------------------------------  -----  ---------  --------  ----------  --------------  -------------------
/opt/airflow/dags/youtube_pipeline.py    185  0.00s             1           0  0.12s           2026-05-13T08:14:40
================================================================================
[2026-05-13T08:15:41.113+0000] {manager.py:878} INFO - 
================================================================================
DAG File Processing Stats

File Path                                PID  Runtime      # DAGs    # Errors  Last Runtime    Last Run
-------------------------------------  -----  ---------  --------  ----------  --------------  -------------------
/opt/airflow/dags/youtube_pipeline.py    190  0.01s             1           0  0.08s           2026-05-13T08:15:10
================================================================================
[2026-05-13T08:16:11.393+0000] {manager.py:878} INFO - 
================================================================================
DAG File Processing Stats

File Path                                PID  Runtime      # DAGs    # Errors  Last Runtime    Last Run
-------------------------------------  -----  ---------  --------  ----------  --------------  -------------------
/opt/airflow/dags/youtube_pipeline.py    195  0.01s             1           0  0.09s           2026-05-13T08:15:41
================================================================================
[2026-05-13T08:16:41.701+0000] {manager.py:878} INFO - 
================================================================================
DAG File Processing Stats

File Path                                PID  Runtime      # DAGs    # Errors  Last Runtime    Last Run
-------------------------------------  -----  ---------  --------  ----------  --------------  -------------------
/opt/airflow/dags/youtube_pipeline.py    200  0.01s             1           0  0.09s           2026-05-13T08:16:11
================================================================================
[2026-05-13T08:17:12.023+0000] {manager.py:878} INFO - 
================================================================================
DAG File Processing Stats

File Path                                PID  Runtime      # DAGs    # Errors  Last Runtime    Last Run
-------------------------------------  -----  ---------  --------  ----------  --------------  -------------------
/opt/airflow/dags/youtube_pipeline.py    205  0.01s             1           0  0.10s           2026-05-13T08:16:41
================================================================================
[2026-05-13T08:17:42.335+0000] {manager.py:878} INFO - 
================================================================================
DAG File Processing Stats

File Path                                PID  Runtime      # DAGs    # Errors  Last Runtime    Last Run
-------------------------------------  -----  ---------  --------  ----------  --------------  -------------------
/opt/airflow/dags/youtube_pipeline.py    210  0.01s             1           0  0.10s           2026-05-13T08:17:12
================================================================================
[2026-05-13T08:18:12.612+0000] {manager.py:878} INFO - 
================================================================================
DAG File Processing Stats

File Path                                PID  Runtime      # DAGs    # Errors  Last Runtime    Last Run
-------------------------------------  -----  ---------  --------  ----------  --------------  -------------------
/opt/airflow/dags/youtube_pipeline.py    215  0.01s             1           0  0.08s           2026-05-13T08:17:42
================================================================================
[2026-05-13T08:18:39.869+0000] {manager.py:737} INFO - Searching for files in /opt/airflow/dags
[2026-05-13T08:18:39.873+0000] {manager.py:740} INFO - There are 1 files in /opt/airflow/dags
[2026-05-13T08:18:42.920+0000] {manager.py:878} INFO - 
================================================================================
DAG File Processing Stats

File Path                                PID  Runtime      # DAGs    # Errors  Last Runtime    Last Run
-------------------------------------  -----  ---------  --------  ----------  --------------  -------------------
/opt/airflow/dags/youtube_pipeline.py    220  0.01s             1           0  0.09s           2026-05-13T08:18:12
================================================================================
[2026-05-13T08:19:13.232+0000] {manager.py:878} INFO - 
================================================================================
DAG File Processing Stats

File Path                                PID  Runtime      # DAGs    # Errors  Last Runtime    Last Run
-------------------------------------  -----  ---------  --------  ----------  --------------  -------------------
/opt/airflow/dags/youtube_pipeline.py    225  0.01s             1           0  0.09s           2026-05-13T08:18:43
================================================================================
[2026-05-13T08:19:43.546+0000] {manager.py:878} INFO - 
================================================================================
DAG File Processing Stats

File Path                                PID  Runtime      # DAGs    # Errors  Last Runtime    Last Run
-------------------------------------  -----  ---------  --------  ----------  --------------  -------------------
/opt/airflow/dags/youtube_pipeline.py    230  0.00s             1           0  0.09s           2026-05-13T08:19:13
================================================================================
[2026-05-13T08:20:13.844+0000] {manager.py:878} INFO - 
================================================================================
DAG File Processing Stats

File Path                                PID  Runtime      # DAGs    # Errors  Last Runtime    Last Run
-------------------------------------  -----  ---------  --------  ----------  --------------  -------------------
/opt/airflow/dags/youtube_pipeline.py    235  0.01s             1           0  0.07s           2026-05-13T08:19:43
================================================================================
[2026-05-13T08:20:44.112+0000] {manager.py:878} INFO - 
================================================================================
DAG File Processing Stats

File Path                                PID  Runtime      # DAGs    # Errors  Last Runtime    Last Run
-------------------------------------  -----  ---------  --------  ----------  --------------  -------------------
/opt/airflow/dags/youtube_pipeline.py    240  0.01s             1           0  0.09s           2026-05-13T08:20:13
================================================================================
[2026-05-13T08:21:14.414+0000] {manager.py:878} INFO - 
================================================================================
DAG File Processing Stats

File Path                                PID  Runtime      # DAGs    # Errors  Last Runtime    Last Run
-------------------------------------  -----  ---------  --------  ----------  --------------  -------------------
/opt/airflow/dags/youtube_pipeline.py    245  0.01s             1           0  0.09s           2026-05-13T08:20:44
================================================================================
[2026-05-13T08:21:44.705+0000] {manager.py:878} INFO - 
================================================================================
DAG File Processing Stats

File Path                                PID  Runtime      # DAGs    # Errors  Last Runtime    Last Run
-------------------------------------  -----  ---------  --------  ----------  --------------  -------------------
/opt/airflow/dags/youtube_pipeline.py    250  0.01s             1           0  0.10s           2026-05-13T08:21:14
================================================================================
[2026-05-13T08:22:14.976+0000] {manager.py:878} INFO - 
================================================================================
DAG File Processing Stats

File Path                                PID  Runtime      # DAGs    # Errors  Last Runtime    Last Run
-------------------------------------  -----  ---------  --------  ----------  --------------  -------------------
/opt/airflow/dags/youtube_pipeline.py    255  0.01s             1           0  0.10s           2026-05-13T08:21:44
================================================================================
[2026-05-13T08:22:45.245+0000] {manager.py:878} INFO - 
================================================================================
DAG File Processing Stats

File Path                                PID  Runtime      # DAGs    # Errors  Last Runtime    Last Run
-------------------------------------  -----  ---------  --------  ----------  --------------  -------------------
/opt/airflow/dags/youtube_pipeline.py    260  0.01s             1           0  0.09s           2026-05-13T08:22:15
================================================================================
[2026-05-13T08:23:15.511+0000] {manager.py:878} INFO - 
================================================================================
DAG File Processing Stats

File Path                                PID  Runtime      # DAGs    # Errors  Last Runtime    Last Run
-------------------------------------  -----  ---------  --------  ----------  --------------  -------------------
/opt/airflow/dags/youtube_pipeline.py    265  0.01s             1           0  0.10s           2026-05-13T08:22:45
================================================================================
[2026-05-13T08:23:40.724+0000] {manager.py:737} INFO - Searching for files in /opt/airflow/dags
[2026-05-13T08:23:40.729+0000] {manager.py:740} INFO - There are 1 files in /opt/airflow/dags
[2026-05-13T08:23:45.792+0000] {manager.py:878} INFO - 
================================================================================
DAG File Processing Stats

File Path                                PID  Runtime      # DAGs    # Errors  Last Runtime    Last Run
-------------------------------------  -----  ---------  --------  ----------  --------------  -------------------
/opt/airflow/dags/youtube_pipeline.py    270  0.01s             1           0  0.09s           2026-05-13T08:23:15
================================================================================
[2026-05-13T08:24:16.080+0000] {manager.py:878} INFO - 
================================================================================
DAG File Processing Stats

File Path                                PID  Runtime      # DAGs    # Errors  Last Runtime    Last Run
-------------------------------------  -----  ---------  --------  ----------  --------------  -------------------
/opt/airflow/dags/youtube_pipeline.py    275  0.01s             1           0  0.09s           2026-05-13T08:23:45
================================================================================
[2026-05-13T08:24:46.344+0000] {manager.py:878} INFO - 
================================================================================
DAG File Processing Stats

File Path                                PID  Runtime      # DAGs    # Errors  Last Runtime    Last Run
-------------------------------------  -----  ---------  --------  ----------  --------------  -------------------
/opt/airflow/dags/youtube_pipeline.py    280  0.01s             1           0  0.09s           2026-05-13T08:24:16
================================================================================
[2026-05-13T08:25:16.613+0000] {manager.py:878} INFO - 
================================================================================
DAG File Processing Stats

File Path                                PID  Runtime      # DAGs    # Errors  Last Runtime    Last Run
-------------------------------------  -----  ---------  --------  ----------  --------------  -------------------
/opt/airflow/dags/youtube_pipeline.py    285  0.01s             1           0  0.09s           2026-05-13T08:24:46
================================================================================
[2026-05-13T08:25:46.876+0000] {manager.py:878} INFO - 
================================================================================
DAG File Processing Stats

File Path                                PID  Runtime      # DAGs    # Errors  Last Runtime    Last Run
-------------------------------------  -----  ---------  --------  ----------  --------------  -------------------
/opt/airflow/dags/youtube_pipeline.py    290  0.01s             1           0  0.08s           2026-05-13T08:25:16
================================================================================
[2026-05-13T08:26:17.172+0000] {manager.py:878} INFO - 
================================================================================
DAG File Processing Stats

File Path                                PID  Runtime      # DAGs    # Errors  Last Runtime    Last Run
-------------------------------------  -----  ---------  --------  ----------  --------------  -------------------
/opt/airflow/dags/youtube_pipeline.py    295  0.01s             1           0  0.08s           2026-05-13T08:25:46
================================================================================
[2026-05-13T08:26:47.452+0000] {manager.py:878} INFO - 
================================================================================
DAG File Processing Stats

File Path                                PID  Runtime      # DAGs    # Errors  Last Runtime    Last Run
-------------------------------------  -----  ---------  --------  ----------  --------------  -------------------
/opt/airflow/dags/youtube_pipeline.py    300  0.00s             1           0  0.09s           2026-05-13T08:26:17
================================================================================
[2026-05-13T08:27:17.727+0000] {manager.py:878} INFO - 
================================================================================
DAG File Processing Stats

File Path                                PID  Runtime      # DAGs    # Errors  Last Runtime    Last Run
-------------------------------------  -----  ---------  --------  ----------  --------------  -------------------
/opt/airflow/dags/youtube_pipeline.py    305  0.01s             1           0  0.08s           2026-05-13T08:26:47
================================================================================
[2026-05-13T08:27:47.983+0000] {manager.py:878} INFO - 
================================================================================
DAG File Processing Stats

File Path                                PID  Runtime      # DAGs    # Errors  Last Runtime    Last Run
-------------------------------------  -----  ---------  --------  ----------  --------------  -------------------
/opt/airflow/dags/youtube_pipeline.py    310  0.00s             1           0  0.08s           2026-05-13T08:27:17
================================================================================
[2026-05-13T08:28:18.260+0000] {manager.py:878} INFO - 
================================================================================
DAG File Processing Stats

File Path                                PID  Runtime      # DAGs    # Errors  Last Runtime    Last Run
-------------------------------------  -----  ---------  --------  ----------  --------------  -------------------
/opt/airflow/dags/youtube_pipeline.py    315  0.01s             1           0  0.08s           2026-05-13T08:27:48
================================================================================
[2026-05-13T08:28:41.477+0000] {manager.py:737} INFO - Searching for files in /opt/airflow/dags
[2026-05-13T08:28:41.484+0000] {manager.py:740} INFO - There are 1 files in /opt/airflow/dags
[2026-05-13T08:28:48.573+0000] {manager.py:878} INFO - 
================================================================================
DAG File Processing Stats

File Path                                PID  Runtime      # DAGs    # Errors  Last Runtime    Last Run
-------------------------------------  -----  ---------  --------  ----------  --------------  -------------------
/opt/airflow/dags/youtube_pipeline.py    320  0.01s             1           0  0.08s           2026-05-13T08:28:18
================================================================================
[2026-05-13T08:29:18.847+0000] {manager.py:878} INFO - 
================================================================================
DAG File Processing Stats

File Path                                PID  Runtime      # DAGs    # Errors  Last Runtime    Last Run
-------------------------------------  -----  ---------  --------  ----------  --------------  -------------------
/opt/airflow/dags/youtube_pipeline.py    325  0.02s             1           0  0.09s           2026-05-13T08:28:48
================================================================================
[2026-05-13T08:29:49.191+0000] {manager.py:878} INFO - 
================================================================================
DAG File Processing Stats

File Path                                PID  Runtime      # DAGs    # Errors  Last Runtime    Last Run
-------------------------------------  -----  ---------  --------  ----------  --------------  -------------------
/opt/airflow/dags/youtube_pipeline.py    330  0.01s             1           0  0.13s           2026-05-13T08:29:18
================================================================================
[2026-05-13T08:30:19.490+0000] {manager.py:878} INFO - 
================================================================================
DAG File Processing Stats

File Path                                PID  Runtime      # DAGs    # Errors  Last Runtime    Last Run
-------------------------------------  -----  ---------  --------  ----------  --------------  -------------------
/opt/airflow/dags/youtube_pipeline.py    335  0.01s             1           0  0.10s           2026-05-13T08:29:49
================================================================================
[2026-05-13T08:30:49.785+0000] {manager.py:878} INFO - 
================================================================================
DAG File Processing Stats

File Path                                PID  Runtime      # DAGs    # Errors  Last Runtime    Last Run
-------------------------------------  -----  ---------  --------  ----------  --------------  -------------------
/opt/airflow/dags/youtube_pipeline.py    340  0.01s             1           0  0.09s           2026-05-13T08:30:19
================================================================================
[2026-05-13T08:31:20.062+0000] {manager.py:878} INFO - 
================================================================================
DAG File Processing Stats

File Path                                PID  Runtime      # DAGs    # Errors  Last Runtime    Last Run
-------------------------------------  -----  ---------  --------  ----------  --------------  -------------------
/opt/airflow/dags/youtube_pipeline.py    345  0.01s             1           0  0.09s           2026-05-13T08:30:49
================================================================================
[2026-05-13T08:31:50.408+0000] {manager.py:878} INFO - 
================================================================================
DAG File Processing Stats

File Path                                PID  Runtime      # DAGs    # Errors  Last Runtime    Last Run
-------------------------------------  -----  ---------  --------  ----------  --------------  -------------------
/opt/airflow/dags/youtube_pipeline.py    350  0.01s             1           0  0.10s           2026-05-13T08:31:20
================================================================================
[2026-05-13T08:32:20.700+0000] {manager.py:878} INFO - 
================================================================================
DAG File Processing Stats

File Path                                PID  Runtime      # DAGs    # Errors  Last Runtime    Last Run
-------------------------------------  -----  ---------  --------  ----------  --------------  -------------------
/opt/airflow/dags/youtube_pipeline.py    355  0.01s             1           0  0.09s           2026-05-13T08:31:50
================================================================================
[2026-05-13T08:32:50.984+0000] {manager.py:878} INFO - 
================================================================================
DAG File Processing Stats

File Path                                PID  Runtime      # DAGs    # Errors  Last Runtime    Last Run
-------------------------------------  -----  ---------  --------  ----------  --------------  -------------------
/opt/airflow/dags/youtube_pipeline.py    360  0.01s             1           0  0.09s           2026-05-13T08:32:20
================================================================================
[2026-05-13T08:33:21.291+0000] {manager.py:878} INFO - 
================================================================================
DAG File Processing Stats

File Path                                PID  Runtime      # DAGs    # Errors  Last Runtime    Last Run
-------------------------------------  -----  ---------  --------  ----------  --------------  -------------------
/opt/airflow/dags/youtube_pipeline.py    365  0.01s             1           0  0.10s           2026-05-13T08:32:51
================================================================================
[2026-05-13T08:33:40.634+0000] {manager.py:452} INFO - Exiting gracefully upon receiving signal 15
[2026-05-13T19:25:39.690+0000] {manager.py:470} INFO - Processing files using up to 2 processes at a time 
[2026-05-13T19:25:39.691+0000] {manager.py:471} INFO - Process each file at most once every 30 seconds
[2026-05-13T19:25:39.691+0000] {manager.py:472} INFO - Checking for new files in /opt/airflow/dags every 300 seconds
[2026-05-13T19:25:39.691+0000] {manager.py:737} INFO - Searching for files in /opt/airflow/dags
[2026-05-13T19:25:39.692+0000] {manager.py:740} INFO - There are 1 files in /opt/airflow/dags
[2026-05-13T19:26:00.859+0000] {manager.py:878} INFO - 
================================================================================
DAG File Processing Stats

File Path                              PID    Runtime      # DAGs    # Errors  Last Runtime    Last Run
-------------------------------------  -----  ---------  --------  ----------  --------------  -------------------
/opt/airflow/dags/youtube_pipeline.py                           1           0  0.12s           2026-05-13T19:25:39
================================================================================
[2026-05-13T19:26:31.242+0000] {manager.py:878} INFO - 
================================================================================
DAG File Processing Stats

File Path                              PID    Runtime      # DAGs    # Errors  Last Runtime    Last Run
-------------------------------------  -----  ---------  --------  ----------  --------------  -------------------
/opt/airflow/dags/youtube_pipeline.py                           1           0  0.18s           2026-05-13T19:26:10
================================================================================
[2026-05-13T19:27:01.482+0000] {manager.py:878} INFO - 
================================================================================
DAG File Processing Stats

File Path                              PID    Runtime      # DAGs    # Errors  Last Runtime    Last Run
-------------------------------------  -----  ---------  --------  ----------  --------------  -------------------
/opt/airflow/dags/youtube_pipeline.py                           1           0  0.06s           2026-05-13T19:26:40
================================================================================
[2026-05-13T19:27:31.757+0000] {manager.py:878} INFO - 
================================================================================
DAG File Processing Stats

File Path                              PID    Runtime      # DAGs    # Errors  Last Runtime    Last Run
-------------------------------------  -----  ---------  --------  ----------  --------------  -------------------
/opt/airflow/dags/youtube_pipeline.py                           1           0  0.08s           2026-05-13T19:27:10
================================================================================
[2026-05-13T19:28:02.038+0000] {manager.py:878} INFO - 
================================================================================
DAG File Processing Stats

File Path                              PID    Runtime      # DAGs    # Errors  Last Runtime    Last Run
-------------------------------------  -----  ---------  --------  ----------  --------------  -------------------
/opt/airflow/dags/youtube_pipeline.py                           1           0  0.08s           2026-05-13T19:27:40
================================================================================
[2026-05-13T19:28:32.314+0000] {manager.py:878} INFO - 
================================================================================
DAG File Processing Stats

File Path                              PID    Runtime      # DAGs    # Errors  Last Runtime    Last Run
-------------------------------------  -----  ---------  --------  ----------  --------------  -------------------
/opt/airflow/dags/youtube_pipeline.py                           1           0  0.08s           2026-05-13T19:28:11
================================================================================
[2026-05-13T19:29:02.569+0000] {manager.py:878} INFO - 
================================================================================
DAG File Processing Stats

File Path                              PID    Runtime      # DAGs    # Errors  Last Runtime    Last Run
-------------------------------------  -----  ---------  --------  ----------  --------------  -------------------
/opt/airflow/dags/youtube_pipeline.py                           1           0  0.08s           2026-05-13T19:28:41
================================================================================
[2026-05-13T19:29:32.870+0000] {manager.py:878} INFO - 
================================================================================
DAG File Processing Stats

File Path                              PID    Runtime      # DAGs    # Errors  Last Runtime    Last Run
-------------------------------------  -----  ---------  --------  ----------  --------------  -------------------
/opt/airflow/dags/youtube_pipeline.py                           1           0  0.09s           2026-05-13T19:29:11
================================================================================
[2026-05-13T19:30:03.185+0000] {manager.py:878} INFO - 
================================================================================
DAG File Processing Stats

File Path                              PID    Runtime      # DAGs    # Errors  Last Runtime    Last Run
-------------------------------------  -----  ---------  --------  ----------  --------------  -------------------
/opt/airflow/dags/youtube_pipeline.py                           1           0  0.08s           2026-05-13T19:29:42
================================================================================
[2026-05-13T19:30:33.445+0000] {manager.py:878} INFO - 
================================================================================
DAG File Processing Stats

File Path                              PID    Runtime      # DAGs    # Errors  Last Runtime    Last Run
-------------------------------------  -----  ---------  --------  ----------  --------------  -------------------
/opt/airflow/dags/youtube_pipeline.py                           1           0  0.08s           2026-05-13T19:30:12
================================================================================
[2026-05-13T19:30:40.508+0000] {manager.py:737} INFO - Searching for files in /opt/airflow/dags
[2026-05-13T19:30:40.513+0000] {manager.py:740} INFO - There are 1 files in /opt/airflow/dags
[2026-05-13T19:31:03.745+0000] {manager.py:878} INFO - 
================================================================================
DAG File Processing Stats

File Path                              PID    Runtime      # DAGs    # Errors  Last Runtime    Last Run
-------------------------------------  -----  ---------  --------  ----------  --------------  -------------------
/opt/airflow/dags/youtube_pipeline.py                           1           0  0.08s           2026-05-13T19:30:42
================================================================================
[2026-05-13T19:31:34.019+0000] {manager.py:878} INFO - 
================================================================================
DAG File Processing Stats

File Path                              PID    Runtime      # DAGs    # Errors  Last Runtime    Last Run
-------------------------------------  -----  ---------  --------  ----------  --------------  -------------------
/opt/airflow/dags/youtube_pipeline.py                           1           0  0.07s           2026-05-13T19:31:12
================================================================================
[2026-05-13T19:32:04.276+0000] {manager.py:878} INFO - 
================================================================================
DAG File Processing Stats

File Path                              PID    Runtime      # DAGs    # Errors  Last Runtime    Last Run
-------------------------------------  -----  ---------  --------  ----------  --------------  -------------------
/opt/airflow/dags/youtube_pipeline.py                           1           0  0.08s           2026-05-13T19:31:43
================================================================================
[2026-05-13T19:32:34.599+0000] {manager.py:878} INFO - 
================================================================================
DAG File Processing Stats

File Path                              PID    Runtime      # DAGs    # Errors  Last Runtime    Last Run
-------------------------------------  -----  ---------  --------  ----------  --------------  -------------------
/opt/airflow/dags/youtube_pipeline.py                           1           0  0.08s           2026-05-13T19:32:13
================================================================================
[2026-05-13T19:33:04.886+0000] {manager.py:878} INFO - 
================================================================================
DAG File Processing Stats

File Path                              PID    Runtime      # DAGs    # Errors  Last Runtime    Last Run
-------------------------------------  -----  ---------  --------  ----------  --------------  -------------------
/opt/airflow/dags/youtube_pipeline.py                           1           0  0.08s           2026-05-13T19:32:43
================================================================================
[2026-05-13T19:33:35.165+0000] {manager.py:878} INFO - 
================================================================================
DAG File Processing Stats

File Path                              PID    Runtime      # DAGs    # Errors  Last Runtime    Last Run
-------------------------------------  -----  ---------  --------  ----------  --------------  -------------------
/opt/airflow/dags/youtube_pipeline.py                           1           0  0.08s           2026-05-13T19:33:14
================================================================================
[2026-05-13T19:34:05.462+0000] {manager.py:878} INFO - 
================================================================================
DAG File Processing Stats

File Path                              PID    Runtime      # DAGs    # Errors  Last Runtime    Last Run
-------------------------------------  -----  ---------  --------  ----------  --------------  -------------------
/opt/airflow/dags/youtube_pipeline.py                           1           0  0.08s           2026-05-13T19:33:44
================================================================================
[2026-05-13T19:34:35.720+0000] {manager.py:878} INFO - 
================================================================================
DAG File Processing Stats

File Path                              PID    Runtime      # DAGs    # Errors  Last Runtime    Last Run
-------------------------------------  -----  ---------  --------  ----------  --------------  -------------------
/opt/airflow/dags/youtube_pipeline.py                           1           0  0.08s           2026-05-13T19:34:14
================================================================================
[2026-05-13T19:35:06.035+0000] {manager.py:878} INFO - 
================================================================================
DAG File Processing Stats

File Path                              PID    Runtime      # DAGs    # Errors  Last Runtime    Last Run
-------------------------------------  -----  ---------  --------  ----------  --------------  -------------------
/opt/airflow/dags/youtube_pipeline.py                           1           0  0.08s           2026-05-13T19:34:44
================================================================================
[2026-05-13T19:35:36.309+0000] {manager.py:878} INFO - 
================================================================================
DAG File Processing Stats

File Path                              PID    Runtime      # DAGs    # Errors  Last Runtime    Last Run
-------------------------------------  -----  ---------  --------  ----------  --------------  -------------------
/opt/airflow/dags/youtube_pipeline.py                           1           0  0.07s           2026-05-13T19:35:15
================================================================================
[2026-05-13T19:35:41.354+0000] {manager.py:737} INFO - Searching for files in /opt/airflow/dags
[2026-05-13T19:35:41.356+0000] {manager.py:740} INFO - There are 1 files in /opt/airflow/dags
[2026-05-13T19:36:06.594+0000] {manager.py:878} INFO - 
================================================================================
DAG File Processing Stats

File Path                              PID    Runtime      # DAGs    # Errors  Last Runtime    Last Run
-------------------------------------  -----  ---------  --------  ----------  --------------  -------------------
/opt/airflow/dags/youtube_pipeline.py                           1           0  0.07s           2026-05-13T19:35:45
================================================================================
[2026-05-13T19:36:36.869+0000] {manager.py:878} INFO - 
================================================================================
DAG File Processing Stats

File Path                              PID    Runtime      # DAGs    # Errors  Last Runtime    Last Run
-------------------------------------  -----  ---------  --------  ----------  --------------  -------------------
/opt/airflow/dags/youtube_pipeline.py                           1           0  0.08s           2026-05-13T19:36:15
================================================================================
[2026-05-13T19:37:07.169+0000] {manager.py:878} INFO - 
================================================================================
DAG File Processing Stats

File Path                              PID    Runtime      # DAGs    # Errors  Last Runtime    Last Run
-------------------------------------  -----  ---------  --------  ----------  --------------  -------------------
/opt/airflow/dags/youtube_pipeline.py                           1           0  0.08s           2026-05-13T19:36:46
================================================================================
[2026-05-13T19:37:37.467+0000] {manager.py:878} INFO - 
================================================================================
DAG File Processing Stats

File Path                              PID    Runtime      # DAGs    # Errors  Last Runtime    Last Run
-------------------------------------  -----  ---------  --------  ----------  --------------  -------------------
/opt/airflow/dags/youtube_pipeline.py                           1           0  0.08s           2026-05-13T19:37:16
================================================================================
[2026-05-13T19:38:07.729+0000] {manager.py:878} INFO - 
================================================================================
DAG File Processing Stats

File Path                              PID    Runtime      # DAGs    # Errors  Last Runtime    Last Run
-------------------------------------  -----  ---------  --------  ----------  --------------  -------------------
/opt/airflow/dags/youtube_pipeline.py                           1           0  0.08s           2026-05-13T19:37:46
================================================================================
[2026-05-13T19:38:38.035+0000] {manager.py:878} INFO - 
================================================================================
DAG File Processing Stats

File Path                              PID    Runtime      # DAGs    # Errors  Last Runtime    Last Run
-------------------------------------  -----  ---------  --------  ----------  --------------  -------------------
/opt/airflow/dags/youtube_pipeline.py                           1           0  0.08s           2026-05-13T19:38:16
================================================================================
[2026-05-13T19:39:08.316+0000] {manager.py:878} INFO - 
================================================================================
DAG File Processing Stats

File Path                              PID    Runtime      # DAGs    # Errors  Last Runtime    Last Run
-------------------------------------  -----  ---------  --------  ----------  --------------  -------------------
/opt/airflow/dags/youtube_pipeline.py                           1           0  0.08s           2026-05-13T19:38:47
================================================================================
[2026-05-13T19:39:38.574+0000] {manager.py:878} INFO - 
================================================================================
DAG File Processing Stats

File Path                              PID    Runtime      # DAGs    # Errors  Last Runtime    Last Run
-------------------------------------  -----  ---------  --------  ----------  --------------  -------------------
/opt/airflow/dags/youtube_pipeline.py                           1           0  0.08s           2026-05-13T19:39:17
================================================================================
[2026-05-13T19:40:08.851+0000] {manager.py:878} INFO - 
================================================================================
DAG File Processing Stats

File Path                              PID    Runtime      # DAGs    # Errors  Last Runtime    Last Run
-------------------------------------  -----  ---------  --------  ----------  --------------  -------------------
/opt/airflow/dags/youtube_pipeline.py                           1           0  0.08s           2026-05-13T19:39:47
================================================================================
[2026-05-13T19:40:39.105+0000] {manager.py:878} INFO - 
================================================================================
DAG File Processing Stats

File Path                              PID    Runtime      # DAGs    # Errors  Last Runtime    Last Run
-------------------------------------  -----  ---------  --------  ----------  --------------  -------------------
/opt/airflow/dags/youtube_pipeline.py                           1           0  0.08s           2026-05-13T19:40:18
================================================================================
[2026-05-13T19:40:42.130+0000] {manager.py:737} INFO - Searching for files in /opt/airflow/dags
[2026-05-13T19:40:42.134+0000] {manager.py:740} INFO - There are 1 files in /opt/airflow/dags
[2026-05-13T19:41:09.358+0000] {manager.py:878} INFO - 
================================================================================
DAG File Processing Stats

File Path                              PID    Runtime      # DAGs    # Errors  Last Runtime    Last Run
-------------------------------------  -----  ---------  --------  ----------  --------------  -------------------
/opt/airflow/dags/youtube_pipeline.py                           1           0  0.08s           2026-05-13T19:40:48
================================================================================
[2026-05-13T19:41:39.623+0000] {manager.py:878} INFO - 
================================================================================
DAG File Processing Stats

File Path                              PID    Runtime      # DAGs    # Errors  Last Runtime    Last Run
-------------------------------------  -----  ---------  --------  ----------  --------------  -------------------
/opt/airflow/dags/youtube_pipeline.py                           1           0  0.08s           2026-05-13T19:41:18
================================================================================
[2026-05-13T19:42:09.881+0000] {manager.py:878} INFO - 
================================================================================
DAG File Processing Stats

File Path                              PID    Runtime      # DAGs    # Errors  Last Runtime    Last Run
-------------------------------------  -----  ---------  --------  ----------  --------------  -------------------
/opt/airflow/dags/youtube_pipeline.py                           1           0  0.08s           2026-05-13T19:41:48
================================================================================
[2026-05-13T19:42:40.147+0000] {manager.py:878} INFO - 
================================================================================
DAG File Processing Stats

File Path                              PID    Runtime      # DAGs    # Errors  Last Runtime    Last Run
-------------------------------------  -----  ---------  --------  ----------  --------------  -------------------
/opt/airflow/dags/youtube_pipeline.py                           1           0  0.08s           2026-05-13T19:42:19
================================================================================
[2026-05-13T19:43:10.411+0000] {manager.py:878} INFO - 
================================================================================
DAG File Processing Stats

File Path                              PID    Runtime      # DAGs    # Errors  Last Runtime    Last Run
-------------------------------------  -----  ---------  --------  ----------  --------------  -------------------
/opt/airflow/dags/youtube_pipeline.py                           1           0  0.09s           2026-05-13T19:42:49
================================================================================
[2026-05-13T19:43:40.708+0000] {manager.py:878} INFO - 
================================================================================
DAG File Processing Stats

File Path                              PID    Runtime      # DAGs    # Errors  Last Runtime    Last Run
-------------------------------------  -----  ---------  --------  ----------  --------------  -------------------
/opt/airflow/dags/youtube_pipeline.py                           1           0  0.08s           2026-05-13T19:43:19
================================================================================
[2026-05-13T19:44:10.943+0000] {manager.py:878} INFO - 
================================================================================
DAG File Processing Stats

File Path                              PID    Runtime      # DAGs    # Errors  Last Runtime    Last Run
-------------------------------------  -----  ---------  --------  ----------  --------------  -------------------
/opt/airflow/dags/youtube_pipeline.py                           1           0  0.09s           2026-05-13T19:43:49
================================================================================
[2026-05-13T19:44:41.241+0000] {manager.py:878} INFO - 
================================================================================
DAG File Processing Stats

File Path                              PID    Runtime      # DAGs    # Errors  Last Runtime    Last Run
-------------------------------------  -----  ---------  --------  ----------  --------------  -------------------
/opt/airflow/dags/youtube_pipeline.py                           1           0  0.08s           2026-05-13T19:44:20
================================================================================
[2026-05-13T19:45:11.493+0000] {manager.py:878} INFO - 
================================================================================
DAG File Processing Stats

File Path                              PID    Runtime      # DAGs    # Errors  Last Runtime    Last Run
-------------------------------------  -----  ---------  --------  ----------  --------------  -------------------
/opt/airflow/dags/youtube_pipeline.py                           1           0  0.08s           2026-05-13T19:44:50
================================================================================
[2026-05-13T19:45:41.788+0000] {manager.py:878} INFO - 
================================================================================
DAG File Processing Stats

File Path                              PID    Runtime      # DAGs    # Errors  Last Runtime    Last Run
-------------------------------------  -----  ---------  --------  ----------  --------------  -------------------
/opt/airflow/dags/youtube_pipeline.py                           1           0  0.08s           2026-05-13T19:45:20
================================================================================
[2026-05-13T19:45:42.796+0000] {manager.py:737} INFO - Searching for files in /opt/airflow/dags
[2026-05-13T19:45:42.803+0000] {manager.py:740} INFO - There are 1 files in /opt/airflow/dags
[2026-05-13T19:46:12.062+0000] {manager.py:878} INFO - 
================================================================================
DAG File Processing Stats

File Path                              PID    Runtime      # DAGs    # Errors  Last Runtime    Last Run
-------------------------------------  -----  ---------  --------  ----------  --------------  -------------------
/opt/airflow/dags/youtube_pipeline.py                           1           0  0.08s           2026-05-13T19:45:50
================================================================================
[2026-05-13T19:46:42.321+0000] {manager.py:878} INFO - 
================================================================================
DAG File Processing Stats

File Path                              PID    Runtime      # DAGs    # Errors  Last Runtime    Last Run
-------------------------------------  -----  ---------  --------  ----------  --------------  -------------------
/opt/airflow/dags/youtube_pipeline.py                           1           0  0.08s           2026-05-13T19:46:21
================================================================================
[2026-05-13T19:47:12.579+0000] {manager.py:878} INFO - 
================================================================================
DAG File Processing Stats

File Path                              PID    Runtime      # DAGs    # Errors  Last Runtime    Last Run
-------------------------------------  -----  ---------  --------  ----------  --------------  -------------------
/opt/airflow/dags/youtube_pipeline.py                           1           0  0.08s           2026-05-13T19:46:51
================================================================================
[2026-05-13T19:47:42.870+0000] {manager.py:878} INFO - 
================================================================================
DAG File Processing Stats

File Path                              PID    Runtime      # DAGs    # Errors  Last Runtime    Last Run
-------------------------------------  -----  ---------  --------  ----------  --------------  -------------------
/opt/airflow/dags/youtube_pipeline.py                           1           0  0.08s           2026-05-13T19:47:21
================================================================================
[2026-05-13T19:48:13.153+0000] {manager.py:878} INFO - 
================================================================================
DAG File Processing Stats

File Path                              PID    Runtime      # DAGs    # Errors  Last Runtime    Last Run
-------------------------------------  -----  ---------  --------  ----------  --------------  -------------------
/opt/airflow/dags/youtube_pipeline.py                           1           0  0.08s           2026-05-13T19:47:52
================================================================================
[2026-05-13T19:48:43.448+0000] {manager.py:878} INFO - 
================================================================================
DAG File Processing Stats

File Path                              PID    Runtime      # DAGs    # Errors  Last Runtime    Last Run
-------------------------------------  -----  ---------  --------  ----------  --------------  -------------------
/opt/airflow/dags/youtube_pipeline.py                           1           0  0.08s           2026-05-13T19:48:22
================================================================================
[2026-05-13T19:49:13.745+0000] {manager.py:878} INFO - 
================================================================================
DAG File Processing Stats

File Path                              PID    Runtime      # DAGs    # Errors  Last Runtime    Last Run
-------------------------------------  -----  ---------  --------  ----------  --------------  -------------------
/opt/airflow/dags/youtube_pipeline.py                           1           0  0.08s           2026-05-13T19:48:52
================================================================================
[2026-05-13T19:49:44.010+0000] {manager.py:878} INFO - 
================================================================================
DAG File Processing Stats

File Path                              PID    Runtime      # DAGs    # Errors  Last Runtime    Last Run
-------------------------------------  -----  ---------  --------  ----------  --------------  -------------------
/opt/airflow/dags/youtube_pipeline.py                           1           0  0.08s           2026-05-13T19:49:22
================================================================================
[2026-05-13T19:50:14.302+0000] {manager.py:878} INFO - 
================================================================================
DAG File Processing Stats

File Path                              PID    Runtime      # DAGs    # Errors  Last Runtime    Last Run
-------------------------------------  -----  ---------  --------  ----------  --------------  -------------------
/opt/airflow/dags/youtube_pipeline.py                           1           0  0.08s           2026-05-13T19:49:53
================================================================================
[2026-05-13T19:50:19.248+0000] {manager.py:452} INFO - Exiting gracefully upon receiving signal 15
