[2026-05-12T19:10:10.165+0000] {local_task_job_runner.py:120} INFO - ::group::Pre task execution logs
[2026-05-12T19:10:10.175+0000] {taskinstance.py:2073} INFO - Dependencies all met for dep_context=non-requeueable deps ti=<TaskInstance: youtube_pipeline.transform_videos manual__2026-05-12T19:10:08.975810+00:00 [queued]>
[2026-05-12T19:10:10.177+0000] {taskinstance.py:2073} INFO - Dependencies all met for dep_context=requeueable deps ti=<TaskInstance: youtube_pipeline.transform_videos manual__2026-05-12T19:10:08.975810+00:00 [queued]>
[2026-05-12T19:10:10.178+0000] {taskinstance.py:2303} INFO - Starting attempt 1 of 1
[2026-05-12T19:10:10.181+0000] {taskinstance.py:2327} INFO - Executing <Task(PythonOperator): transform_videos> on 2026-05-12 19:10:08.975810+00:00
[2026-05-12T19:10:10.184+0000] {logging_mixin.py:188} WARNING - /home/airflow/.local/lib/python3.12/site-packages/airflow/task/task_runner/standard_task_runner.py:61 DeprecationWarning: This process (pid=207) is multi-threaded, use of fork() may lead to deadlocks in the child.
[2026-05-12T19:10:10.184+0000] {standard_task_runner.py:90} INFO - Running: ['airflow', 'tasks', 'run', 'youtube_pipeline', 'transform_videos', 'manual__2026-05-12T19:10:08.975810+00:00', '--job-id', '22', '--raw', '--subdir', 'DAGS_FOLDER/youtube_pipeline.py', '--cfg-path', '/tmp/tmp2zmh0rfh']
[2026-05-12T19:10:10.185+0000] {standard_task_runner.py:91} INFO - Job 22: Subtask transform_videos
[2026-05-12T19:10:10.184+0000] {standard_task_runner.py:63} INFO - Started process 208 to run task
[2026-05-12T19:10:10.201+0000] {task_command.py:426} INFO - Running <TaskInstance: youtube_pipeline.transform_videos manual__2026-05-12T19:10:08.975810+00:00 [running]> on host 2b3e220492ec
[2026-05-12T19:10:10.225+0000] {taskinstance.py:2644} INFO - Exporting env vars: AIRFLOW_CTX_DAG_OWNER='airflow' AIRFLOW_CTX_DAG_ID='youtube_pipeline' AIRFLOW_CTX_TASK_ID='transform_videos' AIRFLOW_CTX_EXECUTION_DATE='2026-05-12T19:10:08.975810+00:00' AIRFLOW_CTX_TRY_NUMBER='1' AIRFLOW_CTX_DAG_RUN_ID='manual__2026-05-12T19:10:08.975810+00:00'
[2026-05-12T19:10:10.225+0000] {taskinstance.py:430} INFO - ::endgroup::
[2026-05-12T19:10:10.234+0000] {logging_mixin.py:188} INFO - Found 6 videos
[2026-05-12T19:10:10.234+0000] {logging_mixin.py:188} INFO - {'id': {'kind': 'youtube#video', 'videoId': '_-DzZeixu0w'}, 'etag': 'QPj1ZO11EPt-nOmeEBzjw25zQkA', 'kind': 'youtube#searchResult', 'snippet': {'title': 'How I Would Learn to be a Data Engineer', 'channelId': 'UCLLw7jmFsvfIVaUFsLs8mlQ', 'thumbnails': {'high': {'url': 'https://i.ytimg.com/vi/_-DzZeixu0w/hqdefault.jpg', 'width': 480, 'height': 360}, 'medium': {'url': 'https://i.ytimg.com/vi/_-DzZeixu0w/mqdefault.jpg', 'width': 320, 'height': 180}, 'default': {'url': 'https://i.ytimg.com/vi/_-DzZeixu0w/default.jpg', 'width': 120, 'height': 90}}, 'description': 'My FREE Course to be a Data Engineer https://lukeb.co/de-crash-course My Job Market Analytics App https://datanerd.tech ...', 'publishTime': '2026-05-11T12:01:04Z', 'publishedAt': '2026-05-11T12:01:04Z', 'channelTitle': 'Luke Barousse', 'liveBroadcastContent': 'none'}}
[2026-05-12T19:10:10.235+0000] {logging_mixin.py:188} INFO - {'id': {'kind': 'youtube#video', 'videoId': 'vic8GXRYfRE'}, 'etag': 'acky0KV5LS2FfiIlReuxFQ8yPwA', 'kind': 'youtube#searchResult', 'snippet': {'title': 'Data Engineer JUNIOR : Tout ce que tu devrais savoir', 'channelId': 'UCnblkfNg9uYsToP2hLXSjWA', 'thumbnails': {'high': {'url': 'https://i.ytimg.com/vi/vic8GXRYfRE/hqdefault.jpg', 'width': 480, 'height': 360}, 'medium': {'url': 'https://i.ytimg.com/vi/vic8GXRYfRE/mqdefault.jpg', 'width': 320, 'height': 180}, 'default': {'url': 'https://i.ytimg.com/vi/vic8GXRYfRE/default.jpg', 'width': 120, 'height': 90}}, 'description': 'Dans cette nouvelle vidéo, je te parle de "Data Engineer JUNIOR : Tout ce que les devraient savoir" ✓ Abonne-toi en cliquant ici ...', 'publishTime': '2024-07-23T13:30:24Z', 'publishedAt': '2024-07-23T13:30:24Z', 'channelTitle': 'Data From Scratch - Willis', 'liveBroadcastContent': 'none'}}
[2026-05-12T19:10:10.235+0000] {logging_mixin.py:188} INFO - {'id': {'kind': 'youtube#video', 'videoId': 'fX4rMm0UO3Q'}, 'etag': '7ChCYhVCoTdivp-fHy4DVfZB7xw', 'kind': 'youtube#searchResult', 'snippet': {'title': 'Data Engineering Roadmap 2025: How to Become a Data Engineer', 'channelId': 'UCpZvjnmZ_90gtfXd6liRG_A', 'thumbnails': {'high': {'url': 'https://i.ytimg.com/vi/fX4rMm0UO3Q/hqdefault.jpg', 'width': 480, 'height': 360}, 'medium': {'url': 'https://i.ytimg.com/vi/fX4rMm0UO3Q/mqdefault.jpg', 'width': 320, 'height': 180}, 'default': {'url': 'https://i.ytimg.com/vi/fX4rMm0UO3Q/default.jpg', 'width': 120, 'height': 90}}, 'description': "Last year's video on this topic was a big success! This one's even better. You've probably seen DE salaries …and wondered: “Is ...", 'publishTime': '2025-05-24T16:43:44Z', 'publishedAt': '2025-05-24T16:43:44Z', 'channelTitle': 'Nataindata', 'liveBroadcastContent': 'none'}}
[2026-05-12T19:10:10.235+0000] {logging_mixin.py:188} INFO - {'id': {'kind': 'youtube#video', 'videoId': 'hTjo-QVWcK0'}, 'etag': 'MlxRhGMHYL7h2nAw2coKiFbkwsA', 'kind': 'youtube#searchResult', 'snippet': {'title': 'What Does a Data Engineer ACTUALLY Do?', 'channelId': 'UCw_LFe2pS8x3NyipGNJgeEA', 'thumbnails': {'high': {'url': 'https://i.ytimg.com/vi/hTjo-QVWcK0/hqdefault.jpg', 'width': 480, 'height': 360}, 'medium': {'url': 'https://i.ytimg.com/vi/hTjo-QVWcK0/mqdefault.jpg', 'width': 320, 'height': 180}, 'default': {'url': 'https://i.ytimg.com/vi/hTjo-QVWcK0/default.jpg', 'width': 120, 'height': 90}}, 'description': 'Free Data Analyst Roadmap: https://learnwithlukas.com/da Data Analyst Certification: https://datacamp.pxf.io/lukasanalyst ...', 'publishTime': '2023-11-07T11:57:18Z', 'publishedAt': '2023-11-07T11:57:18Z', 'channelTitle': 'Learn with Lukas', 'liveBroadcastContent': 'none'}}
[2026-05-12T19:10:10.235+0000] {logging_mixin.py:188} INFO - {'id': {'kind': 'youtube#video', 'videoId': 'NwQtOLJNtlo'}, 'etag': 'vqeRzch11C3u6SDz-B5oUNozRLY', 'kind': 'youtube#searchResult', 'snippet': {'title': 'Starting a Career in Data Engineering 10 Thing I Wish I Knew…', 'channelId': 'UCpZvjnmZ_90gtfXd6liRG_A', 'thumbnails': {'high': {'url': 'https://i.ytimg.com/vi/NwQtOLJNtlo/hqdefault.jpg', 'width': 480, 'height': 360}, 'medium': {'url': 'https://i.ytimg.com/vi/NwQtOLJNtlo/mqdefault.jpg', 'width': 320, 'height': 180}, 'default': {'url': 'https://i.ytimg.com/vi/NwQtOLJNtlo/default.jpg', 'width': 120, 'height': 90}}, 'description': "In this video, I'm focusing on common mistakes to avoid as you start your journey to becoming a data engineer. These insights are ...", 'publishTime': '2024-11-29T19:45:11Z', 'publishedAt': '2024-11-29T19:45:11Z', 'channelTitle': 'Nataindata', 'liveBroadcastContent': 'none'}}
[2026-05-12T19:10:10.235+0000] {logging_mixin.py:188} INFO - {'id': {'kind': 'youtube#video', 'videoId': 'aeU16TEcVcs'}, 'etag': 'og6V3B0npu92T5gcsVFbYW9cKNc', 'kind': 'youtube#searchResult', 'snippet': {'title': 'Data Engineering en 2025 : Ce que Vous Devez Absolument Savoir !', 'channelId': 'UCoincaYNa5FBdi-I5oqHAMw', 'thumbnails': {'high': {'url': 'https://i.ytimg.com/vi/aeU16TEcVcs/hqdefault.jpg', 'width': 480, 'height': 360}, 'medium': {'url': 'https://i.ytimg.com/vi/aeU16TEcVcs/mqdefault.jpg', 'width': 320, 'height': 180}, 'default': {'url': 'https://i.ytimg.com/vi/aeU16TEcVcs/default.jpg', 'width': 120, 'height': 90}}, 'description': 'Data Engineering en 2025 : Ce que Vous Devez Absolument Savoir ! Comprendre le Rôle et les Défis des Data Engineers avec ...', 'publishTime': '2024-11-18T06:30:06Z', 'publishedAt': '2024-11-18T06:30:06Z', 'channelTitle': 'LeCoinStat', 'liveBroadcastContent': 'none'}}
[2026-05-12T19:10:10.236+0000] {taskinstance.py:441} INFO - ::group::Post task execution logs
[2026-05-12T19:10:10.236+0000] {taskinstance.py:2890} ERROR - Task failed with exception
Traceback (most recent call last):
  File "/home/airflow/.local/lib/python3.12/site-packages/airflow/models/taskinstance.py", line 465, in _execute_task
    result = _execute_callable(context=context, **execute_callable_kwargs)
             ^^^^^^^^^^^^^^^^^^^^^^^^^^^^^^^^^^^^^^^^^^^^^^^^^^^^^^^^^^^^^
  File "/home/airflow/.local/lib/python3.12/site-packages/airflow/models/taskinstance.py", line 432, in _execute_callable
    return execute_callable(context=context, **execute_callable_kwargs)
           ^^^^^^^^^^^^^^^^^^^^^^^^^^^^^^^^^^^^^^^^^^^^^^^^^^^^^^^^^^^^
  File "/home/airflow/.local/lib/python3.12/site-packages/airflow/models/baseoperator.py", line 400, in wrapper
    return func(self, *args, **kwargs)
           ^^^^^^^^^^^^^^^^^^^^^^^^^^^
  File "/home/airflow/.local/lib/python3.12/site-packages/airflow/operators/python.py", line 235, in execute
    return_value = self.execute_callable()
                   ^^^^^^^^^^^^^^^^^^^^^^^
  File "/home/airflow/.local/lib/python3.12/site-packages/airflow/operators/python.py", line 252, in execute_callable
    return self.python_callable(*self.op_args, **self.op_kwargs)
           ^^^^^^^^^^^^^^^^^^^^^^^^^^^^^^^^^^^^^^^^^^^^^^^^^^^^^
  File "/opt/airflow/dags/youtube_pipeline.py", line 16, in transform
    run_transform()
  File "/opt/airflow/app/transform_videos.py", line 106, in run_transform
    conn.commit()
    ^^^^^^^^^^^
AttributeError: 'Connection' object has no attribute 'commit'
[2026-05-12T19:10:10.239+0000] {taskinstance.py:1205} INFO - Marking task as FAILED. dag_id=youtube_pipeline, task_id=transform_videos, execution_date=20260512T191008, start_date=20260512T191010, end_date=20260512T191010
[2026-05-12T19:10:10.242+0000] {standard_task_runner.py:110} ERROR - Failed to execute job 22 for task transform_videos ('Connection' object has no attribute 'commit'; 208)
[2026-05-12T19:10:10.284+0000] {local_task_job_runner.py:240} INFO - Task exited with return code 1
[2026-05-12T19:10:10.291+0000] {taskinstance.py:3482} INFO - 0 downstream tasks scheduled from follow-on schedule check
[2026-05-12T19:10:10.291+0000] {local_task_job_runner.py:222} INFO - ::endgroup::
